<?xml version="1.0" encoding="UTF-8"?>
<testsuite xmlns:xsi="http://www.w3.org/2001/XMLSchema-instance" xsi:noNamespaceSchemaLocation="https://maven.apache.org/surefire/maven-surefire-plugin/xsd/surefire-test-report-3.0.xsd" version="3.0" name="com.cloud.CloudUploaderTest" time="7.838" tests="4" errors="0" skipped="0" failures="0">
  <properties>
[...]
</properties>
  <testcase name="testDownloadFailure" classname="com.cloud.CloudUploaderTest" time="1.451">
    <system-out><![CDATA[15:01:14.000 [main] DEBUG software.amazon.awssdk.core.internal.http.loader.ClasspathSdkHttpServiceProvider - The HTTP implementation loaded is software.amazon.awssdk.http.apache.ApacheSdkHttpService@64a8c844
15:01:14.810 [main] DEBUG software.amazon.awssdk.core.interceptor.ExecutionInterceptorChain - Creating an interceptor chain that will apply interceptors in the following order: [software.amazon.awssdk.core.internal.interceptor.HttpChecksumValidationInterceptor@7ff2b8d2, software.amazon.awssdk.awscore.interceptor.HelpfulUnknownHostExceptionInterceptor@6dc1484, software.amazon.awssdk.awscore.eventstream.EventStreamInitialRequestInterceptor@6e92c6ad, software.amazon.awssdk.awscore.interceptor.TraceIdExecutionInterceptor@2fb5fe30, software.amazon.awssdk.services.s3.auth.scheme.internal.S3AuthSchemeInterceptor@456be73c, software.amazon.awssdk.services.s3.endpoints.internal.S3ResolveEndpointInterceptor@2375b321, software.amazon.awssdk.services.s3.endpoints.internal.S3RequestSetEndpointInterceptor@5baaae4c, software.amazon.awssdk.services.s3.internal.handlers.StreamingRequestInterceptor@5b6e8f77, software.amazon.awssdk.services.s3.internal.handlers.CreateBucketInterceptor@41a6d121, software.amazon.awssdk.services.s3.internal.handlers.CreateMultipartUploadRequestInterceptor@4f449e8f, software.amazon.awssdk.services.s3.internal.handlers.DecodeUrlEncodedResponseInterceptor@411291e5, software.amazon.awssdk.services.s3.internal.handlers.GetBucketPolicyInterceptor@6e28bb87, software.amazon.awssdk.services.s3.internal.handlers.S3ExpressChecksumInterceptor@19f040ba, software.amazon.awssdk.services.s3.internal.handlers.AsyncChecksumValidationInterceptor@72ab05ed, software.amazon.awssdk.services.s3.internal.handlers.SyncChecksumValidationInterceptor@27e32fe4, software.amazon.awssdk.services.s3.internal.handlers.EnableTrailingChecksumInterceptor@c3c4c1c, software.amazon.awssdk.services.s3.internal.handlers.ExceptionTranslationInterceptor@17d238b1, software.amazon.awssdk.services.s3.internal.handlers.GetObjectInterceptor@3d7cc3cb, software.amazon.awssdk.services.s3.internal.handlers.CopySourceInterceptor@35e478f, software.amazon.awssdk.services.s3.internal.handlers.ObjectMetadataInterceptor@6d6cb754, software.amazon.awssdk.transfer.s3.internal.ApplyUserAgentInterceptor@6b7d1df8]
15:01:14.909 [main] DEBUG software.amazon.awssdk.auth.credentials.AwsCredentialsProviderChain - Unable to load credentials from SystemPropertyCredentialsProvider(): Unable to load credentials from system settings. Access key must be specified either via environment variable (AWS_ACCESS_KEY_ID) or system property (aws.accessKeyId).
software.amazon.awssdk.core.exception.SdkClientException: Unable to load credentials from system settings. Access key must be specified either via environment variable (AWS_ACCESS_KEY_ID) or system property (aws.accessKeyId).
	at software.amazon.awssdk.core.exception.SdkClientException$BuilderImpl.build(SdkClientException.java:111)
	at software.amazon.awssdk.auth.credentials.internal.SystemSettingsCredentialsProvider.resolveCredentials(SystemSettingsCredentialsProvider.java:60)
	at software.amazon.awssdk.auth.credentials.AwsCredentialsProvider.resolveIdentity(AwsCredentialsProvider.java:54)
	at software.amazon.awssdk.identity.spi.IdentityProvider.resolveIdentity(IdentityProvider.java:60)
	at software.amazon.awssdk.auth.credentials.AwsCredentialsProviderChain.resolveCredentials(AwsCredentialsProviderChain.java:109)
	at software.amazon.awssdk.auth.credentials.internal.LazyAwsCredentialsProvider.resolveCredentials(LazyAwsCredentialsProvider.java:45)
	at software.amazon.awssdk.auth.credentials.DefaultCredentialsProvider.resolveCredentials(DefaultCredentialsProvider.java:129)
	at software.amazon.awssdk.auth.credentials.AwsCredentialsProvider.resolveIdentity(AwsCredentialsProvider.java:54)
	at software.amazon.awssdk.services.s3.auth.scheme.internal.S3AuthSchemeInterceptor.lambda$trySelectAuthScheme$4(S3AuthSchemeInterceptor.java:162)
	at software.amazon.awssdk.core.internal.util.MetricUtils.reportDuration(MetricUtils.java:77)
	at software.amazon.awssdk.services.s3.auth.scheme.internal.S3AuthSchemeInterceptor.trySelectAuthScheme(S3AuthSchemeInterceptor.java:162)
	at software.amazon.awssdk.services.s3.auth.scheme.internal.S3AuthSchemeInterceptor.selectAuthScheme(S3AuthSchemeInterceptor.java:84)
	at software.amazon.awssdk.services.s3.auth.scheme.internal.S3AuthSchemeInterceptor.beforeExecution(S3AuthSchemeInterceptor.java:64)
	at software.amazon.awssdk.core.interceptor.ExecutionInterceptorChain.lambda$beforeExecution$1(ExecutionInterceptorChain.java:59)
	at java.base/java.util.ArrayList.forEach(ArrayList.java:1597)
	at software.amazon.awssdk.core.interceptor.ExecutionInterceptorChain.beforeExecution(ExecutionInterceptorChain.java:59)
	at software.amazon.awssdk.awscore.internal.AwsExecutionContextBuilder.runInitialInterceptors(AwsExecutionContextBuilder.java:241)
	at software.amazon.awssdk.awscore.internal.AwsExecutionContextBuilder.invokeInterceptorsAndCreateExecutionContext(AwsExecutionContextBuilder.java:132)
	at software.amazon.awssdk.awscore.client.handler.AwsSyncClientHandler.invokeInterceptorsAndCreateExecutionContext(AwsSyncClientHandler.java:67)
	at software.amazon.awssdk.core.internal.handler.BaseSyncClientHandler.lambda$execute$0(BaseSyncClientHandler.java:62)
	at software.amazon.awssdk.core.internal.handler.BaseSyncClientHandler.measureApiCallSuccess(BaseSyncClientHandler.java:182)
	at software.amazon.awssdk.core.internal.handler.BaseSyncClientHandler.execute(BaseSyncClientHandler.java:60)
	at software.amazon.awssdk.core.client.handler.SdkSyncClientHandler.execute(SdkSyncClientHandler.java:52)
	at software.amazon.awssdk.awscore.client.handler.AwsSyncClientHandler.execute(AwsSyncClientHandler.java:60)
	at software.amazon.awssdk.services.s3.DefaultS3Client.getObject(DefaultS3Client.java:5203)
	at software.amazon.awssdk.services.s3.S3Client.getObjectAsBytes(S3Client.java:9542)
	at com.cloud.CloudUploaderTest$2.download(CloudUploaderTest.java:104)
	at com.cloud.CloudUploaderTest.testDownloadFailure(CloudUploaderTest.java:116)
	at java.base/jdk.internal.reflect.DirectMethodHandleAccessor.invoke(DirectMethodHandleAccessor.java:103)
	at java.base/java.lang.reflect.Method.invoke(Method.java:580)
	at org.junit.platform.commons.util.ReflectionUtils.invokeMethod(ReflectionUtils.java:725)
	at org.junit.jupiter.engine.execution.MethodInvocation.proceed(MethodInvocation.java:60)
	at org.junit.jupiter.engine.execution.InvocationInterceptorChain$ValidatingInvocation.proceed(InvocationInterceptorChain.java:131)
	at org.junit.jupiter.engine.extension.TimeoutExtension.intercept(TimeoutExtension.java:149)
	at org.junit.jupiter.engine.extension.TimeoutExtension.interceptTestableMethod(TimeoutExtension.java:140)
	at org.junit.jupiter.engine.extension.TimeoutExtension.interceptTestMethod(TimeoutExtension.java:84)
	at org.junit.jupiter.engine.execution.ExecutableInvoker$ReflectiveInterceptorCall.lambda$ofVoidMethod$0(ExecutableInvoker.java:115)
	at org.junit.jupiter.engine.execution.ExecutableInvoker.lambda$invoke$0(ExecutableInvoker.java:105)
	at org.junit.jupiter.engine.execution.InvocationInterceptorChain$InterceptedInvocation.proceed(InvocationInterceptorChain.java:106)
	at org.junit.jupiter.engine.execution.InvocationInterceptorChain.proceed(InvocationInterceptorChain.java:64)
	at org.junit.jupiter.engine.execution.InvocationInterceptorChain.chainAndInvoke(InvocationInterceptorChain.java:45)
	at org.junit.jupiter.engine.execution.InvocationInterceptorChain.invoke(InvocationInterceptorChain.java:37)
	at org.junit.jupiter.engine.execution.ExecutableInvoker.invoke(ExecutableInvoker.java:104)
	at org.junit.jupiter.engine.execution.ExecutableInvoker.invoke(ExecutableInvoker.java:98)
	at org.junit.jupiter.engine.descriptor.TestMethodTestDescriptor.lambda$invokeTestMethod$7(TestMethodTestDescriptor.java:214)
	at org.junit.platform.engine.support.hierarchical.ThrowableCollector.execute(ThrowableCollector.java:73)
	at org.junit.jupiter.engine.descriptor.TestMethodTestDescriptor.invokeTestMethod(TestMethodTestDescriptor.java:210)
	at org.junit.jupiter.engine.descriptor.TestMethodTestDescriptor.execute(TestMethodTestDescriptor.java:135)
	at org.junit.jupiter.engine.descriptor.TestMethodTestDescriptor.execute(TestMethodTestDescriptor.java:66)
	at org.junit.platform.engine.support.hierarchical.NodeTestTask.lambda$executeRecursively$6(NodeTestTask.java:151)
	at org.junit.platform.engine.support.hierarchical.ThrowableCollector.execute(ThrowableCollector.java:73)
	at org.junit.platform.engine.support.hierarchical.NodeTestTask.lambda$executeRecursively$8(NodeTestTask.java:141)
	at org.junit.platform.engine.support.hierarchical.Node.around(Node.java:137)
	at org.junit.platform.engine.support.hierarchical.NodeTestTask.lambda$executeRecursively$9(NodeTestTask.java:139)
	at org.junit.platform.engine.support.hierarchical.ThrowableCollector.execute(ThrowableCollector.java:73)
	at org.junit.platform.engine.support.hierarchical.NodeTestTask.executeRecursively(NodeTestTask.java:138)
	at org.junit.platform.engine.support.hierarchical.NodeTestTask.execute(NodeTestTask.java:95)
	at java.base/java.util.ArrayList.forEach(ArrayList.java:1597)
	at org.junit.platform.engine.support.hierarchical.SameThreadHierarchicalTestExecutorService.invokeAll(SameThreadHierarchicalTestExecutorService.java:41)
	at org.junit.platform.engine.support.hierarchical.NodeTestTask.lambda$executeRecursively$6(NodeTestTask.java:155)
	at org.junit.platform.engine.support.hierarchical.ThrowableCollector.execute(ThrowableCollector.java:73)
	at org.junit.platform.engine.support.hierarchical.NodeTestTask.lambda$executeRecursively$8(NodeTestTask.java:141)
	at org.junit.platform.engine.support.hierarchical.Node.around(Node.java:137)
	at org.junit.platform.engine.support.hierarchical.NodeTestTask.lambda$executeRecursively$9(NodeTestTask.java:139)
	at org.junit.platform.engine.support.hierarchical.ThrowableCollector.execute(ThrowableCollector.java:73)
	at org.junit.platform.engine.support.hierarchical.NodeTestTask.executeRecursively(NodeTestTask.java:138)
	at org.junit.platform.engine.support.hierarchical.NodeTestTask.execute(NodeTestTask.java:95)
	at java.base/java.util.ArrayList.forEach(ArrayList.java:1597)
	at org.junit.platform.engine.support.hierarchical.SameThreadHierarchicalTestExecutorService.invokeAll(SameThreadHierarchicalTestExecutorService.java:41)
	at org.junit.platform.engine.support.hierarchical.NodeTestTask.lambda$executeRecursively$6(NodeTestTask.java:155)
	at org.junit.platform.engine.support.hierarchical.ThrowableCollector.execute(ThrowableCollector.java:73)
	at org.junit.platform.engine.support.hierarchical.NodeTestTask.lambda$executeRecursively$8(NodeTestTask.java:141)
	at org.junit.platform.engine.support.hierarchical.Node.around(Node.java:137)
	at org.junit.platform.engine.support.hierarchical.NodeTestTask.lambda$executeRecursively$9(NodeTestTask.java:139)
	at org.junit.platform.engine.support.hierarchical.ThrowableCollector.execute(ThrowableCollector.java:73)
	at org.junit.platform.engine.support.hierarchical.NodeTestTask.executeRecursively(NodeTestTask.java:138)
	at org.junit.platform.engine.support.hierarchical.NodeTestTask.execute(NodeTestTask.java:95)
	at org.junit.platform.engine.support.hierarchical.SameThreadHierarchicalTestExecutorService.submit(SameThreadHierarchicalTestExecutorService.java:35)
	at org.junit.platform.engine.support.hierarchical.HierarchicalTestExecutor.execute(HierarchicalTestExecutor.java:57)
	at org.junit.platform.engine.support.hierarchical.HierarchicalTestEngine.execute(HierarchicalTestEngine.java:54)
	at org.junit.platform.launcher.core.EngineExecutionOrchestrator.execute(EngineExecutionOrchestrator.java:107)
	at org.junit.platform.launcher.core.EngineExecutionOrchestrator.execute(EngineExecutionOrchestrator.java:88)
	at org.junit.platform.launcher.core.EngineExecutionOrchestrator.lambda$execute$0(EngineExecutionOrchestrator.java:54)
	at org.junit.platform.launcher.core.EngineExecutionOrchestrator.withInterceptedStreams(EngineExecutionOrchestrator.java:67)
	at org.junit.platform.launcher.core.EngineExecutionOrchestrator.execute(EngineExecutionOrchestrator.java:52)
	at org.junit.platform.launcher.core.DefaultLauncher.execute(DefaultLauncher.java:114)
	at org.junit.platform.launcher.core.DefaultLauncher.execute(DefaultLauncher.java:86)
	at org.junit.platform.launcher.core.DefaultLauncherSession$DelegatingLauncher.execute(DefaultLauncherSession.java:86)
	at org.apache.maven.surefire.junitplatform.LazyLauncher.execute(LazyLauncher.java:56)
	at org.apache.maven.surefire.junitplatform.JUnitPlatformProvider.execute(JUnitPlatformProvider.java:184)
	at org.apache.maven.surefire.junitplatform.JUnitPlatformProvider.invokeAllTests(JUnitPlatformProvider.java:148)
	at org.apache.maven.surefire.junitplatform.JUnitPlatformProvider.invoke(JUnitPlatformProvider.java:122)
	at org.apache.maven.surefire.booter.ForkedBooter.runSuitesInProcess(ForkedBooter.java:385)
	at org.apache.maven.surefire.booter.ForkedBooter.execute(ForkedBooter.java:162)
	at org.apache.maven.surefire.booter.ForkedBooter.run(ForkedBooter.java:507)
	at org.apache.maven.surefire.booter.ForkedBooter.main(ForkedBooter.java:495)
15:01:14.921 [main] DEBUG software.amazon.awssdk.auth.credentials.AwsCredentialsProviderChain - Loading credentials from EnvironmentVariableCredentialsProvider()
15:01:14.937 [main] DEBUG software.amazon.awssdk.core.interceptor.ExecutionInterceptorChain - Interceptor 'software.amazon.awssdk.transfer.s3.internal.ApplyUserAgentInterceptor@6b7d1df8' modified the message with its modifyRequest method.
15:01:14.969 [main] DEBUG software.amazon.awssdk.core.interceptor.ExecutionInterceptorChain - Interceptor 'software.amazon.awssdk.services.s3.endpoints.internal.S3RequestSetEndpointInterceptor@5baaae4c' modified the message with its modifyHttpRequest method.
15:01:14.969 [main] DEBUG software.amazon.awssdk.core.interceptor.ExecutionInterceptorChain - Interceptor 'software.amazon.awssdk.services.s3.internal.handlers.EnableTrailingChecksumInterceptor@c3c4c1c' modified the message with its modifyHttpRequest method.
15:01:15.017 [main] DEBUG software.amazon.awssdk.request - Sending Request: DefaultSdkHttpFullRequest(httpMethod=GET, protocol=https, host=invalid-bucket-name.s3.eu-north-1.amazonaws.com, encodedPath=/cc, headers=[amz-sdk-invocation-id, User-Agent, x-amz-te], queryParameters=[])
15:01:15.017 [main] DEBUG software.amazon.awssdk.core.internal.http.pipeline.stages.SigningStage - Using SelectedAuthScheme: aws.auth#sigv4
15:01:15.048 [main] DEBUG software.amazon.awssdk.http.auth.aws.internal.signer.DefaultV4RequestSigner - AWS4 Canonical Request: GET
/cc

amz-sdk-invocation-id:f2834d74-9cb5-1c62-de2f-2468aa7d8950
amz-sdk-request:attempt=1; max=4
host:invalid-bucket-name.s3.eu-north-1.amazonaws.com
x-amz-content-sha256:UNSIGNED-PAYLOAD
x-amz-date:20240629T130115Z
x-amz-te:append-md5

amz-sdk-invocation-id;amz-sdk-request;host;x-amz-content-sha256;x-amz-date;x-amz-te
UNSIGNED-PAYLOAD
15:01:15.048 [main] DEBUG software.amazon.awssdk.http.auth.aws.internal.signer.DefaultV4RequestSigner - AWS4 Canonical Request Hash: 66d2b41d810e0e0bb578d2f5f8fe8a11e5ed502a6bb64a3a2b89c204fe1e4d92
15:01:15.048 [main] DEBUG software.amazon.awssdk.http.auth.aws.internal.signer.DefaultV4RequestSigner - AWS4 String to sign: AWS4-HMAC-SHA256
20240629T130115Z
20240629/eu-north-1/s3/aws4_request
66d2b41d810e0e0bb578d2f5f8fe8a11e5ed502a6bb64a3a2b89c204fe1e4d92
15:01:15.524 [main] DEBUG software.amazon.awssdk.http.apache.internal.conn.SdkTlsSocketFactory - socket.getSupportedProtocols(): [TLSv1.3, TLSv1.2, TLSv1.1, TLSv1, SSLv3, SSLv2Hello], socket.getEnabledProtocols(): [TLSv1.3, TLSv1.2]
15:01:15.952 [main] DEBUG software.amazon.awssdk.http.apache.internal.net.SdkSslSocket - created: invalid-bucket-name.s3.eu-north-1.amazonaws.com/3.5.216.59:443
15:01:16.079 [main] DEBUG software.amazon.awssdk.requestId - Received failed response: 301, Request ID: NA2RAQ6BJSMQG8T7, Extended Request ID: Ez55DpPWlkeLOE2tYaAH/brsCri1ZnIm+z9OAlye0PSdizbShUdbRXG/rT0Mecn5fXcMfJRtTbmnNI9XnTTdVR+LMyntPmpy
15:01:16.079 [main] DEBUG software.amazon.awssdk.request - Received failed response: 301, Request ID: NA2RAQ6BJSMQG8T7, Extended Request ID: Ez55DpPWlkeLOE2tYaAH/brsCri1ZnIm+z9OAlye0PSdizbShUdbRXG/rT0Mecn5fXcMfJRtTbmnNI9XnTTdVR+LMyntPmpy
]]></system-out>
    <system-err><![CDATA[software.amazon.awssdk.services.s3.model.S3Exception: The bucket you are attempting to access must be addressed using the specified endpoint. Please send all future requests to this endpoint. (Service: S3, Status Code: 301, Request ID: NA2RAQ6BJSMQG8T7, Extended Request ID: Ez55DpPWlkeLOE2tYaAH/brsCri1ZnIm+z9OAlye0PSdizbShUdbRXG/rT0Mecn5fXcMfJRtTbmnNI9XnTTdVR+LMyntPmpy)
	at software.amazon.awssdk.core.internal.http.CombinedResponseHandler.handleErrorResponse(CombinedResponseHandler.java:125)
	at software.amazon.awssdk.core.internal.http.CombinedResponseHandler.handleResponse(CombinedResponseHandler.java:82)
	at software.amazon.awssdk.core.internal.http.CombinedResponseHandler.handle(CombinedResponseHandler.java:60)
	at software.amazon.awssdk.core.internal.http.CombinedResponseHandler.handle(CombinedResponseHandler.java:41)
	at software.amazon.awssdk.core.internal.http.pipeline.stages.HandleResponseStage.execute(HandleResponseStage.java:50)
	at software.amazon.awssdk.core.internal.http.pipeline.stages.HandleResponseStage.execute(HandleResponseStage.java:38)
	at software.amazon.awssdk.core.internal.http.pipeline.RequestPipelineBuilder$ComposingRequestPipelineStage.execute(RequestPipelineBuilder.java:206)
	at software.amazon.awssdk.core.internal.http.pipeline.stages.ApiCallAttemptTimeoutTrackingStage.execute(ApiCallAttemptTimeoutTrackingStage.java:72)
	at software.amazon.awssdk.core.internal.http.pipeline.stages.ApiCallAttemptTimeoutTrackingStage.execute(ApiCallAttemptTimeoutTrackingStage.java:42)
	at software.amazon.awssdk.core.internal.http.pipeline.stages.TimeoutExceptionHandlingStage.execute(TimeoutExceptionHandlingStage.java:78)
	at software.amazon.awssdk.core.internal.http.pipeline.stages.TimeoutExceptionHandlingStage.execute(TimeoutExceptionHandlingStage.java:40)
	at software.amazon.awssdk.core.internal.http.pipeline.stages.ApiCallAttemptMetricCollectionStage.execute(ApiCallAttemptMetricCollectionStage.java:55)
	at software.amazon.awssdk.core.internal.http.pipeline.stages.ApiCallAttemptMetricCollectionStage.execute(ApiCallAttemptMetricCollectionStage.java:39)
	at software.amazon.awssdk.core.internal.http.pipeline.stages.RetryableStage.execute(RetryableStage.java:81)
	at software.amazon.awssdk.core.internal.http.pipeline.stages.RetryableStage.execute(RetryableStage.java:36)
	at software.amazon.awssdk.core.internal.http.pipeline.RequestPipelineBuilder$ComposingRequestPipelineStage.execute(RequestPipelineBuilder.java:206)
	at software.amazon.awssdk.core.internal.http.StreamManagingStage.execute(StreamManagingStage.java:56)
	at software.amazon.awssdk.core.internal.http.StreamManagingStage.execute(StreamManagingStage.java:36)
	at software.amazon.awssdk.core.internal.http.pipeline.stages.ApiCallTimeoutTrackingStage.executeWithTimer(ApiCallTimeoutTrackingStage.java:80)
	at software.amazon.awssdk.core.internal.http.pipeline.stages.ApiCallTimeoutTrackingStage.execute(ApiCallTimeoutTrackingStage.java:60)
	at software.amazon.awssdk.core.internal.http.pipeline.stages.ApiCallTimeoutTrackingStage.execute(ApiCallTimeoutTrackingStage.java:42)
	at software.amazon.awssdk.core.internal.http.pipeline.stages.ApiCallMetricCollectionStage.execute(ApiCallMetricCollectionStage.java:50)
	at software.amazon.awssdk.core.internal.http.pipeline.stages.ApiCallMetricCollectionStage.execute(ApiCallMetricCollectionStage.java:32)
	at software.amazon.awssdk.core.internal.http.pipeline.RequestPipelineBuilder$ComposingRequestPipelineStage.execute(RequestPipelineBuilder.java:206)
	at software.amazon.awssdk.core.internal.http.pipeline.RequestPipelineBuilder$ComposingRequestPipelineStage.execute(RequestPipelineBuilder.java:206)
	at software.amazon.awssdk.core.internal.http.pipeline.stages.ExecutionFailureExceptionReportingStage.execute(ExecutionFailureExceptionReportingStage.java:37)
	at software.amazon.awssdk.core.internal.http.pipeline.stages.ExecutionFailureExceptionReportingStage.execute(ExecutionFailureExceptionReportingStage.java:26)
	at software.amazon.awssdk.core.internal.http.AmazonSyncHttpClient$RequestExecutionBuilderImpl.execute(AmazonSyncHttpClient.java:224)
	at software.amazon.awssdk.core.internal.handler.BaseSyncClientHandler.invoke(BaseSyncClientHandler.java:103)
	at software.amazon.awssdk.core.internal.handler.BaseSyncClientHandler.doExecute(BaseSyncClientHandler.java:173)
	at software.amazon.awssdk.core.internal.handler.BaseSyncClientHandler.lambda$execute$0(BaseSyncClientHandler.java:66)
	at software.amazon.awssdk.core.internal.handler.BaseSyncClientHandler.measureApiCallSuccess(BaseSyncClientHandler.java:182)
	at software.amazon.awssdk.core.internal.handler.BaseSyncClientHandler.execute(BaseSyncClientHandler.java:60)
	at software.amazon.awssdk.core.client.handler.SdkSyncClientHandler.execute(SdkSyncClientHandler.java:52)
	at software.amazon.awssdk.awscore.client.handler.AwsSyncClientHandler.execute(AwsSyncClientHandler.java:60)
	at software.amazon.awssdk.services.s3.DefaultS3Client.getObject(DefaultS3Client.java:5203)
	at software.amazon.awssdk.services.s3.S3Client.getObjectAsBytes(S3Client.java:9542)
	at com.cloud.CloudUploaderTest$2.download(CloudUploaderTest.java:104)
	at com.cloud.CloudUploaderTest.testDownloadFailure(CloudUploaderTest.java:116)
	at java.base/jdk.internal.reflect.DirectMethodHandleAccessor.invoke(DirectMethodHandleAccessor.java:103)
	at java.base/java.lang.reflect.Method.invoke(Method.java:580)
	at org.junit.platform.commons.util.ReflectionUtils.invokeMethod(ReflectionUtils.java:725)
	at org.junit.jupiter.engine.execution.MethodInvocation.proceed(MethodInvocation.java:60)
	at org.junit.jupiter.engine.execution.InvocationInterceptorChain$ValidatingInvocation.proceed(InvocationInterceptorChain.java:131)
	at org.junit.jupiter.engine.extension.TimeoutExtension.intercept(TimeoutExtension.java:149)
	at org.junit.jupiter.engine.extension.TimeoutExtension.interceptTestableMethod(TimeoutExtension.java:140)
	at org.junit.jupiter.engine.extension.TimeoutExtension.interceptTestMethod(TimeoutExtension.java:84)
	at org.junit.jupiter.engine.execution.ExecutableInvoker$ReflectiveInterceptorCall.lambda$ofVoidMethod$0(ExecutableInvoker.java:115)
	at org.junit.jupiter.engine.execution.ExecutableInvoker.lambda$invoke$0(ExecutableInvoker.java:105)
	at org.junit.jupiter.engine.execution.InvocationInterceptorChain$InterceptedInvocation.proceed(InvocationInterceptorChain.java:106)
	at org.junit.jupiter.engine.execution.InvocationInterceptorChain.proceed(InvocationInterceptorChain.java:64)
	at org.junit.jupiter.engine.execution.InvocationInterceptorChain.chainAndInvoke(InvocationInterceptorChain.java:45)
	at org.junit.jupiter.engine.execution.InvocationInterceptorChain.invoke(InvocationInterceptorChain.java:37)
	at org.junit.jupiter.engine.execution.ExecutableInvoker.invoke(ExecutableInvoker.java:104)
	at org.junit.jupiter.engine.execution.ExecutableInvoker.invoke(ExecutableInvoker.java:98)
	at org.junit.jupiter.engine.descriptor.TestMethodTestDescriptor.lambda$invokeTestMethod$7(TestMethodTestDescriptor.java:214)
	at org.junit.platform.engine.support.hierarchical.ThrowableCollector.execute(ThrowableCollector.java:73)
	at org.junit.jupiter.engine.descriptor.TestMethodTestDescriptor.invokeTestMethod(TestMethodTestDescriptor.java:210)
	at org.junit.jupiter.engine.descriptor.TestMethodTestDescriptor.execute(TestMethodTestDescriptor.java:135)
	at org.junit.jupiter.engine.descriptor.TestMethodTestDescriptor.execute(TestMethodTestDescriptor.java:66)
	at org.junit.platform.engine.support.hierarchical.NodeTestTask.lambda$executeRecursively$6(NodeTestTask.java:151)
	at org.junit.platform.engine.support.hierarchical.ThrowableCollector.execute(ThrowableCollector.java:73)
	at org.junit.platform.engine.support.hierarchical.NodeTestTask.lambda$executeRecursively$8(NodeTestTask.java:141)
	at org.junit.platform.engine.support.hierarchical.Node.around(Node.java:137)
	at org.junit.platform.engine.support.hierarchical.NodeTestTask.lambda$executeRecursively$9(NodeTestTask.java:139)
	at org.junit.platform.engine.support.hierarchical.ThrowableCollector.execute(ThrowableCollector.java:73)
	at org.junit.platform.engine.support.hierarchical.NodeTestTask.executeRecursively(NodeTestTask.java:138)
	at org.junit.platform.engine.support.hierarchical.NodeTestTask.execute(NodeTestTask.java:95)
	at java.base/java.util.ArrayList.forEach(ArrayList.java:1597)
	at org.junit.platform.engine.support.hierarchical.SameThreadHierarchicalTestExecutorService.invokeAll(SameThreadHierarchicalTestExecutorService.java:41)
	at org.junit.platform.engine.support.hierarchical.NodeTestTask.lambda$executeRecursively$6(NodeTestTask.java:155)
	at org.junit.platform.engine.support.hierarchical.ThrowableCollector.execute(ThrowableCollector.java:73)
	at org.junit.platform.engine.support.hierarchical.NodeTestTask.lambda$executeRecursively$8(NodeTestTask.java:141)
	at org.junit.platform.engine.support.hierarchical.Node.around(Node.java:137)
	at org.junit.platform.engine.support.hierarchical.NodeTestTask.lambda$executeRecursively$9(NodeTestTask.java:139)
	at org.junit.platform.engine.support.hierarchical.ThrowableCollector.execute(ThrowableCollector.java:73)
	at org.junit.platform.engine.support.hierarchical.NodeTestTask.executeRecursively(NodeTestTask.java:138)
	at org.junit.platform.engine.support.hierarchical.NodeTestTask.execute(NodeTestTask.java:95)
	at java.base/java.util.ArrayList.forEach(ArrayList.java:1597)
	at org.junit.platform.engine.support.hierarchical.SameThreadHierarchicalTestExecutorService.invokeAll(SameThreadHierarchicalTestExecutorService.java:41)
	at org.junit.platform.engine.support.hierarchical.NodeTestTask.lambda$executeRecursively$6(NodeTestTask.java:155)
	at org.junit.platform.engine.support.hierarchical.ThrowableCollector.execute(ThrowableCollector.java:73)
	at org.junit.platform.engine.support.hierarchical.NodeTestTask.lambda$executeRecursively$8(NodeTestTask.java:141)
	at org.junit.platform.engine.support.hierarchical.Node.around(Node.java:137)
	at org.junit.platform.engine.support.hierarchical.NodeTestTask.lambda$executeRecursively$9(NodeTestTask.java:139)
	at org.junit.platform.engine.support.hierarchical.ThrowableCollector.execute(ThrowableCollector.java:73)
	at org.junit.platform.engine.support.hierarchical.NodeTestTask.executeRecursively(NodeTestTask.java:138)
	at org.junit.platform.engine.support.hierarchical.NodeTestTask.execute(NodeTestTask.java:95)
	at org.junit.platform.engine.support.hierarchical.SameThreadHierarchicalTestExecutorService.submit(SameThreadHierarchicalTestExecutorService.java:35)
	at org.junit.platform.engine.support.hierarchical.HierarchicalTestExecutor.execute(HierarchicalTestExecutor.java:57)
	at org.junit.platform.engine.support.hierarchical.HierarchicalTestEngine.execute(HierarchicalTestEngine.java:54)
	at org.junit.platform.launcher.core.EngineExecutionOrchestrator.execute(EngineExecutionOrchestrator.java:107)
	at org.junit.platform.launcher.core.EngineExecutionOrchestrator.execute(EngineExecutionOrchestrator.java:88)
	at org.junit.platform.launcher.core.EngineExecutionOrchestrator.lambda$execute$0(EngineExecutionOrchestrator.java:54)
	at org.junit.platform.launcher.core.EngineExecutionOrchestrator.withInterceptedStreams(EngineExecutionOrchestrator.java:67)
	at org.junit.platform.launcher.core.EngineExecutionOrchestrator.execute(EngineExecutionOrchestrator.java:52)
	at org.junit.platform.launcher.core.DefaultLauncher.execute(DefaultLauncher.java:114)
	at org.junit.platform.launcher.core.DefaultLauncher.execute(DefaultLauncher.java:86)
	at org.junit.platform.launcher.core.DefaultLauncherSession$DelegatingLauncher.execute(DefaultLauncherSession.java:86)
	at org.apache.maven.surefire.junitplatform.LazyLauncher.execute(LazyLauncher.java:56)
	at org.apache.maven.surefire.junitplatform.JUnitPlatformProvider.execute(JUnitPlatformProvider.java:184)
	at org.apache.maven.surefire.junitplatform.JUnitPlatformProvider.invokeAllTests(JUnitPlatformProvider.java:148)
	at org.apache.maven.surefire.junitplatform.JUnitPlatformProvider.invoke(JUnitPlatformProvider.java:122)
	at org.apache.maven.surefire.booter.ForkedBooter.runSuitesInProcess(ForkedBooter.java:385)
	at org.apache.maven.surefire.booter.ForkedBooter.execute(ForkedBooter.java:162)
	at org.apache.maven.surefire.booter.ForkedBooter.run(ForkedBooter.java:507)
	at org.apache.maven.surefire.booter.ForkedBooter.main(ForkedBooter.java:495)
]]></system-err>
  </testcase>
  <testcase name="testUpload" classname="com.cloud.CloudUploaderTest" time="1.942">
    <system-out><![CDATA[15:01:16.238 [main] DEBUG software.amazon.awssdk.core.interceptor.ExecutionInterceptorChain - Creating an interceptor chain that will apply interceptors in the following order: [software.amazon.awssdk.core.internal.interceptor.HttpChecksumValidationInterceptor@cb7fa71, software.amazon.awssdk.awscore.interceptor.HelpfulUnknownHostExceptionInterceptor@3dffc764, software.amazon.awssdk.awscore.eventstream.EventStreamInitialRequestInterceptor@4b6e1c0, software.amazon.awssdk.awscore.interceptor.TraceIdExecutionInterceptor@561b61ed, software.amazon.awssdk.services.s3.auth.scheme.internal.S3AuthSchemeInterceptor@654c7d2d, software.amazon.awssdk.services.s3.endpoints.internal.S3ResolveEndpointInterceptor@26cb5207, software.amazon.awssdk.services.s3.endpoints.internal.S3RequestSetEndpointInterceptor@15400fff, software.amazon.awssdk.services.s3.internal.handlers.StreamingRequestInterceptor@18d910b3, software.amazon.awssdk.services.s3.internal.handlers.CreateBucketInterceptor@1e7ab390, software.amazon.awssdk.services.s3.internal.handlers.CreateMultipartUploadRequestInterceptor@625d9132, software.amazon.awssdk.services.s3.internal.handlers.DecodeUrlEncodedResponseInterceptor@77774571, software.amazon.awssdk.services.s3.internal.handlers.GetBucketPolicyInterceptor@277b8fa4, software.amazon.awssdk.services.s3.internal.handlers.S3ExpressChecksumInterceptor@6cd64ee8, software.amazon.awssdk.services.s3.internal.handlers.AsyncChecksumValidationInterceptor@620c8641, software.amazon.awssdk.services.s3.internal.handlers.SyncChecksumValidationInterceptor@2f1d0bbc, software.amazon.awssdk.services.s3.internal.handlers.EnableTrailingChecksumInterceptor@5460b754, software.amazon.awssdk.services.s3.internal.handlers.ExceptionTranslationInterceptor@a9f023e, software.amazon.awssdk.services.s3.internal.handlers.GetObjectInterceptor@c27a3a2, software.amazon.awssdk.services.s3.internal.handlers.CopySourceInterceptor@4b200971, software.amazon.awssdk.services.s3.internal.handlers.ObjectMetadataInterceptor@1a2bcd56, software.amazon.awssdk.transfer.s3.internal.ApplyUserAgentInterceptor@68d7a2df]
15:01:16.238 [main] DEBUG software.amazon.awssdk.auth.credentials.AwsCredentialsProviderChain - Unable to load credentials from SystemPropertyCredentialsProvider(): Unable to load credentials from system settings. Access key must be specified either via environment variable (AWS_ACCESS_KEY_ID) or system property (aws.accessKeyId).
software.amazon.awssdk.core.exception.SdkClientException: Unable to load credentials from system settings. Access key must be specified either via environment variable (AWS_ACCESS_KEY_ID) or system property (aws.accessKeyId).
	at software.amazon.awssdk.core.exception.SdkClientException$BuilderImpl.build(SdkClientException.java:111)
	at software.amazon.awssdk.auth.credentials.internal.SystemSettingsCredentialsProvider.resolveCredentials(SystemSettingsCredentialsProvider.java:60)
	at software.amazon.awssdk.auth.credentials.AwsCredentialsProvider.resolveIdentity(AwsCredentialsProvider.java:54)
	at software.amazon.awssdk.identity.spi.IdentityProvider.resolveIdentity(IdentityProvider.java:60)
	at software.amazon.awssdk.auth.credentials.AwsCredentialsProviderChain.resolveCredentials(AwsCredentialsProviderChain.java:109)
	at software.amazon.awssdk.auth.credentials.internal.LazyAwsCredentialsProvider.resolveCredentials(LazyAwsCredentialsProvider.java:45)
	at software.amazon.awssdk.auth.credentials.DefaultCredentialsProvider.resolveCredentials(DefaultCredentialsProvider.java:129)
	at software.amazon.awssdk.auth.credentials.AwsCredentialsProvider.resolveIdentity(AwsCredentialsProvider.java:54)
	at software.amazon.awssdk.services.s3.auth.scheme.internal.S3AuthSchemeInterceptor.lambda$trySelectAuthScheme$4(S3AuthSchemeInterceptor.java:162)
	at software.amazon.awssdk.core.internal.util.MetricUtils.reportDuration(MetricUtils.java:77)
	at software.amazon.awssdk.services.s3.auth.scheme.internal.S3AuthSchemeInterceptor.trySelectAuthScheme(S3AuthSchemeInterceptor.java:162)
	at software.amazon.awssdk.services.s3.auth.scheme.internal.S3AuthSchemeInterceptor.selectAuthScheme(S3AuthSchemeInterceptor.java:84)
	at software.amazon.awssdk.services.s3.auth.scheme.internal.S3AuthSchemeInterceptor.beforeExecution(S3AuthSchemeInterceptor.java:64)
	at software.amazon.awssdk.core.interceptor.ExecutionInterceptorChain.lambda$beforeExecution$1(ExecutionInterceptorChain.java:59)
	at java.base/java.util.ArrayList.forEach(ArrayList.java:1597)
	at software.amazon.awssdk.core.interceptor.ExecutionInterceptorChain.beforeExecution(ExecutionInterceptorChain.java:59)
	at software.amazon.awssdk.awscore.internal.AwsExecutionContextBuilder.runInitialInterceptors(AwsExecutionContextBuilder.java:241)
	at software.amazon.awssdk.awscore.internal.AwsExecutionContextBuilder.invokeInterceptorsAndCreateExecutionContext(AwsExecutionContextBuilder.java:132)
	at software.amazon.awssdk.awscore.client.handler.AwsSyncClientHandler.invokeInterceptorsAndCreateExecutionContext(AwsSyncClientHandler.java:67)
	at software.amazon.awssdk.core.internal.handler.BaseSyncClientHandler.lambda$execute$1(BaseSyncClientHandler.java:76)
	at software.amazon.awssdk.core.internal.handler.BaseSyncClientHandler.measureApiCallSuccess(BaseSyncClientHandler.java:182)
	at software.amazon.awssdk.core.internal.handler.BaseSyncClientHandler.execute(BaseSyncClientHandler.java:74)
	at software.amazon.awssdk.core.client.handler.SdkSyncClientHandler.execute(SdkSyncClientHandler.java:45)
	at software.amazon.awssdk.awscore.client.handler.AwsSyncClientHandler.execute(AwsSyncClientHandler.java:53)
	at software.amazon.awssdk.services.s3.DefaultS3Client.putObject(DefaultS3Client.java:10220)
	at com.cloud.CloudUploader.upload(CloudUploader.java:38)
	at com.cloud.CloudUploaderTest.testUpload(CloudUploaderTest.java:32)
	at java.base/jdk.internal.reflect.DirectMethodHandleAccessor.invoke(DirectMethodHandleAccessor.java:103)
	at java.base/java.lang.reflect.Method.invoke(Method.java:580)
	at org.junit.platform.commons.util.ReflectionUtils.invokeMethod(ReflectionUtils.java:725)
	at org.junit.jupiter.engine.execution.MethodInvocation.proceed(MethodInvocation.java:60)
	at org.junit.jupiter.engine.execution.InvocationInterceptorChain$ValidatingInvocation.proceed(InvocationInterceptorChain.java:131)
	at org.junit.jupiter.engine.extension.TimeoutExtension.intercept(TimeoutExtension.java:149)
	at org.junit.jupiter.engine.extension.TimeoutExtension.interceptTestableMethod(TimeoutExtension.java:140)
	at org.junit.jupiter.engine.extension.TimeoutExtension.interceptTestMethod(TimeoutExtension.java:84)
	at org.junit.jupiter.engine.execution.ExecutableInvoker$ReflectiveInterceptorCall.lambda$ofVoidMethod$0(ExecutableInvoker.java:115)
	at org.junit.jupiter.engine.execution.ExecutableInvoker.lambda$invoke$0(ExecutableInvoker.java:105)
	at org.junit.jupiter.engine.execution.InvocationInterceptorChain$InterceptedInvocation.proceed(InvocationInterceptorChain.java:106)
	at org.junit.jupiter.engine.execution.InvocationInterceptorChain.proceed(InvocationInterceptorChain.java:64)
	at org.junit.jupiter.engine.execution.InvocationInterceptorChain.chainAndInvoke(InvocationInterceptorChain.java:45)
	at org.junit.jupiter.engine.execution.InvocationInterceptorChain.invoke(InvocationInterceptorChain.java:37)
	at org.junit.jupiter.engine.execution.ExecutableInvoker.invoke(ExecutableInvoker.java:104)
	at org.junit.jupiter.engine.execution.ExecutableInvoker.invoke(ExecutableInvoker.java:98)
	at org.junit.jupiter.engine.descriptor.TestMethodTestDescriptor.lambda$invokeTestMethod$7(TestMethodTestDescriptor.java:214)
	at org.junit.platform.engine.support.hierarchical.ThrowableCollector.execute(ThrowableCollector.java:73)
	at org.junit.jupiter.engine.descriptor.TestMethodTestDescriptor.invokeTestMethod(TestMethodTestDescriptor.java:210)
	at org.junit.jupiter.engine.descriptor.TestMethodTestDescriptor.execute(TestMethodTestDescriptor.java:135)
	at org.junit.jupiter.engine.descriptor.TestMethodTestDescriptor.execute(TestMethodTestDescriptor.java:66)
	at org.junit.platform.engine.support.hierarchical.NodeTestTask.lambda$executeRecursively$6(NodeTestTask.java:151)
	at org.junit.platform.engine.support.hierarchical.ThrowableCollector.execute(ThrowableCollector.java:73)
	at org.junit.platform.engine.support.hierarchical.NodeTestTask.lambda$executeRecursively$8(NodeTestTask.java:141)
	at org.junit.platform.engine.support.hierarchical.Node.around(Node.java:137)
	at org.junit.platform.engine.support.hierarchical.NodeTestTask.lambda$executeRecursively$9(NodeTestTask.java:139)
	at org.junit.platform.engine.support.hierarchical.ThrowableCollector.execute(ThrowableCollector.java:73)
	at org.junit.platform.engine.support.hierarchical.NodeTestTask.executeRecursively(NodeTestTask.java:138)
	at org.junit.platform.engine.support.hierarchical.NodeTestTask.execute(NodeTestTask.java:95)
	at java.base/java.util.ArrayList.forEach(ArrayList.java:1597)
	at org.junit.platform.engine.support.hierarchical.SameThreadHierarchicalTestExecutorService.invokeAll(SameThreadHierarchicalTestExecutorService.java:41)
	at org.junit.platform.engine.support.hierarchical.NodeTestTask.lambda$executeRecursively$6(NodeTestTask.java:155)
	at org.junit.platform.engine.support.hierarchical.ThrowableCollector.execute(ThrowableCollector.java:73)
	at org.junit.platform.engine.support.hierarchical.NodeTestTask.lambda$executeRecursively$8(NodeTestTask.java:141)
	at org.junit.platform.engine.support.hierarchical.Node.around(Node.java:137)
	at org.junit.platform.engine.support.hierarchical.NodeTestTask.lambda$executeRecursively$9(NodeTestTask.java:139)
	at org.junit.platform.engine.support.hierarchical.ThrowableCollector.execute(ThrowableCollector.java:73)
	at org.junit.platform.engine.support.hierarchical.NodeTestTask.executeRecursively(NodeTestTask.java:138)
	at org.junit.platform.engine.support.hierarchical.NodeTestTask.execute(NodeTestTask.java:95)
	at java.base/java.util.ArrayList.forEach(ArrayList.java:1597)
	at org.junit.platform.engine.support.hierarchical.SameThreadHierarchicalTestExecutorService.invokeAll(SameThreadHierarchicalTestExecutorService.java:41)
	at org.junit.platform.engine.support.hierarchical.NodeTestTask.lambda$executeRecursively$6(NodeTestTask.java:155)
	at org.junit.platform.engine.support.hierarchical.ThrowableCollector.execute(ThrowableCollector.java:73)
	at org.junit.platform.engine.support.hierarchical.NodeTestTask.lambda$executeRecursively$8(NodeTestTask.java:141)
	at org.junit.platform.engine.support.hierarchical.Node.around(Node.java:137)
	at org.junit.platform.engine.support.hierarchical.NodeTestTask.lambda$executeRecursively$9(NodeTestTask.java:139)
	at org.junit.platform.engine.support.hierarchical.ThrowableCollector.execute(ThrowableCollector.java:73)
	at org.junit.platform.engine.support.hierarchical.NodeTestTask.executeRecursively(NodeTestTask.java:138)
	at org.junit.platform.engine.support.hierarchical.NodeTestTask.execute(NodeTestTask.java:95)
	at org.junit.platform.engine.support.hierarchical.SameThreadHierarchicalTestExecutorService.submit(SameThreadHierarchicalTestExecutorService.java:35)
	at org.junit.platform.engine.support.hierarchical.HierarchicalTestExecutor.execute(HierarchicalTestExecutor.java:57)
	at org.junit.platform.engine.support.hierarchical.HierarchicalTestEngine.execute(HierarchicalTestEngine.java:54)
	at org.junit.platform.launcher.core.EngineExecutionOrchestrator.execute(EngineExecutionOrchestrator.java:107)
	at org.junit.platform.launcher.core.EngineExecutionOrchestrator.execute(EngineExecutionOrchestrator.java:88)
	at org.junit.platform.launcher.core.EngineExecutionOrchestrator.lambda$execute$0(EngineExecutionOrchestrator.java:54)
	at org.junit.platform.launcher.core.EngineExecutionOrchestrator.withInterceptedStreams(EngineExecutionOrchestrator.java:67)
	at org.junit.platform.launcher.core.EngineExecutionOrchestrator.execute(EngineExecutionOrchestrator.java:52)
	at org.junit.platform.launcher.core.DefaultLauncher.execute(DefaultLauncher.java:114)
	at org.junit.platform.launcher.core.DefaultLauncher.execute(DefaultLauncher.java:86)
	at org.junit.platform.launcher.core.DefaultLauncherSession$DelegatingLauncher.execute(DefaultLauncherSession.java:86)
	at org.apache.maven.surefire.junitplatform.LazyLauncher.execute(LazyLauncher.java:56)
	at org.apache.maven.surefire.junitplatform.JUnitPlatformProvider.execute(JUnitPlatformProvider.java:184)
	at org.apache.maven.surefire.junitplatform.JUnitPlatformProvider.invokeAllTests(JUnitPlatformProvider.java:148)
	at org.apache.maven.surefire.junitplatform.JUnitPlatformProvider.invoke(JUnitPlatformProvider.java:122)
	at org.apache.maven.surefire.booter.ForkedBooter.runSuitesInProcess(ForkedBooter.java:385)
	at org.apache.maven.surefire.booter.ForkedBooter.execute(ForkedBooter.java:162)
	at org.apache.maven.surefire.booter.ForkedBooter.run(ForkedBooter.java:507)
	at org.apache.maven.surefire.booter.ForkedBooter.main(ForkedBooter.java:495)
15:01:16.238 [main] DEBUG software.amazon.awssdk.auth.credentials.AwsCredentialsProviderChain - Loading credentials from EnvironmentVariableCredentialsProvider()
15:01:16.254 [main] DEBUG software.amazon.awssdk.core.interceptor.ExecutionInterceptorChain - Interceptor 'software.amazon.awssdk.transfer.s3.internal.ApplyUserAgentInterceptor@68d7a2df' modified the message with its modifyRequest method.
15:01:16.254 [main] DEBUG software.amazon.awssdk.core.interceptor.ExecutionInterceptorChain - Interceptor 'software.amazon.awssdk.services.s3.endpoints.internal.S3RequestSetEndpointInterceptor@15400fff' modified the message with its modifyHttpRequest method.
15:01:16.254 [main] DEBUG software.amazon.awssdk.core.interceptor.ExecutionInterceptorChain - Interceptor 'software.amazon.awssdk.services.s3.internal.handlers.StreamingRequestInterceptor@18d910b3' modified the message with its modifyHttpRequest method.
15:01:16.254 [main] DEBUG software.amazon.awssdk.request - Sending Request: DefaultSdkHttpFullRequest(httpMethod=PUT, protocol=https, host=progettoedids.s3.eu-north-1.amazonaws.com, encodedPath=/cc, headers=[amz-sdk-invocation-id, Content-Length, Content-Type, Expect, User-Agent], queryParameters=[])
15:01:16.254 [main] DEBUG software.amazon.awssdk.core.internal.http.pipeline.stages.SigningStage - Using SelectedAuthScheme: aws.auth#sigv4
15:01:16.254 [main] DEBUG software.amazon.awssdk.http.auth.aws.internal.signer.DefaultV4RequestSigner - AWS4 Canonical Request: PUT
/cc

amz-sdk-invocation-id:5b8cd3d9-1f0b-c45e-fbac-5634781747c9
amz-sdk-request:attempt=1; max=4
content-length:135
content-type:application/octet-stream
host:progettoedids.s3.eu-north-1.amazonaws.com
x-amz-content-sha256:UNSIGNED-PAYLOAD
x-amz-date:20240629T130116Z

amz-sdk-invocation-id;amz-sdk-request;content-length;content-type;host;x-amz-content-sha256;x-amz-date
UNSIGNED-PAYLOAD
15:01:16.254 [main] DEBUG software.amazon.awssdk.http.auth.aws.internal.signer.DefaultV4RequestSigner - AWS4 Canonical Request Hash: 2bc40a97be8007c35ae1748940ef07a9e531abd5239ce82e7fdaf5e41ec597c2
15:01:16.254 [main] DEBUG software.amazon.awssdk.http.auth.aws.internal.signer.DefaultV4RequestSigner - AWS4 String to sign: AWS4-HMAC-SHA256
20240629T130116Z
20240629/eu-north-1/s3/aws4_request
2bc40a97be8007c35ae1748940ef07a9e531abd5239ce82e7fdaf5e41ec597c2
15:01:16.461 [main] DEBUG software.amazon.awssdk.http.apache.internal.conn.SdkTlsSocketFactory - socket.getSupportedProtocols(): [TLSv1.3, TLSv1.2, TLSv1.1, TLSv1, SSLv3, SSLv2Hello], socket.getEnabledProtocols(): [TLSv1.3, TLSv1.2]
15:01:16.668 [main] DEBUG software.amazon.awssdk.http.apache.internal.net.SdkSslSocket - created: progettoedids.s3.eu-north-1.amazonaws.com/16.12.9.26:443
15:01:17.189 [main] DEBUG software.amazon.awssdk.requestId - Received successful response: 200, Request ID: NA2WWWHW39S29NTQ, Extended Request ID: SpzuDs3cA0genQLl3DYe3erzvscEZzZhYuq8VKicN3ovp2fbJNasIVjz2Qb/bzn8LN3t+JPy/F0=
15:01:17.189 [main] DEBUG software.amazon.awssdk.request - Received successful response: 200, Request ID: NA2WWWHW39S29NTQ, Extended Request ID: SpzuDs3cA0genQLl3DYe3erzvscEZzZhYuq8VKicN3ovp2fbJNasIVjz2Qb/bzn8LN3t+JPy/F0=
15:01:17.203 [main] DEBUG software.amazon.awssdk.core.interceptor.ExecutionInterceptorChain - Creating an interceptor chain that will apply interceptors in the following order: [software.amazon.awssdk.core.internal.interceptor.HttpChecksumValidationInterceptor@2bc378f7, software.amazon.awssdk.awscore.interceptor.HelpfulUnknownHostExceptionInterceptor@268cbb86, software.amazon.awssdk.awscore.eventstream.EventStreamInitialRequestInterceptor@10f7918f, software.amazon.awssdk.awscore.interceptor.TraceIdExecutionInterceptor@64d4f7c7, software.amazon.awssdk.services.s3.auth.scheme.internal.S3AuthSchemeInterceptor@54e02f6a, software.amazon.awssdk.services.s3.endpoints.internal.S3ResolveEndpointInterceptor@17f3eefb, software.amazon.awssdk.services.s3.endpoints.internal.S3RequestSetEndpointInterceptor@3ba46e63, software.amazon.awssdk.services.s3.internal.handlers.StreamingRequestInterceptor@788ddc1f, software.amazon.awssdk.services.s3.internal.handlers.CreateBucketInterceptor@2dc3271b, software.amazon.awssdk.services.s3.internal.handlers.CreateMultipartUploadRequestInterceptor@254f906e, software.amazon.awssdk.services.s3.internal.handlers.DecodeUrlEncodedResponseInterceptor@3d0035d2, software.amazon.awssdk.services.s3.internal.handlers.GetBucketPolicyInterceptor@2bfb6b49, software.amazon.awssdk.services.s3.internal.handlers.S3ExpressChecksumInterceptor@1f346ad2, software.amazon.awssdk.services.s3.internal.handlers.AsyncChecksumValidationInterceptor@46a145ba, software.amazon.awssdk.services.s3.internal.handlers.SyncChecksumValidationInterceptor@7ab34619, software.amazon.awssdk.services.s3.internal.handlers.EnableTrailingChecksumInterceptor@ae2db25, software.amazon.awssdk.services.s3.internal.handlers.ExceptionTranslationInterceptor@363c4251, software.amazon.awssdk.services.s3.internal.handlers.GetObjectInterceptor@7afc4db9, software.amazon.awssdk.services.s3.internal.handlers.CopySourceInterceptor@1a1f5f71, software.amazon.awssdk.services.s3.internal.handlers.ObjectMetadataInterceptor@63884e4, software.amazon.awssdk.transfer.s3.internal.ApplyUserAgentInterceptor@524270b8]
15:01:17.203 [main] DEBUG software.amazon.awssdk.auth.credentials.AwsCredentialsProviderChain - Unable to load credentials from SystemPropertyCredentialsProvider(): Unable to load credentials from system settings. Access key must be specified either via environment variable (AWS_ACCESS_KEY_ID) or system property (aws.accessKeyId).
software.amazon.awssdk.core.exception.SdkClientException: Unable to load credentials from system settings. Access key must be specified either via environment variable (AWS_ACCESS_KEY_ID) or system property (aws.accessKeyId).
	at software.amazon.awssdk.core.exception.SdkClientException$BuilderImpl.build(SdkClientException.java:111)
	at software.amazon.awssdk.auth.credentials.internal.SystemSettingsCredentialsProvider.resolveCredentials(SystemSettingsCredentialsProvider.java:60)
	at software.amazon.awssdk.auth.credentials.AwsCredentialsProvider.resolveIdentity(AwsCredentialsProvider.java:54)
	at software.amazon.awssdk.identity.spi.IdentityProvider.resolveIdentity(IdentityProvider.java:60)
	at software.amazon.awssdk.auth.credentials.AwsCredentialsProviderChain.resolveCredentials(AwsCredentialsProviderChain.java:109)
	at software.amazon.awssdk.auth.credentials.internal.LazyAwsCredentialsProvider.resolveCredentials(LazyAwsCredentialsProvider.java:45)
	at software.amazon.awssdk.auth.credentials.DefaultCredentialsProvider.resolveCredentials(DefaultCredentialsProvider.java:129)
	at software.amazon.awssdk.auth.credentials.AwsCredentialsProvider.resolveIdentity(AwsCredentialsProvider.java:54)
	at software.amazon.awssdk.services.s3.auth.scheme.internal.S3AuthSchemeInterceptor.lambda$trySelectAuthScheme$4(S3AuthSchemeInterceptor.java:162)
	at software.amazon.awssdk.core.internal.util.MetricUtils.reportDuration(MetricUtils.java:77)
	at software.amazon.awssdk.services.s3.auth.scheme.internal.S3AuthSchemeInterceptor.trySelectAuthScheme(S3AuthSchemeInterceptor.java:162)
	at software.amazon.awssdk.services.s3.auth.scheme.internal.S3AuthSchemeInterceptor.selectAuthScheme(S3AuthSchemeInterceptor.java:84)
	at software.amazon.awssdk.services.s3.auth.scheme.internal.S3AuthSchemeInterceptor.beforeExecution(S3AuthSchemeInterceptor.java:64)
	at software.amazon.awssdk.core.interceptor.ExecutionInterceptorChain.lambda$beforeExecution$1(ExecutionInterceptorChain.java:59)
	at java.base/java.util.ArrayList.forEach(ArrayList.java:1597)
	at software.amazon.awssdk.core.interceptor.ExecutionInterceptorChain.beforeExecution(ExecutionInterceptorChain.java:59)
	at software.amazon.awssdk.awscore.internal.AwsExecutionContextBuilder.runInitialInterceptors(AwsExecutionContextBuilder.java:241)
	at software.amazon.awssdk.awscore.internal.AwsExecutionContextBuilder.invokeInterceptorsAndCreateExecutionContext(AwsExecutionContextBuilder.java:132)
	at software.amazon.awssdk.awscore.client.handler.AwsSyncClientHandler.invokeInterceptorsAndCreateExecutionContext(AwsSyncClientHandler.java:67)
	at software.amazon.awssdk.core.internal.handler.BaseSyncClientHandler.lambda$execute$0(BaseSyncClientHandler.java:62)
	at software.amazon.awssdk.core.internal.handler.BaseSyncClientHandler.measureApiCallSuccess(BaseSyncClientHandler.java:182)
	at software.amazon.awssdk.core.internal.handler.BaseSyncClientHandler.execute(BaseSyncClientHandler.java:60)
	at software.amazon.awssdk.core.client.handler.SdkSyncClientHandler.execute(SdkSyncClientHandler.java:52)
	at software.amazon.awssdk.awscore.client.handler.AwsSyncClientHandler.execute(AwsSyncClientHandler.java:60)
	at software.amazon.awssdk.services.s3.DefaultS3Client.getObject(DefaultS3Client.java:5203)
	at software.amazon.awssdk.services.s3.S3Client.getObjectAsBytes(S3Client.java:9542)
	at com.cloud.CloudUploaderTest.testUpload(CloudUploaderTest.java:37)
	at java.base/jdk.internal.reflect.DirectMethodHandleAccessor.invoke(DirectMethodHandleAccessor.java:103)
	at java.base/java.lang.reflect.Method.invoke(Method.java:580)
	at org.junit.platform.commons.util.ReflectionUtils.invokeMethod(ReflectionUtils.java:725)
	at org.junit.jupiter.engine.execution.MethodInvocation.proceed(MethodInvocation.java:60)
	at org.junit.jupiter.engine.execution.InvocationInterceptorChain$ValidatingInvocation.proceed(InvocationInterceptorChain.java:131)
	at org.junit.jupiter.engine.extension.TimeoutExtension.intercept(TimeoutExtension.java:149)
	at org.junit.jupiter.engine.extension.TimeoutExtension.interceptTestableMethod(TimeoutExtension.java:140)
	at org.junit.jupiter.engine.extension.TimeoutExtension.interceptTestMethod(TimeoutExtension.java:84)
	at org.junit.jupiter.engine.execution.ExecutableInvoker$ReflectiveInterceptorCall.lambda$ofVoidMethod$0(ExecutableInvoker.java:115)
	at org.junit.jupiter.engine.execution.ExecutableInvoker.lambda$invoke$0(ExecutableInvoker.java:105)
	at org.junit.jupiter.engine.execution.InvocationInterceptorChain$InterceptedInvocation.proceed(InvocationInterceptorChain.java:106)
	at org.junit.jupiter.engine.execution.InvocationInterceptorChain.proceed(InvocationInterceptorChain.java:64)
	at org.junit.jupiter.engine.execution.InvocationInterceptorChain.chainAndInvoke(InvocationInterceptorChain.java:45)
	at org.junit.jupiter.engine.execution.InvocationInterceptorChain.invoke(InvocationInterceptorChain.java:37)
	at org.junit.jupiter.engine.execution.ExecutableInvoker.invoke(ExecutableInvoker.java:104)
	at org.junit.jupiter.engine.execution.ExecutableInvoker.invoke(ExecutableInvoker.java:98)
	at org.junit.jupiter.engine.descriptor.TestMethodTestDescriptor.lambda$invokeTestMethod$7(TestMethodTestDescriptor.java:214)
	at org.junit.platform.engine.support.hierarchical.ThrowableCollector.execute(ThrowableCollector.java:73)
	at org.junit.jupiter.engine.descriptor.TestMethodTestDescriptor.invokeTestMethod(TestMethodTestDescriptor.java:210)
	at org.junit.jupiter.engine.descriptor.TestMethodTestDescriptor.execute(TestMethodTestDescriptor.java:135)
	at org.junit.jupiter.engine.descriptor.TestMethodTestDescriptor.execute(TestMethodTestDescriptor.java:66)
	at org.junit.platform.engine.support.hierarchical.NodeTestTask.lambda$executeRecursively$6(NodeTestTask.java:151)
	at org.junit.platform.engine.support.hierarchical.ThrowableCollector.execute(ThrowableCollector.java:73)
	at org.junit.platform.engine.support.hierarchical.NodeTestTask.lambda$executeRecursively$8(NodeTestTask.java:141)
	at org.junit.platform.engine.support.hierarchical.Node.around(Node.java:137)
	at org.junit.platform.engine.support.hierarchical.NodeTestTask.lambda$executeRecursively$9(NodeTestTask.java:139)
	at org.junit.platform.engine.support.hierarchical.ThrowableCollector.execute(ThrowableCollector.java:73)
	at org.junit.platform.engine.support.hierarchical.NodeTestTask.executeRecursively(NodeTestTask.java:138)
	at org.junit.platform.engine.support.hierarchical.NodeTestTask.execute(NodeTestTask.java:95)
	at java.base/java.util.ArrayList.forEach(ArrayList.java:1597)
	at org.junit.platform.engine.support.hierarchical.SameThreadHierarchicalTestExecutorService.invokeAll(SameThreadHierarchicalTestExecutorService.java:41)
	at org.junit.platform.engine.support.hierarchical.NodeTestTask.lambda$executeRecursively$6(NodeTestTask.java:155)
	at org.junit.platform.engine.support.hierarchical.ThrowableCollector.execute(ThrowableCollector.java:73)
	at org.junit.platform.engine.support.hierarchical.NodeTestTask.lambda$executeRecursively$8(NodeTestTask.java:141)
	at org.junit.platform.engine.support.hierarchical.Node.around(Node.java:137)
	at org.junit.platform.engine.support.hierarchical.NodeTestTask.lambda$executeRecursively$9(NodeTestTask.java:139)
	at org.junit.platform.engine.support.hierarchical.ThrowableCollector.execute(ThrowableCollector.java:73)
	at org.junit.platform.engine.support.hierarchical.NodeTestTask.executeRecursively(NodeTestTask.java:138)
	at org.junit.platform.engine.support.hierarchical.NodeTestTask.execute(NodeTestTask.java:95)
	at java.base/java.util.ArrayList.forEach(ArrayList.java:1597)
	at org.junit.platform.engine.support.hierarchical.SameThreadHierarchicalTestExecutorService.invokeAll(SameThreadHierarchicalTestExecutorService.java:41)
	at org.junit.platform.engine.support.hierarchical.NodeTestTask.lambda$executeRecursively$6(NodeTestTask.java:155)
	at org.junit.platform.engine.support.hierarchical.ThrowableCollector.execute(ThrowableCollector.java:73)
	at org.junit.platform.engine.support.hierarchical.NodeTestTask.lambda$executeRecursively$8(NodeTestTask.java:141)
	at org.junit.platform.engine.support.hierarchical.Node.around(Node.java:137)
	at org.junit.platform.engine.support.hierarchical.NodeTestTask.lambda$executeRecursively$9(NodeTestTask.java:139)
	at org.junit.platform.engine.support.hierarchical.ThrowableCollector.execute(ThrowableCollector.java:73)
	at org.junit.platform.engine.support.hierarchical.NodeTestTask.executeRecursively(NodeTestTask.java:138)
	at org.junit.platform.engine.support.hierarchical.NodeTestTask.execute(NodeTestTask.java:95)
	at org.junit.platform.engine.support.hierarchical.SameThreadHierarchicalTestExecutorService.submit(SameThreadHierarchicalTestExecutorService.java:35)
	at org.junit.platform.engine.support.hierarchical.HierarchicalTestExecutor.execute(HierarchicalTestExecutor.java:57)
	at org.junit.platform.engine.support.hierarchical.HierarchicalTestEngine.execute(HierarchicalTestEngine.java:54)
	at org.junit.platform.launcher.core.EngineExecutionOrchestrator.execute(EngineExecutionOrchestrator.java:107)
	at org.junit.platform.launcher.core.EngineExecutionOrchestrator.execute(EngineExecutionOrchestrator.java:88)
	at org.junit.platform.launcher.core.EngineExecutionOrchestrator.lambda$execute$0(EngineExecutionOrchestrator.java:54)
	at org.junit.platform.launcher.core.EngineExecutionOrchestrator.withInterceptedStreams(EngineExecutionOrchestrator.java:67)
	at org.junit.platform.launcher.core.EngineExecutionOrchestrator.execute(EngineExecutionOrchestrator.java:52)
	at org.junit.platform.launcher.core.DefaultLauncher.execute(DefaultLauncher.java:114)
	at org.junit.platform.launcher.core.DefaultLauncher.execute(DefaultLauncher.java:86)
	at org.junit.platform.launcher.core.DefaultLauncherSession$DelegatingLauncher.execute(DefaultLauncherSession.java:86)
	at org.apache.maven.surefire.junitplatform.LazyLauncher.execute(LazyLauncher.java:56)
	at org.apache.maven.surefire.junitplatform.JUnitPlatformProvider.execute(JUnitPlatformProvider.java:184)
	at org.apache.maven.surefire.junitplatform.JUnitPlatformProvider.invokeAllTests(JUnitPlatformProvider.java:148)
	at org.apache.maven.surefire.junitplatform.JUnitPlatformProvider.invoke(JUnitPlatformProvider.java:122)
	at org.apache.maven.surefire.booter.ForkedBooter.runSuitesInProcess(ForkedBooter.java:385)
	at org.apache.maven.surefire.booter.ForkedBooter.execute(ForkedBooter.java:162)
	at org.apache.maven.surefire.booter.ForkedBooter.run(ForkedBooter.java:507)
	at org.apache.maven.surefire.booter.ForkedBooter.main(ForkedBooter.java:495)
15:01:17.203 [main] DEBUG software.amazon.awssdk.auth.credentials.AwsCredentialsProviderChain - Loading credentials from EnvironmentVariableCredentialsProvider()
15:01:17.213 [main] DEBUG software.amazon.awssdk.core.interceptor.ExecutionInterceptorChain - Interceptor 'software.amazon.awssdk.transfer.s3.internal.ApplyUserAgentInterceptor@524270b8' modified the message with its modifyRequest method.
15:01:17.213 [main] DEBUG software.amazon.awssdk.core.interceptor.ExecutionInterceptorChain - Interceptor 'software.amazon.awssdk.services.s3.endpoints.internal.S3RequestSetEndpointInterceptor@3ba46e63' modified the message with its modifyHttpRequest method.
15:01:17.213 [main] DEBUG software.amazon.awssdk.core.interceptor.ExecutionInterceptorChain - Interceptor 'software.amazon.awssdk.services.s3.internal.handlers.EnableTrailingChecksumInterceptor@ae2db25' modified the message with its modifyHttpRequest method.
15:01:17.213 [main] DEBUG software.amazon.awssdk.request - Sending Request: DefaultSdkHttpFullRequest(httpMethod=GET, protocol=https, host=progettoedids.s3.eu-north-1.amazonaws.com, encodedPath=/cc, headers=[amz-sdk-invocation-id, User-Agent, x-amz-te], queryParameters=[])
15:01:17.213 [main] DEBUG software.amazon.awssdk.core.internal.http.pipeline.stages.SigningStage - Using SelectedAuthScheme: aws.auth#sigv4
15:01:17.213 [main] DEBUG software.amazon.awssdk.http.auth.aws.internal.signer.DefaultV4RequestSigner - AWS4 Canonical Request: GET
/cc

amz-sdk-invocation-id:bcb8abaf-76b2-b066-5326-c805fa4d4e8a
amz-sdk-request:attempt=1; max=4
host:progettoedids.s3.eu-north-1.amazonaws.com
x-amz-content-sha256:UNSIGNED-PAYLOAD
x-amz-date:20240629T130117Z
x-amz-te:append-md5

amz-sdk-invocation-id;amz-sdk-request;host;x-amz-content-sha256;x-amz-date;x-amz-te
UNSIGNED-PAYLOAD
15:01:17.213 [main] DEBUG software.amazon.awssdk.http.auth.aws.internal.signer.DefaultV4RequestSigner - AWS4 Canonical Request Hash: 7c7658259aeabb675ba399aba7772839755a0093e11f023f809fdeac741b568e
15:01:17.213 [main] DEBUG software.amazon.awssdk.http.auth.aws.internal.signer.DefaultV4RequestSigner - AWS4 String to sign: AWS4-HMAC-SHA256
20240629T130117Z
20240629/eu-north-1/s3/aws4_request
7c7658259aeabb675ba399aba7772839755a0093e11f023f809fdeac741b568e
15:01:17.487 [main] DEBUG software.amazon.awssdk.http.apache.internal.conn.SdkTlsSocketFactory - socket.getSupportedProtocols(): [TLSv1.3, TLSv1.2, TLSv1.1, TLSv1, SSLv3, SSLv2Hello], socket.getEnabledProtocols(): [TLSv1.3, TLSv1.2]
15:01:17.914 [main] DEBUG software.amazon.awssdk.http.apache.internal.net.SdkSslSocket - created: progettoedids.s3.eu-north-1.amazonaws.com/16.12.9.26:443
15:01:18.070 [main] DEBUG software.amazon.awssdk.requestId - Received successful response: 200, Request ID: HRDZD055BF6KTYW1, Extended Request ID: aQFD4QT2oe+Tj3Us4BnHeG0v6luHhRDgM7qAvyVzW6PJxGRENK6Ioljl/cyfjF+VE9f2zOEbivQ=
15:01:18.070 [main] DEBUG software.amazon.awssdk.request - Received successful response: 200, Request ID: HRDZD055BF6KTYW1, Extended Request ID: aQFD4QT2oe+Tj3Us4BnHeG0v6luHhRDgM7qAvyVzW6PJxGRENK6Ioljl/cyfjF+VE9f2zOEbivQ=
15:01:18.132 [main] DEBUG software.amazon.awssdk.core.interceptor.ExecutionInterceptorChain - Interceptor 'software.amazon.awssdk.services.s3.internal.handlers.EnableTrailingChecksumInterceptor@ae2db25' modified the message with its modifyResponse method.
]]></system-out>
  </testcase>
  <testcase name="testUploadFailure" classname="com.cloud.CloudUploaderTest" time="1.195">
    <system-out><![CDATA[15:01:18.164 [main] DEBUG software.amazon.awssdk.core.interceptor.ExecutionInterceptorChain - Creating an interceptor chain that will apply interceptors in the following order: [software.amazon.awssdk.core.internal.interceptor.HttpChecksumValidationInterceptor@61ab89b0, software.amazon.awssdk.awscore.interceptor.HelpfulUnknownHostExceptionInterceptor@5478ce1e, software.amazon.awssdk.awscore.eventstream.EventStreamInitialRequestInterceptor@5edc70ed, software.amazon.awssdk.awscore.interceptor.TraceIdExecutionInterceptor@4317850d, software.amazon.awssdk.services.s3.auth.scheme.internal.S3AuthSchemeInterceptor@7e4c72d6, software.amazon.awssdk.services.s3.endpoints.internal.S3ResolveEndpointInterceptor@6cd64b3f, software.amazon.awssdk.services.s3.endpoints.internal.S3RequestSetEndpointInterceptor@51b01550, software.amazon.awssdk.services.s3.internal.handlers.StreamingRequestInterceptor@2ef0dd86, software.amazon.awssdk.services.s3.internal.handlers.CreateBucketInterceptor@3337d04c, software.amazon.awssdk.services.s3.internal.handlers.CreateMultipartUploadRequestInterceptor@6de6faa6, software.amazon.awssdk.services.s3.internal.handlers.DecodeUrlEncodedResponseInterceptor@3cad68df, software.amazon.awssdk.services.s3.internal.handlers.GetBucketPolicyInterceptor@14998e21, software.amazon.awssdk.services.s3.internal.handlers.S3ExpressChecksumInterceptor@1921994e, software.amazon.awssdk.services.s3.internal.handlers.AsyncChecksumValidationInterceptor@43c87306, software.amazon.awssdk.services.s3.internal.handlers.SyncChecksumValidationInterceptor@14f40030, software.amazon.awssdk.services.s3.internal.handlers.EnableTrailingChecksumInterceptor@4c447c09, software.amazon.awssdk.services.s3.internal.handlers.ExceptionTranslationInterceptor@593a6726, software.amazon.awssdk.services.s3.internal.handlers.GetObjectInterceptor@596a7f44, software.amazon.awssdk.services.s3.internal.handlers.CopySourceInterceptor@6dab01d9, software.amazon.awssdk.services.s3.internal.handlers.ObjectMetadataInterceptor@2e09c51, software.amazon.awssdk.transfer.s3.internal.ApplyUserAgentInterceptor@869d87c]
15:01:18.164 [main] DEBUG software.amazon.awssdk.auth.credentials.AwsCredentialsProviderChain - Unable to load credentials from SystemPropertyCredentialsProvider(): Unable to load credentials from system settings. Access key must be specified either via environment variable (AWS_ACCESS_KEY_ID) or system property (aws.accessKeyId).
software.amazon.awssdk.core.exception.SdkClientException: Unable to load credentials from system settings. Access key must be specified either via environment variable (AWS_ACCESS_KEY_ID) or system property (aws.accessKeyId).
	at software.amazon.awssdk.core.exception.SdkClientException$BuilderImpl.build(SdkClientException.java:111)
	at software.amazon.awssdk.auth.credentials.internal.SystemSettingsCredentialsProvider.resolveCredentials(SystemSettingsCredentialsProvider.java:60)
	at software.amazon.awssdk.auth.credentials.AwsCredentialsProvider.resolveIdentity(AwsCredentialsProvider.java:54)
	at software.amazon.awssdk.identity.spi.IdentityProvider.resolveIdentity(IdentityProvider.java:60)
	at software.amazon.awssdk.auth.credentials.AwsCredentialsProviderChain.resolveCredentials(AwsCredentialsProviderChain.java:109)
	at software.amazon.awssdk.auth.credentials.internal.LazyAwsCredentialsProvider.resolveCredentials(LazyAwsCredentialsProvider.java:45)
	at software.amazon.awssdk.auth.credentials.DefaultCredentialsProvider.resolveCredentials(DefaultCredentialsProvider.java:129)
	at software.amazon.awssdk.auth.credentials.AwsCredentialsProvider.resolveIdentity(AwsCredentialsProvider.java:54)
	at software.amazon.awssdk.services.s3.auth.scheme.internal.S3AuthSchemeInterceptor.lambda$trySelectAuthScheme$4(S3AuthSchemeInterceptor.java:162)
	at software.amazon.awssdk.core.internal.util.MetricUtils.reportDuration(MetricUtils.java:77)
	at software.amazon.awssdk.services.s3.auth.scheme.internal.S3AuthSchemeInterceptor.trySelectAuthScheme(S3AuthSchemeInterceptor.java:162)
	at software.amazon.awssdk.services.s3.auth.scheme.internal.S3AuthSchemeInterceptor.selectAuthScheme(S3AuthSchemeInterceptor.java:84)
	at software.amazon.awssdk.services.s3.auth.scheme.internal.S3AuthSchemeInterceptor.beforeExecution(S3AuthSchemeInterceptor.java:64)
	at software.amazon.awssdk.core.interceptor.ExecutionInterceptorChain.lambda$beforeExecution$1(ExecutionInterceptorChain.java:59)
	at java.base/java.util.ArrayList.forEach(ArrayList.java:1597)
	at software.amazon.awssdk.core.interceptor.ExecutionInterceptorChain.beforeExecution(ExecutionInterceptorChain.java:59)
	at software.amazon.awssdk.awscore.internal.AwsExecutionContextBuilder.runInitialInterceptors(AwsExecutionContextBuilder.java:241)
	at software.amazon.awssdk.awscore.internal.AwsExecutionContextBuilder.invokeInterceptorsAndCreateExecutionContext(AwsExecutionContextBuilder.java:132)
	at software.amazon.awssdk.awscore.client.handler.AwsSyncClientHandler.invokeInterceptorsAndCreateExecutionContext(AwsSyncClientHandler.java:67)
	at software.amazon.awssdk.core.internal.handler.BaseSyncClientHandler.lambda$execute$1(BaseSyncClientHandler.java:76)
	at software.amazon.awssdk.core.internal.handler.BaseSyncClientHandler.measureApiCallSuccess(BaseSyncClientHandler.java:182)
	at software.amazon.awssdk.core.internal.handler.BaseSyncClientHandler.execute(BaseSyncClientHandler.java:74)
	at software.amazon.awssdk.core.client.handler.SdkSyncClientHandler.execute(SdkSyncClientHandler.java:45)
	at software.amazon.awssdk.awscore.client.handler.AwsSyncClientHandler.execute(AwsSyncClientHandler.java:53)
	at software.amazon.awssdk.services.s3.DefaultS3Client.putObject(DefaultS3Client.java:10220)
	at com.cloud.CloudUploaderTest$1.upload(CloudUploaderTest.java:80)
	at com.cloud.CloudUploaderTest.testUploadFailure(CloudUploaderTest.java:89)
	at java.base/jdk.internal.reflect.DirectMethodHandleAccessor.invoke(DirectMethodHandleAccessor.java:103)
	at java.base/java.lang.reflect.Method.invoke(Method.java:580)
	at org.junit.platform.commons.util.ReflectionUtils.invokeMethod(ReflectionUtils.java:725)
	at org.junit.jupiter.engine.execution.MethodInvocation.proceed(MethodInvocation.java:60)
	at org.junit.jupiter.engine.execution.InvocationInterceptorChain$ValidatingInvocation.proceed(InvocationInterceptorChain.java:131)
	at org.junit.jupiter.engine.extension.TimeoutExtension.intercept(TimeoutExtension.java:149)
	at org.junit.jupiter.engine.extension.TimeoutExtension.interceptTestableMethod(TimeoutExtension.java:140)
	at org.junit.jupiter.engine.extension.TimeoutExtension.interceptTestMethod(TimeoutExtension.java:84)
	at org.junit.jupiter.engine.execution.ExecutableInvoker$ReflectiveInterceptorCall.lambda$ofVoidMethod$0(ExecutableInvoker.java:115)
	at org.junit.jupiter.engine.execution.ExecutableInvoker.lambda$invoke$0(ExecutableInvoker.java:105)
	at org.junit.jupiter.engine.execution.InvocationInterceptorChain$InterceptedInvocation.proceed(InvocationInterceptorChain.java:106)
	at org.junit.jupiter.engine.execution.InvocationInterceptorChain.proceed(InvocationInterceptorChain.java:64)
	at org.junit.jupiter.engine.execution.InvocationInterceptorChain.chainAndInvoke(InvocationInterceptorChain.java:45)
	at org.junit.jupiter.engine.execution.InvocationInterceptorChain.invoke(InvocationInterceptorChain.java:37)
	at org.junit.jupiter.engine.execution.ExecutableInvoker.invoke(ExecutableInvoker.java:104)
	at org.junit.jupiter.engine.execution.ExecutableInvoker.invoke(ExecutableInvoker.java:98)
	at org.junit.jupiter.engine.descriptor.TestMethodTestDescriptor.lambda$invokeTestMethod$7(TestMethodTestDescriptor.java:214)
	at org.junit.platform.engine.support.hierarchical.ThrowableCollector.execute(ThrowableCollector.java:73)
	at org.junit.jupiter.engine.descriptor.TestMethodTestDescriptor.invokeTestMethod(TestMethodTestDescriptor.java:210)
	at org.junit.jupiter.engine.descriptor.TestMethodTestDescriptor.execute(TestMethodTestDescriptor.java:135)
	at org.junit.jupiter.engine.descriptor.TestMethodTestDescriptor.execute(TestMethodTestDescriptor.java:66)
	at org.junit.platform.engine.support.hierarchical.NodeTestTask.lambda$executeRecursively$6(NodeTestTask.java:151)
	at org.junit.platform.engine.support.hierarchical.ThrowableCollector.execute(ThrowableCollector.java:73)
	at org.junit.platform.engine.support.hierarchical.NodeTestTask.lambda$executeRecursively$8(NodeTestTask.java:141)
	at org.junit.platform.engine.support.hierarchical.Node.around(Node.java:137)
	at org.junit.platform.engine.support.hierarchical.NodeTestTask.lambda$executeRecursively$9(NodeTestTask.java:139)
	at org.junit.platform.engine.support.hierarchical.ThrowableCollector.execute(ThrowableCollector.java:73)
	at org.junit.platform.engine.support.hierarchical.NodeTestTask.executeRecursively(NodeTestTask.java:138)
	at org.junit.platform.engine.support.hierarchical.NodeTestTask.execute(NodeTestTask.java:95)
	at java.base/java.util.ArrayList.forEach(ArrayList.java:1597)
	at org.junit.platform.engine.support.hierarchical.SameThreadHierarchicalTestExecutorService.invokeAll(SameThreadHierarchicalTestExecutorService.java:41)
	at org.junit.platform.engine.support.hierarchical.NodeTestTask.lambda$executeRecursively$6(NodeTestTask.java:155)
	at org.junit.platform.engine.support.hierarchical.ThrowableCollector.execute(ThrowableCollector.java:73)
	at org.junit.platform.engine.support.hierarchical.NodeTestTask.lambda$executeRecursively$8(NodeTestTask.java:141)
	at org.junit.platform.engine.support.hierarchical.Node.around(Node.java:137)
	at org.junit.platform.engine.support.hierarchical.NodeTestTask.lambda$executeRecursively$9(NodeTestTask.java:139)
	at org.junit.platform.engine.support.hierarchical.ThrowableCollector.execute(ThrowableCollector.java:73)
	at org.junit.platform.engine.support.hierarchical.NodeTestTask.executeRecursively(NodeTestTask.java:138)
	at org.junit.platform.engine.support.hierarchical.NodeTestTask.execute(NodeTestTask.java:95)
	at java.base/java.util.ArrayList.forEach(ArrayList.java:1597)
	at org.junit.platform.engine.support.hierarchical.SameThreadHierarchicalTestExecutorService.invokeAll(SameThreadHierarchicalTestExecutorService.java:41)
	at org.junit.platform.engine.support.hierarchical.NodeTestTask.lambda$executeRecursively$6(NodeTestTask.java:155)
	at org.junit.platform.engine.support.hierarchical.ThrowableCollector.execute(ThrowableCollector.java:73)
	at org.junit.platform.engine.support.hierarchical.NodeTestTask.lambda$executeRecursively$8(NodeTestTask.java:141)
	at org.junit.platform.engine.support.hierarchical.Node.around(Node.java:137)
	at org.junit.platform.engine.support.hierarchical.NodeTestTask.lambda$executeRecursively$9(NodeTestTask.java:139)
	at org.junit.platform.engine.support.hierarchical.ThrowableCollector.execute(ThrowableCollector.java:73)
	at org.junit.platform.engine.support.hierarchical.NodeTestTask.executeRecursively(NodeTestTask.java:138)
	at org.junit.platform.engine.support.hierarchical.NodeTestTask.execute(NodeTestTask.java:95)
	at org.junit.platform.engine.support.hierarchical.SameThreadHierarchicalTestExecutorService.submit(SameThreadHierarchicalTestExecutorService.java:35)
	at org.junit.platform.engine.support.hierarchical.HierarchicalTestExecutor.execute(HierarchicalTestExecutor.java:57)
	at org.junit.platform.engine.support.hierarchical.HierarchicalTestEngine.execute(HierarchicalTestEngine.java:54)
	at org.junit.platform.launcher.core.EngineExecutionOrchestrator.execute(EngineExecutionOrchestrator.java:107)
	at org.junit.platform.launcher.core.EngineExecutionOrchestrator.execute(EngineExecutionOrchestrator.java:88)
	at org.junit.platform.launcher.core.EngineExecutionOrchestrator.lambda$execute$0(EngineExecutionOrchestrator.java:54)
	at org.junit.platform.launcher.core.EngineExecutionOrchestrator.withInterceptedStreams(EngineExecutionOrchestrator.java:67)
	at org.junit.platform.launcher.core.EngineExecutionOrchestrator.execute(EngineExecutionOrchestrator.java:52)
	at org.junit.platform.launcher.core.DefaultLauncher.execute(DefaultLauncher.java:114)
	at org.junit.platform.launcher.core.DefaultLauncher.execute(DefaultLauncher.java:86)
	at org.junit.platform.launcher.core.DefaultLauncherSession$DelegatingLauncher.execute(DefaultLauncherSession.java:86)
	at org.apache.maven.surefire.junitplatform.LazyLauncher.execute(LazyLauncher.java:56)
	at org.apache.maven.surefire.junitplatform.JUnitPlatformProvider.execute(JUnitPlatformProvider.java:184)
	at org.apache.maven.surefire.junitplatform.JUnitPlatformProvider.invokeAllTests(JUnitPlatformProvider.java:148)
	at org.apache.maven.surefire.junitplatform.JUnitPlatformProvider.invoke(JUnitPlatformProvider.java:122)
	at org.apache.maven.surefire.booter.ForkedBooter.runSuitesInProcess(ForkedBooter.java:385)
	at org.apache.maven.surefire.booter.ForkedBooter.execute(ForkedBooter.java:162)
	at org.apache.maven.surefire.booter.ForkedBooter.run(ForkedBooter.java:507)
	at org.apache.maven.surefire.booter.ForkedBooter.main(ForkedBooter.java:495)
15:01:18.164 [main] DEBUG software.amazon.awssdk.auth.credentials.AwsCredentialsProviderChain - Loading credentials from EnvironmentVariableCredentialsProvider()
15:01:18.164 [main] DEBUG software.amazon.awssdk.core.interceptor.ExecutionInterceptorChain - Interceptor 'software.amazon.awssdk.transfer.s3.internal.ApplyUserAgentInterceptor@869d87c' modified the message with its modifyRequest method.
15:01:18.164 [main] DEBUG software.amazon.awssdk.core.interceptor.ExecutionInterceptorChain - Interceptor 'software.amazon.awssdk.services.s3.endpoints.internal.S3RequestSetEndpointInterceptor@51b01550' modified the message with its modifyHttpRequest method.
15:01:18.164 [main] DEBUG software.amazon.awssdk.core.interceptor.ExecutionInterceptorChain - Interceptor 'software.amazon.awssdk.services.s3.internal.handlers.StreamingRequestInterceptor@2ef0dd86' modified the message with its modifyHttpRequest method.
15:01:18.164 [main] DEBUG software.amazon.awssdk.request - Sending Request: DefaultSdkHttpFullRequest(httpMethod=PUT, protocol=https, host=invalid-bucket-name.s3.eu-north-1.amazonaws.com, encodedPath=/cc, headers=[amz-sdk-invocation-id, Content-Length, Content-Type, Expect, User-Agent], queryParameters=[])
15:01:18.164 [main] DEBUG software.amazon.awssdk.core.internal.http.pipeline.stages.SigningStage - Using SelectedAuthScheme: aws.auth#sigv4
15:01:18.164 [main] DEBUG software.amazon.awssdk.http.auth.aws.internal.signer.DefaultV4RequestSigner - AWS4 Canonical Request: PUT
/cc

amz-sdk-invocation-id:df413caf-2742-8b75-2034-7bb5f13137db
amz-sdk-request:attempt=1; max=4
content-length:135
content-type:application/octet-stream
host:invalid-bucket-name.s3.eu-north-1.amazonaws.com
x-amz-content-sha256:UNSIGNED-PAYLOAD
x-amz-date:20240629T130118Z

amz-sdk-invocation-id;amz-sdk-request;content-length;content-type;host;x-amz-content-sha256;x-amz-date
UNSIGNED-PAYLOAD
15:01:18.164 [main] DEBUG software.amazon.awssdk.http.auth.aws.internal.signer.DefaultV4RequestSigner - AWS4 Canonical Request Hash: bd4d27947d262af28f679300de4ad9408c6df1108f3722c9aba48cddedd55f95
15:01:18.164 [main] DEBUG software.amazon.awssdk.http.auth.aws.internal.signer.DefaultV4RequestSigner - AWS4 String to sign: AWS4-HMAC-SHA256
20240629T130118Z
20240629/eu-north-1/s3/aws4_request
bd4d27947d262af28f679300de4ad9408c6df1108f3722c9aba48cddedd55f95
15:01:18.292 [main] DEBUG software.amazon.awssdk.http.apache.internal.conn.SdkTlsSocketFactory - socket.getSupportedProtocols(): [TLSv1.3, TLSv1.2, TLSv1.1, TLSv1, SSLv3, SSLv2Hello], socket.getEnabledProtocols(): [TLSv1.3, TLSv1.2]
15:01:18.528 [main] DEBUG software.amazon.awssdk.http.apache.internal.net.SdkSslSocket - created: invalid-bucket-name.s3.eu-north-1.amazonaws.com/3.5.216.59:443
15:01:19.331 [main] DEBUG software.amazon.awssdk.requestId - Received failed response: 301, Request ID: HRDZXHFEEP8ECQZT, Extended Request ID: XSqYh8sRgeTHf46Eb/dshLLjFnOjyLhW1rzkVsOvIxba8ZymXW7LITg7ZQCR2eE7dbiw/r9NneXS9x03YguPY/coLHVgj9e0
15:01:19.331 [main] DEBUG software.amazon.awssdk.request - Received failed response: 301, Request ID: HRDZXHFEEP8ECQZT, Extended Request ID: XSqYh8sRgeTHf46Eb/dshLLjFnOjyLhW1rzkVsOvIxba8ZymXW7LITg7ZQCR2eE7dbiw/r9NneXS9x03YguPY/coLHVgj9e0
15:01:19.338 [main] DEBUG software.amazon.awssdk.http.apache.internal.net.SdkSslSocket - shutting down output of invalid-bucket-name.s3.eu-north-1.amazonaws.com/3.5.216.59:443
15:01:19.338 [main] DEBUG software.amazon.awssdk.http.apache.internal.net.SdkSslSocket - shutting down input of invalid-bucket-name.s3.eu-north-1.amazonaws.com/3.5.216.59:443
15:01:19.338 [main] DEBUG software.amazon.awssdk.http.apache.internal.net.SdkSslSocket - closing invalid-bucket-name.s3.eu-north-1.amazonaws.com/3.5.216.59:443
]]></system-out>
    <system-err><![CDATA[software.amazon.awssdk.services.s3.model.S3Exception: The bucket you are attempting to access must be addressed using the specified endpoint. Please send all future requests to this endpoint. (Service: S3, Status Code: 301, Request ID: HRDZXHFEEP8ECQZT, Extended Request ID: XSqYh8sRgeTHf46Eb/dshLLjFnOjyLhW1rzkVsOvIxba8ZymXW7LITg7ZQCR2eE7dbiw/r9NneXS9x03YguPY/coLHVgj9e0)
	at software.amazon.awssdk.protocols.xml.internal.unmarshall.AwsXmlPredicatedResponseHandler.handleErrorResponse(AwsXmlPredicatedResponseHandler.java:156)
	at software.amazon.awssdk.protocols.xml.internal.unmarshall.AwsXmlPredicatedResponseHandler.handleResponse(AwsXmlPredicatedResponseHandler.java:108)
	at software.amazon.awssdk.protocols.xml.internal.unmarshall.AwsXmlPredicatedResponseHandler.handle(AwsXmlPredicatedResponseHandler.java:85)
	at software.amazon.awssdk.protocols.xml.internal.unmarshall.AwsXmlPredicatedResponseHandler.handle(AwsXmlPredicatedResponseHandler.java:43)
	at software.amazon.awssdk.awscore.client.handler.AwsSyncClientHandler$Crc32ValidationResponseHandler.handle(AwsSyncClientHandler.java:93)
[...]
	at org.apache.maven.surefire.booter.ForkedBooter.runSuitesInProcess(ForkedBooter.java:385)
	at org.apache.maven.surefire.booter.ForkedBooter.execute(ForkedBooter.java:162)
	at org.apache.maven.surefire.booter.ForkedBooter.run(ForkedBooter.java:507)
	at org.apache.maven.surefire.booter.ForkedBooter.main(ForkedBooter.java:495)
15:01:19.360 [main] DEBUG software.amazon.awssdk.auth.credentials.AwsCredentialsProviderChain - Loading credentials from EnvironmentVariableCredentialsProvider()
15:01:19.360 [main] DEBUG software.amazon.awssdk.core.interceptor.ExecutionInterceptorChain - Interceptor 'software.amazon.awssdk.transfer.s3.internal.ApplyUserAgentInterceptor@79518e00' modified the message with its modifyRequest method.
15:01:19.363 [main] DEBUG software.amazon.awssdk.core.interceptor.ExecutionInterceptorChain - Interceptor 'software.amazon.awssdk.services.s3.endpoints.internal.S3RequestSetEndpointInterceptor@6848a051' modified the message with its modifyHttpRequest method.
15:01:19.364 [main] DEBUG software.amazon.awssdk.core.interceptor.ExecutionInterceptorChain - Interceptor 'software.amazon.awssdk.services.s3.internal.handlers.StreamingRequestInterceptor@149b0577' modified the message with its modifyHttpRequest method.
15:01:19.364 [main] DEBUG software.amazon.awssdk.request - Sending Request: DefaultSdkHttpFullRequest(httpMethod=PUT, protocol=https, host=progettoedids.s3.eu-north-1.amazonaws.com, encodedPath=/cc, headers=[amz-sdk-invocation-id, Content-Length, Content-Type, Expect, User-Agent], queryParameters=[])
15:01:19.364 [main] DEBUG software.amazon.awssdk.core.internal.http.pipeline.stages.SigningStage - Using SelectedAuthScheme: aws.auth#sigv4
15:01:19.364 [main] DEBUG software.amazon.awssdk.http.auth.aws.internal.signer.DefaultV4RequestSigner - AWS4 Canonical Request: PUT
/cc

amz-sdk-invocation-id:99dd2d88-5885-248a-7e90-acdec748f1eb
amz-sdk-request:attempt=1; max=4
content-length:135
content-type:application/octet-stream
host:progettoedids.s3.eu-north-1.amazonaws.com
x-amz-content-sha256:UNSIGNED-PAYLOAD
x-amz-date:20240629T130119Z

amz-sdk-invocation-id;amz-sdk-request;content-length;content-type;host;x-amz-content-sha256;x-amz-date
UNSIGNED-PAYLOAD
15:01:19.364 [main] DEBUG software.amazon.awssdk.http.auth.aws.internal.signer.DefaultV4RequestSigner - AWS4 Canonical Request Hash: 86948897a56c756ddfcd115ab6ffd7b817e69220a0939383f2f3eee970f8adce
15:01:19.364 [main] DEBUG software.amazon.awssdk.http.auth.aws.internal.signer.DefaultV4RequestSigner - AWS4 String to sign: AWS4-HMAC-SHA256
20240629T130119Z
20240629/eu-north-1/s3/aws4_request
86948897a56c756ddfcd115ab6ffd7b817e69220a0939383f2f3eee970f8adce
15:01:19.521 [main] DEBUG software.amazon.awssdk.http.apache.internal.conn.SdkTlsSocketFactory - socket.getSupportedProtocols(): [TLSv1.3, TLSv1.2, TLSv1.1, TLSv1, SSLv3, SSLv2Hello], socket.getEnabledProtocols(): [TLSv1.3, TLSv1.2]
15:01:19.835 [main] DEBUG software.amazon.awssdk.http.apache.internal.net.SdkSslSocket - created: progettoedids.s3.eu-north-1.amazonaws.com/16.12.9.26:443
15:01:20.150 [main] DEBUG software.amazon.awssdk.requestId - Received successful response: 200, Request ID: M9VZATM1YSN8VZD4, Extended Request ID: P4M6aoEyOciriAs6nf2BT8Lpjp0pfmFBFgR02B+rMBWVeS7k4OLtzIhDxXM9i3F9WD5MfS/PWl0=
15:01:20.150 [main] DEBUG software.amazon.awssdk.request - Received successful response: 200, Request ID: M9VZATM1YSN8VZD4, Extended Request ID: P4M6aoEyOciriAs6nf2BT8Lpjp0pfmFBFgR02B+rMBWVeS7k4OLtzIhDxXM9i3F9WD5MfS/PWl0=
15:01:20.165 [main] DEBUG software.amazon.awssdk.core.interceptor.ExecutionInterceptorChain - Creating an interceptor chain that will apply interceptors in the following order: [software.amazon.awssdk.core.internal.interceptor.HttpChecksumValidationInterceptor@7930ffa9, software.amazon.awssdk.awscore.interceptor.HelpfulUnknownHostExceptionInterceptor@1e60b459, software.amazon.awssdk.awscore.eventstream.EventStreamInitialRequestInterceptor@717d7587, software.amazon.awssdk.awscore.interceptor.TraceIdExecutionInterceptor@3e906375, software.amazon.awssdk.services.s3.auth.scheme.internal.S3AuthSchemeInterceptor@40230eb9, software.amazon.awssdk.services.s3.endpoints.internal.S3ResolveEndpointInterceptor@5b7aa898, software.amazon.awssdk.services.s3.endpoints.internal.S3RequestSetEndpointInterceptor@41b13f3d, software.amazon.awssdk.services.s3.internal.handlers.StreamingRequestInterceptor@7c0777b5, software.amazon.awssdk.services.s3.internal.handlers.CreateBucketInterceptor@2489e84a, software.amazon.awssdk.services.s3.internal.handlers.CreateMultipartUploadRequestInterceptor@2a39aa2b, software.amazon.awssdk.services.s3.internal.handlers.DecodeUrlEncodedResponseInterceptor@62b93086, software.amazon.awssdk.services.s3.internal.handlers.GetBucketPolicyInterceptor@254449bb, software.amazon.awssdk.services.s3.internal.handlers.S3ExpressChecksumInterceptor@4e642ee1, software.amazon.awssdk.services.s3.internal.handlers.AsyncChecksumValidationInterceptor@29ebbdf4, software.amazon.awssdk.services.s3.internal.handlers.SyncChecksumValidationInterceptor@2fd954f, software.amazon.awssdk.services.s3.internal.handlers.EnableTrailingChecksumInterceptor@5731d3a, software.amazon.awssdk.services.s3.internal.handlers.ExceptionTranslationInterceptor@6a0f2853, software.amazon.awssdk.services.s3.internal.handlers.GetObjectInterceptor@1eff3cfb, software.amazon.awssdk.services.s3.internal.handlers.CopySourceInterceptor@70c69586, software.amazon.awssdk.services.s3.internal.handlers.ObjectMetadataInterceptor@6dc1dc69, software.amazon.awssdk.transfer.s3.internal.ApplyUserAgentInterceptor@7e9f2c32]
15:01:20.165 [main] DEBUG software.amazon.awssdk.auth.credentials.AwsCredentialsProviderChain - Unable to load credentials from SystemPropertyCredentialsProvider(): Unable to load credentials from system settings. Access key must be specified either via environment variable (AWS_ACCESS_KEY_ID) or system property (aws.accessKeyId).
software.amazon.awssdk.core.exception.SdkClientException: Unable to load credentials from system settings. Access key must be specified either via environment variable (AWS_ACCESS_KEY_ID) or system property (aws.accessKeyId).
	at software.amazon.awssdk.core.exception.SdkClientException$BuilderImpl.build(SdkClientException.java:111)
	at software.amazon.awssdk.auth.credentials.internal.SystemSettingsCredentialsProvider.resolveCredentials(SystemSettingsCredentialsProvider.java:60)
	at software.amazon.awssdk.auth.credentials.AwsCredentialsProvider.resolveIdentity(AwsCredentialsProvider.java:54)
	at software.amazon.awssdk.identity.spi.IdentityProvider.resolveIdentity(IdentityProvider.java:60)
	at software.amazon.awssdk.auth.credentials.AwsCredentialsProviderChain.resolveCredentials(AwsCredentialsProviderChain.java:109)
	at software.amazon.awssdk.auth.credentials.internal.LazyAwsCredentialsProvider.resolveCredentials(LazyAwsCredentialsProvider.java:45)
	at software.amazon.awssdk.auth.credentials.DefaultCredentialsProvider.resolveCredentials(DefaultCredentialsProvider.java:129)
	at software.amazon.awssdk.auth.credentials.AwsCredentialsProvider.resolveIdentity(AwsCredentialsProvider.java:54)
	at software.amazon.awssdk.services.s3.auth.scheme.internal.S3AuthSchemeInterceptor.lambda$trySelectAuthScheme$4(S3AuthSchemeInterceptor.java:162)
	at software.amazon.awssdk.core.internal.util.MetricUtils.reportDuration(MetricUtils.java:77)
	at software.amazon.awssdk.services.s3.auth.scheme.internal.S3AuthSchemeInterceptor.trySelectAuthScheme(S3AuthSchemeInterceptor.java:162)
	at software.amazon.awssdk.services.s3.auth.scheme.internal.S3AuthSchemeInterceptor.selectAuthScheme(S3AuthSchemeInterceptor.java:84)
	at software.amazon.awssdk.services.s3.auth.scheme.internal.S3AuthSchemeInterceptor.beforeExecution(S3AuthSchemeInterceptor.java:64)
	at software.amazon.awssdk.core.interceptor.ExecutionInterceptorChain.lambda$beforeExecution$1(ExecutionInterceptorChain.java:59)
	at java.base/java.util.ArrayList.forEach(ArrayList.java:1597)
	at software.amazon.awssdk.core.interceptor.ExecutionInterceptorChain.beforeExecution(ExecutionInterceptorChain.java:59)
	at software.amazon.awssdk.awscore.internal.AwsExecutionContextBuilder.runInitialInterceptors(AwsExecutionContextBuilder.java:241)
	at software.amazon.awssdk.awscore.internal.AwsExecutionContextBuilder.invokeInterceptorsAndCreateExecutionContext(AwsExecutionContextBuilder.java:132)
	at software.amazon.awssdk.awscore.client.handler.AwsSyncClientHandler.invokeInterceptorsAndCreateExecutionContext(AwsSyncClientHandler.java:67)
	at software.amazon.awssdk.core.internal.handler.BaseSyncClientHandler.lambda$execute$0(BaseSyncClientHandler.java:62)
	at software.amazon.awssdk.core.internal.handler.BaseSyncClientHandler.measureApiCallSuccess(BaseSyncClientHandler.java:182)
	at software.amazon.awssdk.core.internal.handler.BaseSyncClientHandler.execute(BaseSyncClientHandler.java:60)
	at software.amazon.awssdk.core.client.handler.SdkSyncClientHandler.execute(SdkSyncClientHandler.java:52)
	at software.amazon.awssdk.awscore.client.handler.AwsSyncClientHandler.execute(AwsSyncClientHandler.java:60)
	at software.amazon.awssdk.services.s3.DefaultS3Client.getObject(DefaultS3Client.java:5203)
	at software.amazon.awssdk.services.s3.S3Client.getObjectAsBytes(S3Client.java:9542)
	at com.cloud.CloudUploader.download(CloudUploader.java:53)
	at com.cloud.CloudUploaderTest.testDownload(CloudUploaderTest.java:61)
	at java.base/jdk.internal.reflect.DirectMethodHandleAccessor.invoke(DirectMethodHandleAccessor.java:103)
	at java.base/java.lang.reflect.Method.invoke(Method.java:580)
	at org.junit.platform.commons.util.ReflectionUtils.invokeMethod(ReflectionUtils.java:725)
	at org.junit.jupiter.engine.execution.MethodInvocation.proceed(MethodInvocation.java:60)
	at org.junit.jupiter.engine.execution.InvocationInterceptorChain$ValidatingInvocation.proceed(InvocationInterceptorChain.java:131)
	at org.junit.jupiter.engine.extension.TimeoutExtension.intercept(TimeoutExtension.java:149)
	at org.junit.jupiter.engine.extension.TimeoutExtension.interceptTestableMethod(TimeoutExtension.java:140)
	at org.junit.jupiter.engine.extension.TimeoutExtension.interceptTestMethod(TimeoutExtension.java:84)
	at org.junit.jupiter.engine.execution.ExecutableInvoker$ReflectiveInterceptorCall.lambda$ofVoidMethod$0(ExecutableInvoker.java:115)
	at org.junit.jupiter.engine.execution.ExecutableInvoker.lambda$invoke$0(ExecutableInvoker.java:105)
	at org.junit.jupiter.engine.execution.InvocationInterceptorChain$InterceptedInvocation.proceed(InvocationInterceptorChain.java:106)
	at org.junit.jupiter.engine.execution.InvocationInterceptorChain.proceed(InvocationInterceptorChain.java:64)
	at org.junit.jupiter.engine.execution.InvocationInterceptorChain.chainAndInvoke(InvocationInterceptorChain.java:45)
	at org.junit.jupiter.engine.execution.InvocationInterceptorChain.invoke(InvocationInterceptorChain.java:37)
	at org.junit.jupiter.engine.execution.ExecutableInvoker.invoke(ExecutableInvoker.java:104)
	at org.junit.jupiter.engine.execution.ExecutableInvoker.invoke(ExecutableInvoker.java:98)
	at org.junit.jupiter.engine.descriptor.TestMethodTestDescriptor.lambda$invokeTestMethod$7(TestMethodTestDescriptor.java:214)
	at org.junit.platform.engine.support.hierarchical.ThrowableCollector.execute(ThrowableCollector.java:73)
	at org.junit.jupiter.engine.descriptor.TestMethodTestDescriptor.invokeTestMethod(TestMethodTestDescriptor.java:210)
	at org.junit.jupiter.engine.descriptor.TestMethodTestDescriptor.execute(TestMethodTestDescriptor.java:135)
	at org.junit.jupiter.engine.descriptor.TestMethodTestDescriptor.execute(TestMethodTestDescriptor.java:66)
	at org.junit.platform.engine.support.hierarchical.NodeTestTask.lambda$executeRecursively$6(NodeTestTask.java:151)
	at org.junit.platform.engine.support.hierarchical.ThrowableCollector.execute(ThrowableCollector.java:73)
	at org.junit.platform.engine.support.hierarchical.NodeTestTask.lambda$executeRecursively$8(NodeTestTask.java:141)
	at org.junit.platform.engine.support.hierarchical.Node.around(Node.java:137)
	at org.junit.platform.engine.support.hierarchical.NodeTestTask.lambda$executeRecursively$9(NodeTestTask.java:139)
	at org.junit.platform.engine.support.hierarchical.ThrowableCollector.execute(ThrowableCollector.java:73)
	at org.junit.platform.engine.support.hierarchical.NodeTestTask.executeRecursively(NodeTestTask.java:138)
	at org.junit.platform.engine.support.hierarchical.NodeTestTask.execute(NodeTestTask.java:95)
	at java.base/java.util.ArrayList.forEach(ArrayList.java:1597)
	at org.junit.platform.engine.support.hierarchical.SameThreadHierarchicalTestExecutorService.invokeAll(SameThreadHierarchicalTestExecutorService.java:41)
	at org.junit.platform.engine.support.hierarchical.NodeTestTask.lambda$executeRecursively$6(NodeTestTask.java:155)
	at org.junit.platform.engine.support.hierarchical.ThrowableCollector.execute(ThrowableCollector.java:73)
	at org.junit.platform.engine.support.hierarchical.NodeTestTask.lambda$executeRecursively$8(NodeTestTask.java:141)
	at org.junit.platform.engine.support.hierarchical.Node.around(Node.java:137)
	at org.junit.platform.engine.support.hierarchical.NodeTestTask.lambda$executeRecursively$9(NodeTestTask.java:139)
	at org.junit.platform.engine.support.hierarchical.ThrowableCollector.execute(ThrowableCollector.java:73)
	at org.junit.platform.engine.support.hierarchical.NodeTestTask.executeRecursively(NodeTestTask.java:138)
	at org.junit.platform.engine.support.hierarchical.NodeTestTask.execute(NodeTestTask.java:95)
	at java.base/java.util.ArrayList.forEach(ArrayList.java:1597)
	at org.junit.platform.engine.support.hierarchical.SameThreadHierarchicalTestExecutorService.invokeAll(SameThreadHierarchicalTestExecutorService.java:41)
	at org.junit.platform.engine.support.hierarchical.NodeTestTask.lambda$executeRecursively$6(NodeTestTask.java:155)
	at org.junit.platform.engine.support.hierarchical.ThrowableCollector.execute(ThrowableCollector.java:73)
	at org.junit.platform.engine.support.hierarchical.NodeTestTask.lambda$executeRecursively$8(NodeTestTask.java:141)
	at org.junit.platform.engine.support.hierarchical.Node.around(Node.java:137)
	at org.junit.platform.engine.support.hierarchical.NodeTestTask.lambda$executeRecursively$9(NodeTestTask.java:139)
	at org.junit.platform.engine.support.hierarchical.ThrowableCollector.execute(ThrowableCollector.java:73)
	at org.junit.platform.engine.support.hierarchical.NodeTestTask.executeRecursively(NodeTestTask.java:138)
	at org.junit.platform.engine.support.hierarchical.NodeTestTask.execute(NodeTestTask.java:95)
	at org.junit.platform.engine.support.hierarchical.SameThreadHierarchicalTestExecutorService.submit(SameThreadHierarchicalTestExecutorService.java:35)
	at org.junit.platform.engine.support.hierarchical.HierarchicalTestExecutor.execute(HierarchicalTestExecutor.java:57)
	at org.junit.platform.engine.support.hierarchical.HierarchicalTestEngine.execute(HierarchicalTestEngine.java:54)
	at org.junit.platform.launcher.core.EngineExecutionOrchestrator.execute(EngineExecutionOrchestrator.java:107)
	at org.junit.platform.launcher.core.EngineExecutionOrchestrator.execute(EngineExecutionOrchestrator.java:88)
	at org.junit.platform.launcher.core.EngineExecutionOrchestrator.lambda$execute$0(EngineExecutionOrchestrator.java:54)
	at org.junit.platform.launcher.core.EngineExecutionOrchestrator.withInterceptedStreams(EngineExecutionOrchestrator.java:67)
	at org.junit.platform.launcher.core.EngineExecutionOrchestrator.execute(EngineExecutionOrchestrator.java:52)
	at org.junit.platform.launcher.core.DefaultLauncher.execute(DefaultLauncher.java:114)
	at org.junit.platform.launcher.core.DefaultLauncher.execute(DefaultLauncher.java:86)
	at org.junit.platform.launcher.core.DefaultLauncherSession$DelegatingLauncher.execute(DefaultLauncherSession.java:86)
	at org.apache.maven.surefire.junitplatform.LazyLauncher.execute(LazyLauncher.java:56)
	at org.apache.maven.surefire.junitplatform.JUnitPlatformProvider.execute(JUnitPlatformProvider.java:184)
	at org.apache.maven.surefire.junitplatform.JUnitPlatformProvider.invokeAllTests(JUnitPlatformProvider.java:148)
	at org.apache.maven.surefire.junitplatform.JUnitPlatformProvider.invoke(JUnitPlatformProvider.java:122)
	at org.apache.maven.surefire.booter.ForkedBooter.runSuitesInProcess(ForkedBooter.java:385)
	at org.apache.maven.surefire.booter.ForkedBooter.execute(ForkedBooter.java:162)
	at org.apache.maven.surefire.booter.ForkedBooter.run(ForkedBooter.java:507)
	at org.apache.maven.surefire.booter.ForkedBooter.main(ForkedBooter.java:495)
15:01:20.165 [main] DEBUG software.amazon.awssdk.auth.credentials.AwsCredentialsProviderChain - Loading credentials from EnvironmentVariableCredentialsProvider()
15:01:20.165 [main] DEBUG software.amazon.awssdk.core.interceptor.ExecutionInterceptorChain - Interceptor 'software.amazon.awssdk.transfer.s3.internal.ApplyUserAgentInterceptor@7e9f2c32' modified the message with its modifyRequest method.
15:01:20.165 [main] DEBUG software.amazon.awssdk.core.interceptor.ExecutionInterceptorChain - Interceptor 'software.amazon.awssdk.services.s3.endpoints.internal.S3RequestSetEndpointInterceptor@41b13f3d' modified the message with its modifyHttpRequest method.
15:01:20.165 [main] DEBUG software.amazon.awssdk.core.interceptor.ExecutionInterceptorChain - Interceptor 'software.amazon.awssdk.services.s3.internal.handlers.EnableTrailingChecksumInterceptor@5731d3a' modified the message with its modifyHttpRequest method.
15:01:20.165 [main] DEBUG software.amazon.awssdk.request - Sending Request: DefaultSdkHttpFullRequest(httpMethod=GET, protocol=https, host=progettoedids.s3.eu-north-1.amazonaws.com, encodedPath=/cc, headers=[amz-sdk-invocation-id, User-Agent, x-amz-te], queryParameters=[])
15:01:20.165 [main] DEBUG software.amazon.awssdk.core.internal.http.pipeline.stages.SigningStage - Using SelectedAuthScheme: aws.auth#sigv4
15:01:20.165 [main] DEBUG software.amazon.awssdk.http.auth.aws.internal.signer.DefaultV4RequestSigner - AWS4 Canonical Request: GET
/cc

amz-sdk-invocation-id:e0d51e1a-5faa-c125-745b-ef7b9dddc5a4
amz-sdk-request:attempt=1; max=4
host:progettoedids.s3.eu-north-1.amazonaws.com
x-amz-content-sha256:UNSIGNED-PAYLOAD
x-amz-date:20240629T130120Z
x-amz-te:append-md5

amz-sdk-invocation-id;amz-sdk-request;host;x-amz-content-sha256;x-amz-date;x-amz-te
UNSIGNED-PAYLOAD
15:01:20.165 [main] DEBUG software.amazon.awssdk.http.auth.aws.internal.signer.DefaultV4RequestSigner - AWS4 Canonical Request Hash: 0eba7d01fc5f080cc5afc004b06261f5b9e3bf223b9fab15ca1092717ffd45a2
15:01:20.165 [main] DEBUG software.amazon.awssdk.http.auth.aws.internal.signer.DefaultV4RequestSigner - AWS4 String to sign: AWS4-HMAC-SHA256
20240629T130120Z
20240629/eu-north-1/s3/aws4_request
0eba7d01fc5f080cc5afc004b06261f5b9e3bf223b9fab15ca1092717ffd45a2
15:01:20.457 [main] DEBUG software.amazon.awssdk.http.apache.internal.conn.SdkTlsSocketFactory - socket.getSupportedProtocols(): [TLSv1.3, TLSv1.2, TLSv1.1, TLSv1, SSLv3, SSLv2Hello], socket.getEnabledProtocols(): [TLSv1.3, TLSv1.2]
15:01:20.967 [main] DEBUG software.amazon.awssdk.http.apache.internal.net.SdkSslSocket - created: progettoedids.s3.eu-north-1.amazonaws.com/16.12.9.26:443
15:01:21.171 [main] DEBUG software.amazon.awssdk.requestId - Received successful response: 200, Request ID: SCE56A1PKTMWSX3X, Extended Request ID: /j1sABp/x06jCcckdttmthQ28dvAATYZ1H1otYBPyO5WpYTP4HyXVtutnBn6+GGC3rqfDlWPoRk=
15:01:21.171 [main] DEBUG software.amazon.awssdk.request - Received successful response: 200, Request ID: SCE56A1PKTMWSX3X, Extended Request ID: /j1sABp/x06jCcckdttmthQ28dvAATYZ1H1otYBPyO5WpYTP4HyXVtutnBn6+GGC3rqfDlWPoRk=
15:01:21.171 [main] DEBUG software.amazon.awssdk.core.interceptor.ExecutionInterceptorChain - Interceptor 'software.amazon.awssdk.services.s3.internal.handlers.EnableTrailingChecksumInterceptor@5731d3a' modified the message with its modifyResponse method.
]]></system-out>
  </testcase>
</testsuite>