<?xml version="1.0" encoding="UTF-8"?>
<testsuite xmlns:xsi="http://www.w3.org/2001/XMLSchema-instance" xsi:noNamespaceSchemaLocation="https://maven.apache.org/surefire/maven-surefire-plugin/xsd/surefire-test-report-3.0.xsd" version="3.0" name="com.cloud.CloudUploaderTest" time="4.743" tests="4" errors="0" skipped="0" failures="0">
  <properties>
[...]
</properties>
  <testcase name="testDownloadFailure" classname="com.cloud.CloudUploaderTest" time="1.256">
    <system-out><![CDATA[12:09:20.377 [main] DEBUG software.amazon.awssdk.core.internal.http.loader.ClasspathSdkHttpServiceProvider - The HTTP implementation loaded is software.amazon.awssdk.http.apache.ApacheSdkHttpService@5ee2b6f9
12:09:21.179 [main] DEBUG software.amazon.awssdk.core.interceptor.ExecutionInterceptorChain - Creating an interceptor chain that will apply interceptors in the following order: [software.amazon.awssdk.core.internal.interceptor.HttpChecksumValidationInterceptor@433e536f, software.amazon.awssdk.awscore.interceptor.HelpfulUnknownHostExceptionInterceptor@89c65d5, software.amazon.awssdk.awscore.eventstream.EventStreamInitialRequestInterceptor@faa3fed, software.amazon.awssdk.awscore.interceptor.TraceIdExecutionInterceptor@381cad29, software.amazon.awssdk.services.s3.auth.scheme.internal.S3AuthSchemeInterceptor@988246e, software.amazon.awssdk.services.s3.endpoints.internal.S3ResolveEndpointInterceptor@62515a47, software.amazon.awssdk.services.s3.endpoints.internal.S3RequestSetEndpointInterceptor@3c5a54b7, software.amazon.awssdk.services.s3.internal.handlers.StreamingRequestInterceptor@61f2c3f0, software.amazon.awssdk.services.s3.internal.handlers.CreateBucketInterceptor@291120f4, software.amazon.awssdk.services.s3.internal.handlers.CreateMultipartUploadRequestInterceptor@417ad4f3, software.amazon.awssdk.services.s3.internal.handlers.DecodeUrlEncodedResponseInterceptor@2f6bcf87, software.amazon.awssdk.services.s3.internal.handlers.GetBucketPolicyInterceptor@58f174d9, software.amazon.awssdk.services.s3.internal.handlers.S3ExpressChecksumInterceptor@78c7f9b3, software.amazon.awssdk.services.s3.internal.handlers.AsyncChecksumValidationInterceptor@6f8d7714, software.amazon.awssdk.services.s3.internal.handlers.SyncChecksumValidationInterceptor@1e6b9a95, software.amazon.awssdk.services.s3.internal.handlers.EnableTrailingChecksumInterceptor@4d6f623d, software.amazon.awssdk.services.s3.internal.handlers.ExceptionTranslationInterceptor@aa21042, software.amazon.awssdk.services.s3.internal.handlers.GetObjectInterceptor@e93f3d5, software.amazon.awssdk.services.s3.internal.handlers.CopySourceInterceptor@4cee7fa0, software.amazon.awssdk.services.s3.internal.handlers.ObjectMetadataInterceptor@7a26928a, software.amazon.awssdk.transfer.s3.internal.ApplyUserAgentInterceptor@601cbd8c]
12:09:21.273 [main] DEBUG software.amazon.awssdk.auth.credentials.AwsCredentialsProviderChain - Unable to load credentials from SystemPropertyCredentialsProvider(): Unable to load credentials from system settings. Access key must be specified either via environment variable (AWS_ACCESS_KEY_ID) or system property (aws.accessKeyId).
software.amazon.awssdk.core.exception.SdkClientException: Unable to load credentials from system settings. Access key must be specified either via environment variable (AWS_ACCESS_KEY_ID) or system property (aws.accessKeyId).
	at software.amazon.awssdk.core.exception.SdkClientException$BuilderImpl.build(SdkClientException.java:111)
	at software.amazon.awssdk.auth.credentials.internal.SystemSettingsCredentialsProvider.resolveCredentials(SystemSettingsCredentialsProvider.java:60)
	at software.amazon.awssdk.auth.credentials.AwsCredentialsProvider.resolveIdentity(AwsCredentialsProvider.java:54)
	at software.amazon.awssdk.identity.spi.IdentityProvider.resolveIdentity(IdentityProvider.java:60)
	at software.amazon.awssdk.auth.credentials.AwsCredentialsProviderChain.resolveCredentials(AwsCredentialsProviderChain.java:109)
	at software.amazon.awssdk.auth.credentials.internal.LazyAwsCredentialsProvider.resolveCredentials(LazyAwsCredentialsProvider.java:45)
	at software.amazon.awssdk.auth.credentials.DefaultCredentialsProvider.resolveCredentials(DefaultCredentialsProvider.java:129)
	at software.amazon.awssdk.auth.credentials.AwsCredentialsProvider.resolveIdentity(AwsCredentialsProvider.java:54)
	at software.amazon.awssdk.services.s3.auth.scheme.internal.S3AuthSchemeInterceptor.lambda$trySelectAuthScheme$4(S3AuthSchemeInterceptor.java:162)
	at software.amazon.awssdk.core.internal.util.MetricUtils.reportDuration(MetricUtils.java:77)
	at software.amazon.awssdk.services.s3.auth.scheme.internal.S3AuthSchemeInterceptor.trySelectAuthScheme(S3AuthSchemeInterceptor.java:162)
	at software.amazon.awssdk.services.s3.auth.scheme.internal.S3AuthSchemeInterceptor.selectAuthScheme(S3AuthSchemeInterceptor.java:84)
	at software.amazon.awssdk.services.s3.auth.scheme.internal.S3AuthSchemeInterceptor.beforeExecution(S3AuthSchemeInterceptor.java:64)
	at software.amazon.awssdk.core.interceptor.ExecutionInterceptorChain.lambda$beforeExecution$1(ExecutionInterceptorChain.java:59)
	at java.base/java.util.ArrayList.forEach(ArrayList.java:1597)
	at software.amazon.awssdk.core.interceptor.ExecutionInterceptorChain.beforeExecution(ExecutionInterceptorChain.java:59)
	at software.amazon.awssdk.awscore.internal.AwsExecutionContextBuilder.runInitialInterceptors(AwsExecutionContextBuilder.java:241)
	at software.amazon.awssdk.awscore.internal.AwsExecutionContextBuilder.invokeInterceptorsAndCreateExecutionContext(AwsExecutionContextBuilder.java:132)
	at software.amazon.awssdk.awscore.client.handler.AwsSyncClientHandler.invokeInterceptorsAndCreateExecutionContext(AwsSyncClientHandler.java:67)
	at software.amazon.awssdk.core.internal.handler.BaseSyncClientHandler.lambda$execute$0(BaseSyncClientHandler.java:62)
	at software.amazon.awssdk.core.internal.handler.BaseSyncClientHandler.measureApiCallSuccess(BaseSyncClientHandler.java:182)
	at software.amazon.awssdk.core.internal.handler.BaseSyncClientHandler.execute(BaseSyncClientHandler.java:60)
	at software.amazon.awssdk.core.client.handler.SdkSyncClientHandler.execute(SdkSyncClientHandler.java:52)
	at software.amazon.awssdk.awscore.client.handler.AwsSyncClientHandler.execute(AwsSyncClientHandler.java:60)
	at software.amazon.awssdk.services.s3.DefaultS3Client.getObject(DefaultS3Client.java:5203)
	at software.amazon.awssdk.services.s3.S3Client.getObjectAsBytes(S3Client.java:9542)
	at com.cloud.CloudUploaderTest$2.download(CloudUploaderTest.java:104)
	at com.cloud.CloudUploaderTest.testDownloadFailure(CloudUploaderTest.java:116)
	at java.base/jdk.internal.reflect.DirectMethodHandleAccessor.invoke(DirectMethodHandleAccessor.java:103)
	at java.base/java.lang.reflect.Method.invoke(Method.java:580)
	at org.junit.platform.commons.util.ReflectionUtils.invokeMethod(ReflectionUtils.java:725)
	at org.junit.jupiter.engine.execution.MethodInvocation.proceed(MethodInvocation.java:60)
	at org.junit.jupiter.engine.execution.InvocationInterceptorChain$ValidatingInvocation.proceed(InvocationInterceptorChain.java:131)
	at org.junit.jupiter.engine.extension.TimeoutExtension.intercept(TimeoutExtension.java:149)
	at org.junit.jupiter.engine.extension.TimeoutExtension.interceptTestableMethod(TimeoutExtension.java:140)
	at org.junit.jupiter.engine.extension.TimeoutExtension.interceptTestMethod(TimeoutExtension.java:84)
	at org.junit.jupiter.engine.execution.ExecutableInvoker$ReflectiveInterceptorCall.lambda$ofVoidMethod$0(ExecutableInvoker.java:115)
	at org.junit.jupiter.engine.execution.ExecutableInvoker.lambda$invoke$0(ExecutableInvoker.java:105)
	at org.junit.jupiter.engine.execution.InvocationInterceptorChain$InterceptedInvocation.proceed(InvocationInterceptorChain.java:106)
	at org.junit.jupiter.engine.execution.InvocationInterceptorChain.proceed(InvocationInterceptorChain.java:64)
	at org.junit.jupiter.engine.execution.InvocationInterceptorChain.chainAndInvoke(InvocationInterceptorChain.java:45)
	at org.junit.jupiter.engine.execution.InvocationInterceptorChain.invoke(InvocationInterceptorChain.java:37)
	at org.junit.jupiter.engine.execution.ExecutableInvoker.invoke(ExecutableInvoker.java:104)
	at org.junit.jupiter.engine.execution.ExecutableInvoker.invoke(ExecutableInvoker.java:98)
	at org.junit.jupiter.engine.descriptor.TestMethodTestDescriptor.lambda$invokeTestMethod$7(TestMethodTestDescriptor.java:214)
	at org.junit.platform.engine.support.hierarchical.ThrowableCollector.execute(ThrowableCollector.java:73)
	at org.junit.jupiter.engine.descriptor.TestMethodTestDescriptor.invokeTestMethod(TestMethodTestDescriptor.java:210)
	at org.junit.jupiter.engine.descriptor.TestMethodTestDescriptor.execute(TestMethodTestDescriptor.java:135)
	at org.junit.jupiter.engine.descriptor.TestMethodTestDescriptor.execute(TestMethodTestDescriptor.java:66)
	at org.junit.platform.engine.support.hierarchical.NodeTestTask.lambda$executeRecursively$6(NodeTestTask.java:151)
	at org.junit.platform.engine.support.hierarchical.ThrowableCollector.execute(ThrowableCollector.java:73)
	at org.junit.platform.engine.support.hierarchical.NodeTestTask.lambda$executeRecursively$8(NodeTestTask.java:141)
	at org.junit.platform.engine.support.hierarchical.Node.around(Node.java:137)
	at org.junit.platform.engine.support.hierarchical.NodeTestTask.lambda$executeRecursively$9(NodeTestTask.java:139)
	at org.junit.platform.engine.support.hierarchical.ThrowableCollector.execute(ThrowableCollector.java:73)
	at org.junit.platform.engine.support.hierarchical.NodeTestTask.executeRecursively(NodeTestTask.java:138)
	at org.junit.platform.engine.support.hierarchical.NodeTestTask.execute(NodeTestTask.java:95)
	at java.base/java.util.ArrayList.forEach(ArrayList.java:1597)
	at org.junit.platform.engine.support.hierarchical.SameThreadHierarchicalTestExecutorService.invokeAll(SameThreadHierarchicalTestExecutorService.java:41)
	at org.junit.platform.engine.support.hierarchical.NodeTestTask.lambda$executeRecursively$6(NodeTestTask.java:155)
	at org.junit.platform.engine.support.hierarchical.ThrowableCollector.execute(ThrowableCollector.java:73)
	at org.junit.platform.engine.support.hierarchical.NodeTestTask.lambda$executeRecursively$8(NodeTestTask.java:141)
	at org.junit.platform.engine.support.hierarchical.Node.around(Node.java:137)
	at org.junit.platform.engine.support.hierarchical.NodeTestTask.lambda$executeRecursively$9(NodeTestTask.java:139)
	at org.junit.platform.engine.support.hierarchical.ThrowableCollector.execute(ThrowableCollector.java:73)
	at org.junit.platform.engine.support.hierarchical.NodeTestTask.executeRecursively(NodeTestTask.java:138)
	at org.junit.platform.engine.support.hierarchical.NodeTestTask.execute(NodeTestTask.java:95)
	at java.base/java.util.ArrayList.forEach(ArrayList.java:1597)
	at org.junit.platform.engine.support.hierarchical.SameThreadHierarchicalTestExecutorService.invokeAll(SameThreadHierarchicalTestExecutorService.java:41)
	at org.junit.platform.engine.support.hierarchical.NodeTestTask.lambda$executeRecursively$6(NodeTestTask.java:155)
	at org.junit.platform.engine.support.hierarchical.ThrowableCollector.execute(ThrowableCollector.java:73)
	at org.junit.platform.engine.support.hierarchical.NodeTestTask.lambda$executeRecursively$8(NodeTestTask.java:141)
	at org.junit.platform.engine.support.hierarchical.Node.around(Node.java:137)
	at org.junit.platform.engine.support.hierarchical.NodeTestTask.lambda$executeRecursively$9(NodeTestTask.java:139)
	at org.junit.platform.engine.support.hierarchical.ThrowableCollector.execute(ThrowableCollector.java:73)
	at org.junit.platform.engine.support.hierarchical.NodeTestTask.executeRecursively(NodeTestTask.java:138)
	at org.junit.platform.engine.support.hierarchical.NodeTestTask.execute(NodeTestTask.java:95)
	at org.junit.platform.engine.support.hierarchical.SameThreadHierarchicalTestExecutorService.submit(SameThreadHierarchicalTestExecutorService.java:35)
	at org.junit.platform.engine.support.hierarchical.HierarchicalTestExecutor.execute(HierarchicalTestExecutor.java:57)
	at org.junit.platform.engine.support.hierarchical.HierarchicalTestEngine.execute(HierarchicalTestEngine.java:54)
	at org.junit.platform.launcher.core.EngineExecutionOrchestrator.execute(EngineExecutionOrchestrator.java:107)
	at org.junit.platform.launcher.core.EngineExecutionOrchestrator.execute(EngineExecutionOrchestrator.java:88)
	at org.junit.platform.launcher.core.EngineExecutionOrchestrator.lambda$execute$0(EngineExecutionOrchestrator.java:54)
	at org.junit.platform.launcher.core.EngineExecutionOrchestrator.withInterceptedStreams(EngineExecutionOrchestrator.java:67)
	at org.junit.platform.launcher.core.EngineExecutionOrchestrator.execute(EngineExecutionOrchestrator.java:52)
	at org.junit.platform.launcher.core.DefaultLauncher.execute(DefaultLauncher.java:114)
	at org.junit.platform.launcher.core.DefaultLauncher.execute(DefaultLauncher.java:86)
	at org.junit.platform.launcher.core.DefaultLauncherSession$DelegatingLauncher.execute(DefaultLauncherSession.java:86)
	at org.apache.maven.surefire.junitplatform.LazyLauncher.execute(LazyLauncher.java:56)
	at org.apache.maven.surefire.junitplatform.JUnitPlatformProvider.execute(JUnitPlatformProvider.java:184)
	at org.apache.maven.surefire.junitplatform.JUnitPlatformProvider.invokeAllTests(JUnitPlatformProvider.java:148)
	at org.apache.maven.surefire.junitplatform.JUnitPlatformProvider.invoke(JUnitPlatformProvider.java:122)
	at org.apache.maven.surefire.booter.ForkedBooter.runSuitesInProcess(ForkedBooter.java:385)
	at org.apache.maven.surefire.booter.ForkedBooter.execute(ForkedBooter.java:162)
	at org.apache.maven.surefire.booter.ForkedBooter.run(ForkedBooter.java:507)
	at org.apache.maven.surefire.booter.ForkedBooter.main(ForkedBooter.java:495)
12:09:21.289 [main] DEBUG software.amazon.awssdk.auth.credentials.AwsCredentialsProviderChain - Loading credentials from EnvironmentVariableCredentialsProvider()
12:09:21.304 [main] DEBUG software.amazon.awssdk.core.interceptor.ExecutionInterceptorChain - Interceptor 'software.amazon.awssdk.transfer.s3.internal.ApplyUserAgentInterceptor@601cbd8c' modified the message with its modifyRequest method.
12:09:21.336 [main] DEBUG software.amazon.awssdk.core.interceptor.ExecutionInterceptorChain - Interceptor 'software.amazon.awssdk.services.s3.endpoints.internal.S3RequestSetEndpointInterceptor@3c5a54b7' modified the message with its modifyHttpRequest method.
12:09:21.336 [main] DEBUG software.amazon.awssdk.core.interceptor.ExecutionInterceptorChain - Interceptor 'software.amazon.awssdk.services.s3.internal.handlers.EnableTrailingChecksumInterceptor@4d6f623d' modified the message with its modifyHttpRequest method.
12:09:21.383 [main] DEBUG software.amazon.awssdk.request - Sending Request: DefaultSdkHttpFullRequest(httpMethod=GET, protocol=https, host=invalid-bucket-name.s3.eu-north-1.amazonaws.com, encodedPath=/cc, headers=[amz-sdk-invocation-id, User-Agent, x-amz-te], queryParameters=[])
12:09:21.383 [main] DEBUG software.amazon.awssdk.core.internal.http.pipeline.stages.SigningStage - Using SelectedAuthScheme: aws.auth#sigv4
12:09:21.398 [main] DEBUG software.amazon.awssdk.http.auth.aws.internal.signer.DefaultV4RequestSigner - AWS4 Canonical Request: GET
/cc

amz-sdk-invocation-id:7f1cf8f2-cc62-f26c-7651-c2232b24542d
amz-sdk-request:attempt=1; max=4
host:invalid-bucket-name.s3.eu-north-1.amazonaws.com
x-amz-content-sha256:UNSIGNED-PAYLOAD
x-amz-date:20240630T100921Z
x-amz-te:append-md5

amz-sdk-invocation-id;amz-sdk-request;host;x-amz-content-sha256;x-amz-date;x-amz-te
UNSIGNED-PAYLOAD
12:09:21.415 [main] DEBUG software.amazon.awssdk.http.auth.aws.internal.signer.DefaultV4RequestSigner - AWS4 Canonical Request Hash: 4e5a9915b58c7c32297d429fc35ad7cbf47292b174e81638784350b8fbd7f01f
12:09:21.415 [main] DEBUG software.amazon.awssdk.http.auth.aws.internal.signer.DefaultV4RequestSigner - AWS4 String to sign: AWS4-HMAC-SHA256
20240630T100921Z
20240630/eu-north-1/s3/aws4_request
4e5a9915b58c7c32297d429fc35ad7cbf47292b174e81638784350b8fbd7f01f
12:09:21.792 [main] DEBUG software.amazon.awssdk.http.apache.internal.conn.SdkTlsSocketFactory - socket.getSupportedProtocols(): [TLSv1.3, TLSv1.2, TLSv1.1, TLSv1, SSLv3, SSLv2Hello], socket.getEnabledProtocols(): [TLSv1.3, TLSv1.2]
12:09:22.168 [main] DEBUG software.amazon.awssdk.http.apache.internal.net.SdkSslSocket - created: invalid-bucket-name.s3.eu-north-1.amazonaws.com/3.5.216.53:443
12:09:22.262 [main] DEBUG software.amazon.awssdk.requestId - Received failed response: 301, Request ID: N789VEB2XYB5DREA, Extended Request ID: IY2/LceAvheq+eSOxw8jguEpX1MeBxDMs/A2h/V0OeRRjN2nmCCWls7VNv1EGMPYdvS4CUXTdZfyAjCeihVE1uul9NK3/UWeY/ViJobJOuY=
12:09:22.262 [main] DEBUG software.amazon.awssdk.request - Received failed response: 301, Request ID: N789VEB2XYB5DREA, Extended Request ID: IY2/LceAvheq+eSOxw8jguEpX1MeBxDMs/A2h/V0OeRRjN2nmCCWls7VNv1EGMPYdvS4CUXTdZfyAjCeihVE1uul9NK3/UWeY/ViJobJOuY=
]]></system-out>
    <system-err><![CDATA[software.amazon.awssdk.services.s3.model.S3Exception: The bucket you are attempting to access must be addressed using the specified endpoint. Please send all future requests to this endpoint. (Service: S3, Status Code: 301, Request ID: N789VEB2XYB5DREA, Extended Request ID: IY2/LceAvheq+eSOxw8jguEpX1MeBxDMs/A2h/V0OeRRjN2nmCCWls7VNv1EGMPYdvS4CUXTdZfyAjCeihVE1uul9NK3/UWeY/ViJobJOuY=)
	at software.amazon.awssdk.core.internal.http.CombinedResponseHandler.handleErrorResponse(CombinedResponseHandler.java:125)
	at software.amazon.awssdk.core.internal.http.CombinedResponseHandler.handleResponse(CombinedResponseHandler.java:82)
	at software.amazon.awssdk.core.internal.http.CombinedResponseHandler.handle(CombinedResponseHandler.java:60)
	at software.amazon.awssdk.core.internal.http.CombinedResponseHandler.handle(CombinedResponseHandler.java:41)
	at software.amazon.awssdk.core.internal.http.pipeline.stages.HandleResponseStage.execute(HandleResponseStage.java:50)
	at software.amazon.awssdk.core.internal.http.pipeline.stages.HandleResponseStage.execute(HandleResponseStage.java:38)
	at software.amazon.awssdk.core.internal.http.pipeline.RequestPipelineBuilder$ComposingRequestPipelineStage.execute(RequestPipelineBuilder.java:206)
	at software.amazon.awssdk.core.internal.http.pipeline.stages.ApiCallAttemptTimeoutTrackingStage.execute(ApiCallAttemptTimeoutTrackingStage.java:72)
	at software.amazon.awssdk.core.internal.http.pipeline.stages.ApiCallAttemptTimeoutTrackingStage.execute(ApiCallAttemptTimeoutTrackingStage.java:42)
	at software.amazon.awssdk.core.internal.http.pipeline.stages.TimeoutExceptionHandlingStage.execute(TimeoutExceptionHandlingStage.java:78)
	at software.amazon.awssdk.core.internal.http.pipeline.stages.TimeoutExceptionHandlingStage.execute(TimeoutExceptionHandlingStage.java:40)
	at software.amazon.awssdk.core.internal.http.pipeline.stages.ApiCallAttemptMetricCollectionStage.execute(ApiCallAttemptMetricCollectionStage.java:55)
	at software.amazon.awssdk.core.internal.http.pipeline.stages.ApiCallAttemptMetricCollectionStage.execute(ApiCallAttemptMetricCollectionStage.java:39)
	at software.amazon.awssdk.core.internal.http.pipeline.stages.RetryableStage.execute(RetryableStage.java:81)
	at software.amazon.awssdk.core.internal.http.pipeline.stages.RetryableStage.execute(RetryableStage.java:36)
	at software.amazon.awssdk.core.internal.http.pipeline.RequestPipelineBuilder$ComposingRequestPipelineStage.execute(RequestPipelineBuilder.java:206)
	at software.amazon.awssdk.core.internal.http.StreamManagingStage.execute(StreamManagingStage.java:56)
	at software.amazon.awssdk.core.internal.http.StreamManagingStage.execute(StreamManagingStage.java:36)
	at software.amazon.awssdk.core.internal.http.pipeline.stages.ApiCallTimeoutTrackingStage.executeWithTimer(ApiCallTimeoutTrackingStage.java:80)
	at software.amazon.awssdk.core.internal.http.pipeline.stages.ApiCallTimeoutTrackingStage.execute(ApiCallTimeoutTrackingStage.java:60)
	at software.amazon.awssdk.core.internal.http.pipeline.stages.ApiCallTimeoutTrackingStage.execute(ApiCallTimeoutTrackingStage.java:42)
	at software.amazon.awssdk.core.internal.http.pipeline.stages.ApiCallMetricCollectionStage.execute(ApiCallMetricCollectionStage.java:50)
	at software.amazon.awssdk.core.internal.http.pipeline.stages.ApiCallMetricCollectionStage.execute(ApiCallMetricCollectionStage.java:32)
	at software.amazon.awssdk.core.internal.http.pipeline.RequestPipelineBuilder$ComposingRequestPipelineStage.execute(RequestPipelineBuilder.java:206)
	at software.amazon.awssdk.core.internal.http.pipeline.RequestPipelineBuilder$ComposingRequestPipelineStage.execute(RequestPipelineBuilder.java:206)
	at software.amazon.awssdk.core.internal.http.pipeline.stages.ExecutionFailureExceptionReportingStage.execute(ExecutionFailureExceptionReportingStage.java:37)
	at software.amazon.awssdk.core.internal.http.pipeline.stages.ExecutionFailureExceptionReportingStage.execute(ExecutionFailureExceptionReportingStage.java:26)
	at software.amazon.awssdk.core.internal.http.AmazonSyncHttpClient$RequestExecutionBuilderImpl.execute(AmazonSyncHttpClient.java:224)
	at software.amazon.awssdk.core.internal.handler.BaseSyncClientHandler.invoke(BaseSyncClientHandler.java:103)
	at software.amazon.awssdk.core.internal.handler.BaseSyncClientHandler.doExecute(BaseSyncClientHandler.java:173)
	at software.amazon.awssdk.core.internal.handler.BaseSyncClientHandler.lambda$execute$0(BaseSyncClientHandler.java:66)
	at software.amazon.awssdk.core.internal.handler.BaseSyncClientHandler.measureApiCallSuccess(BaseSyncClientHandler.java:182)
	at software.amazon.awssdk.core.internal.handler.BaseSyncClientHandler.execute(BaseSyncClientHandler.java:60)
	at software.amazon.awssdk.core.client.handler.SdkSyncClientHandler.execute(SdkSyncClientHandler.java:52)
	at software.amazon.awssdk.awscore.client.handler.AwsSyncClientHandler.execute(AwsSyncClientHandler.java:60)
	at software.amazon.awssdk.services.s3.DefaultS3Client.getObject(DefaultS3Client.java:5203)
	at software.amazon.awssdk.services.s3.S3Client.getObjectAsBytes(S3Client.java:9542)
	at com.cloud.CloudUploaderTest$2.download(CloudUploaderTest.java:104)
	at com.cloud.CloudUploaderTest.testDownloadFailure(CloudUploaderTest.java:116)
	at java.base/jdk.internal.reflect.DirectMethodHandleAccessor.invoke(DirectMethodHandleAccessor.java:103)
	at java.base/java.lang.reflect.Method.invoke(Method.java:580)
	at org.junit.platform.commons.util.ReflectionUtils.invokeMethod(ReflectionUtils.java:725)
	at org.junit.jupiter.engine.execution.MethodInvocation.proceed(MethodInvocation.java:60)
	at org.junit.jupiter.engine.execution.InvocationInterceptorChain$ValidatingInvocation.proceed(InvocationInterceptorChain.java:131)
	at org.junit.jupiter.engine.extension.TimeoutExtension.intercept(TimeoutExtension.java:149)
	at org.junit.jupiter.engine.extension.TimeoutExtension.interceptTestableMethod(TimeoutExtension.java:140)
	at org.junit.jupiter.engine.extension.TimeoutExtension.interceptTestMethod(TimeoutExtension.java:84)
	at org.junit.jupiter.engine.execution.ExecutableInvoker$ReflectiveInterceptorCall.lambda$ofVoidMethod$0(ExecutableInvoker.java:115)
	at org.junit.jupiter.engine.execution.ExecutableInvoker.lambda$invoke$0(ExecutableInvoker.java:105)
	at org.junit.jupiter.engine.execution.InvocationInterceptorChain$InterceptedInvocation.proceed(InvocationInterceptorChain.java:106)
	at org.junit.jupiter.engine.execution.InvocationInterceptorChain.proceed(InvocationInterceptorChain.java:64)
	at org.junit.jupiter.engine.execution.InvocationInterceptorChain.chainAndInvoke(InvocationInterceptorChain.java:45)
	at org.junit.jupiter.engine.execution.InvocationInterceptorChain.invoke(InvocationInterceptorChain.java:37)
	at org.junit.jupiter.engine.execution.ExecutableInvoker.invoke(ExecutableInvoker.java:104)
	at org.junit.jupiter.engine.execution.ExecutableInvoker.invoke(ExecutableInvoker.java:98)
	at org.junit.jupiter.engine.descriptor.TestMethodTestDescriptor.lambda$invokeTestMethod$7(TestMethodTestDescriptor.java:214)
	at org.junit.platform.engine.support.hierarchical.ThrowableCollector.execute(ThrowableCollector.java:73)
	at org.junit.jupiter.engine.descriptor.TestMethodTestDescriptor.invokeTestMethod(TestMethodTestDescriptor.java:210)
	at org.junit.jupiter.engine.descriptor.TestMethodTestDescriptor.execute(TestMethodTestDescriptor.java:135)
	at org.junit.jupiter.engine.descriptor.TestMethodTestDescriptor.execute(TestMethodTestDescriptor.java:66)
	at org.junit.platform.engine.support.hierarchical.NodeTestTask.lambda$executeRecursively$6(NodeTestTask.java:151)
	at org.junit.platform.engine.support.hierarchical.ThrowableCollector.execute(ThrowableCollector.java:73)
	at org.junit.platform.engine.support.hierarchical.NodeTestTask.lambda$executeRecursively$8(NodeTestTask.java:141)
	at org.junit.platform.engine.support.hierarchical.Node.around(Node.java:137)
	at org.junit.platform.engine.support.hierarchical.NodeTestTask.lambda$executeRecursively$9(NodeTestTask.java:139)
	at org.junit.platform.engine.support.hierarchical.ThrowableCollector.execute(ThrowableCollector.java:73)
	at org.junit.platform.engine.support.hierarchical.NodeTestTask.executeRecursively(NodeTestTask.java:138)
	at org.junit.platform.engine.support.hierarchical.NodeTestTask.execute(NodeTestTask.java:95)
	at java.base/java.util.ArrayList.forEach(ArrayList.java:1597)
	at org.junit.platform.engine.support.hierarchical.SameThreadHierarchicalTestExecutorService.invokeAll(SameThreadHierarchicalTestExecutorService.java:41)
	at org.junit.platform.engine.support.hierarchical.NodeTestTask.lambda$executeRecursively$6(NodeTestTask.java:155)
	at org.junit.platform.engine.support.hierarchical.ThrowableCollector.execute(ThrowableCollector.java:73)
	at org.junit.platform.engine.support.hierarchical.NodeTestTask.lambda$executeRecursively$8(NodeTestTask.java:141)
	at org.junit.platform.engine.support.hierarchical.Node.around(Node.java:137)
	at org.junit.platform.engine.support.hierarchical.NodeTestTask.lambda$executeRecursively$9(NodeTestTask.java:139)
	at org.junit.platform.engine.support.hierarchical.ThrowableCollector.execute(ThrowableCollector.java:73)
	at org.junit.platform.engine.support.hierarchical.NodeTestTask.executeRecursively(NodeTestTask.java:138)
	at org.junit.platform.engine.support.hierarchical.NodeTestTask.execute(NodeTestTask.java:95)
	at java.base/java.util.ArrayList.forEach(ArrayList.java:1597)
	at org.junit.platform.engine.support.hierarchical.SameThreadHierarchicalTestExecutorService.invokeAll(SameThreadHierarchicalTestExecutorService.java:41)
	at org.junit.platform.engine.support.hierarchical.NodeTestTask.lambda$executeRecursively$6(NodeTestTask.java:155)
	at org.junit.platform.engine.support.hierarchical.ThrowableCollector.execute(ThrowableCollector.java:73)
	at org.junit.platform.engine.support.hierarchical.NodeTestTask.lambda$executeRecursively$8(NodeTestTask.java:141)
	at org.junit.platform.engine.support.hierarchical.Node.around(Node.java:137)
	at org.junit.platform.engine.support.hierarchical.NodeTestTask.lambda$executeRecursively$9(NodeTestTask.java:139)
	at org.junit.platform.engine.support.hierarchical.ThrowableCollector.execute(ThrowableCollector.java:73)
	at org.junit.platform.engine.support.hierarchical.NodeTestTask.executeRecursively(NodeTestTask.java:138)
	at org.junit.platform.engine.support.hierarchical.NodeTestTask.execute(NodeTestTask.java:95)
	at org.junit.platform.engine.support.hierarchical.SameThreadHierarchicalTestExecutorService.submit(SameThreadHierarchicalTestExecutorService.java:35)
	at org.junit.platform.engine.support.hierarchical.HierarchicalTestExecutor.execute(HierarchicalTestExecutor.java:57)
	at org.junit.platform.engine.support.hierarchical.HierarchicalTestEngine.execute(HierarchicalTestEngine.java:54)
	at org.junit.platform.launcher.core.EngineExecutionOrchestrator.execute(EngineExecutionOrchestrator.java:107)
	at org.junit.platform.launcher.core.EngineExecutionOrchestrator.execute(EngineExecutionOrchestrator.java:88)
	at org.junit.platform.launcher.core.EngineExecutionOrchestrator.lambda$execute$0(EngineExecutionOrchestrator.java:54)
	at org.junit.platform.launcher.core.EngineExecutionOrchestrator.withInterceptedStreams(EngineExecutionOrchestrator.java:67)
	at org.junit.platform.launcher.core.EngineExecutionOrchestrator.execute(EngineExecutionOrchestrator.java:52)
	at org.junit.platform.launcher.core.DefaultLauncher.execute(DefaultLauncher.java:114)
	at org.junit.platform.launcher.core.DefaultLauncher.execute(DefaultLauncher.java:86)
	at org.junit.platform.launcher.core.DefaultLauncherSession$DelegatingLauncher.execute(DefaultLauncherSession.java:86)
	at org.apache.maven.surefire.junitplatform.LazyLauncher.execute(LazyLauncher.java:56)
	at org.apache.maven.surefire.junitplatform.JUnitPlatformProvider.execute(JUnitPlatformProvider.java:184)
	at org.apache.maven.surefire.junitplatform.JUnitPlatformProvider.invokeAllTests(JUnitPlatformProvider.java:148)
	at org.apache.maven.surefire.junitplatform.JUnitPlatformProvider.invoke(JUnitPlatformProvider.java:122)
	at org.apache.maven.surefire.booter.ForkedBooter.runSuitesInProcess(ForkedBooter.java:385)
	at org.apache.maven.surefire.booter.ForkedBooter.execute(ForkedBooter.java:162)
	at org.apache.maven.surefire.booter.ForkedBooter.run(ForkedBooter.java:507)
	at org.apache.maven.surefire.booter.ForkedBooter.main(ForkedBooter.java:495)
]]></system-err>
  </testcase>
  <testcase name="testUpload" classname="com.cloud.CloudUploaderTest" time="1.033">
    <system-out><![CDATA[12:09:22.419 [main] DEBUG software.amazon.awssdk.core.interceptor.ExecutionInterceptorChain - Creating an interceptor chain that will apply interceptors in the following order: [software.amazon.awssdk.core.internal.interceptor.HttpChecksumValidationInterceptor@5b852b49, software.amazon.awssdk.awscore.interceptor.HelpfulUnknownHostExceptionInterceptor@cdb2d95, software.amazon.awssdk.awscore.eventstream.EventStreamInitialRequestInterceptor@122d6c22, software.amazon.awssdk.awscore.interceptor.TraceIdExecutionInterceptor@2f5ac102, software.amazon.awssdk.services.s3.auth.scheme.internal.S3AuthSchemeInterceptor@5df778c3, software.amazon.awssdk.services.s3.endpoints.internal.S3ResolveEndpointInterceptor@895416d, software.amazon.awssdk.services.s3.endpoints.internal.S3RequestSetEndpointInterceptor@71a06021, software.amazon.awssdk.services.s3.internal.handlers.StreamingRequestInterceptor@80bfdc6, software.amazon.awssdk.services.s3.internal.handlers.CreateBucketInterceptor@6edcad64, software.amazon.awssdk.services.s3.internal.handlers.CreateMultipartUploadRequestInterceptor@4c6007fb, software.amazon.awssdk.services.s3.internal.handlers.DecodeUrlEncodedResponseInterceptor@3e33d73e, software.amazon.awssdk.services.s3.internal.handlers.GetBucketPolicyInterceptor@6981f8f3, software.amazon.awssdk.services.s3.internal.handlers.S3ExpressChecksumInterceptor@623dcf2a, software.amazon.awssdk.services.s3.internal.handlers.AsyncChecksumValidationInterceptor@2eae4349, software.amazon.awssdk.services.s3.internal.handlers.SyncChecksumValidationInterceptor@e84fb85, software.amazon.awssdk.services.s3.internal.handlers.EnableTrailingChecksumInterceptor@68a4dcc6, software.amazon.awssdk.services.s3.internal.handlers.ExceptionTranslationInterceptor@646c0a67, software.amazon.awssdk.services.s3.internal.handlers.GetObjectInterceptor@3804a9a8, software.amazon.awssdk.services.s3.internal.handlers.CopySourceInterceptor@117525fe, software.amazon.awssdk.services.s3.internal.handlers.ObjectMetadataInterceptor@5f7989fa, software.amazon.awssdk.transfer.s3.internal.ApplyUserAgentInterceptor@5bc28f40]
12:09:22.419 [main] DEBUG software.amazon.awssdk.auth.credentials.AwsCredentialsProviderChain - Unable to load credentials from SystemPropertyCredentialsProvider(): Unable to load credentials from system settings. Access key must be specified either via environment variable (AWS_ACCESS_KEY_ID) or system property (aws.accessKeyId).
software.amazon.awssdk.core.exception.SdkClientException: Unable to load credentials from system settings. Access key must be specified either via environment variable (AWS_ACCESS_KEY_ID) or system property (aws.accessKeyId).
	at software.amazon.awssdk.core.exception.SdkClientException$BuilderImpl.build(SdkClientException.java:111)
	at software.amazon.awssdk.auth.credentials.internal.SystemSettingsCredentialsProvider.resolveCredentials(SystemSettingsCredentialsProvider.java:60)
	at software.amazon.awssdk.auth.credentials.AwsCredentialsProvider.resolveIdentity(AwsCredentialsProvider.java:54)
	at software.amazon.awssdk.identity.spi.IdentityProvider.resolveIdentity(IdentityProvider.java:60)
	at software.amazon.awssdk.auth.credentials.AwsCredentialsProviderChain.resolveCredentials(AwsCredentialsProviderChain.java:109)
	at software.amazon.awssdk.auth.credentials.internal.LazyAwsCredentialsProvider.resolveCredentials(LazyAwsCredentialsProvider.java:45)
	at software.amazon.awssdk.auth.credentials.DefaultCredentialsProvider.resolveCredentials(DefaultCredentialsProvider.java:129)
	at software.amazon.awssdk.auth.credentials.AwsCredentialsProvider.resolveIdentity(AwsCredentialsProvider.java:54)
	at software.amazon.awssdk.services.s3.auth.scheme.internal.S3AuthSchemeInterceptor.lambda$trySelectAuthScheme$4(S3AuthSchemeInterceptor.java:162)
	at software.amazon.awssdk.core.internal.util.MetricUtils.reportDuration(MetricUtils.java:77)
	at software.amazon.awssdk.services.s3.auth.scheme.internal.S3AuthSchemeInterceptor.trySelectAuthScheme(S3AuthSchemeInterceptor.java:162)
	at software.amazon.awssdk.services.s3.auth.scheme.internal.S3AuthSchemeInterceptor.selectAuthScheme(S3AuthSchemeInterceptor.java:84)
	at software.amazon.awssdk.services.s3.auth.scheme.internal.S3AuthSchemeInterceptor.beforeExecution(S3AuthSchemeInterceptor.java:64)
	at software.amazon.awssdk.core.interceptor.ExecutionInterceptorChain.lambda$beforeExecution$1(ExecutionInterceptorChain.java:59)
	at java.base/java.util.ArrayList.forEach(ArrayList.java:1597)
	at software.amazon.awssdk.core.interceptor.ExecutionInterceptorChain.beforeExecution(ExecutionInterceptorChain.java:59)
	at software.amazon.awssdk.awscore.internal.AwsExecutionContextBuilder.runInitialInterceptors(AwsExecutionContextBuilder.java:241)
	at software.amazon.awssdk.awscore.internal.AwsExecutionContextBuilder.invokeInterceptorsAndCreateExecutionContext(AwsExecutionContextBuilder.java:132)
	at software.amazon.awssdk.awscore.client.handler.AwsSyncClientHandler.invokeInterceptorsAndCreateExecutionContext(AwsSyncClientHandler.java:67)
	at software.amazon.awssdk.core.internal.handler.BaseSyncClientHandler.lambda$execute$1(BaseSyncClientHandler.java:76)
	at software.amazon.awssdk.core.internal.handler.BaseSyncClientHandler.measureApiCallSuccess(BaseSyncClientHandler.java:182)
	at software.amazon.awssdk.core.internal.handler.BaseSyncClientHandler.execute(BaseSyncClientHandler.java:74)
	at software.amazon.awssdk.core.client.handler.SdkSyncClientHandler.execute(SdkSyncClientHandler.java:45)
	at software.amazon.awssdk.awscore.client.handler.AwsSyncClientHandler.execute(AwsSyncClientHandler.java:53)
	at software.amazon.awssdk.services.s3.DefaultS3Client.putObject(DefaultS3Client.java:10220)
	at com.cloud.CloudUploader.upload(CloudUploader.java:38)
	at com.cloud.CloudUploaderTest.testUpload(CloudUploaderTest.java:32)
	at java.base/jdk.internal.reflect.DirectMethodHandleAccessor.invoke(DirectMethodHandleAccessor.java:103)
	at java.base/java.lang.reflect.Method.invoke(Method.java:580)
	at org.junit.platform.commons.util.ReflectionUtils.invokeMethod(ReflectionUtils.java:725)
	at org.junit.jupiter.engine.execution.MethodInvocation.proceed(MethodInvocation.java:60)
	at org.junit.jupiter.engine.execution.InvocationInterceptorChain$ValidatingInvocation.proceed(InvocationInterceptorChain.java:131)
	at org.junit.jupiter.engine.extension.TimeoutExtension.intercept(TimeoutExtension.java:149)
	at org.junit.jupiter.engine.extension.TimeoutExtension.interceptTestableMethod(TimeoutExtension.java:140)
	at org.junit.jupiter.engine.extension.TimeoutExtension.interceptTestMethod(TimeoutExtension.java:84)
	at org.junit.jupiter.engine.execution.ExecutableInvoker$ReflectiveInterceptorCall.lambda$ofVoidMethod$0(ExecutableInvoker.java:115)
	at org.junit.jupiter.engine.execution.ExecutableInvoker.lambda$invoke$0(ExecutableInvoker.java:105)
	at org.junit.jupiter.engine.execution.InvocationInterceptorChain$InterceptedInvocation.proceed(InvocationInterceptorChain.java:106)
	at org.junit.jupiter.engine.execution.InvocationInterceptorChain.proceed(InvocationInterceptorChain.java:64)
	at org.junit.jupiter.engine.execution.InvocationInterceptorChain.chainAndInvoke(InvocationInterceptorChain.java:45)
	at org.junit.jupiter.engine.execution.InvocationInterceptorChain.invoke(InvocationInterceptorChain.java:37)
	at org.junit.jupiter.engine.execution.ExecutableInvoker.invoke(ExecutableInvoker.java:104)
	at org.junit.jupiter.engine.execution.ExecutableInvoker.invoke(ExecutableInvoker.java:98)
	at org.junit.jupiter.engine.descriptor.TestMethodTestDescriptor.lambda$invokeTestMethod$7(TestMethodTestDescriptor.java:214)
	at org.junit.platform.engine.support.hierarchical.ThrowableCollector.execute(ThrowableCollector.java:73)
	at org.junit.jupiter.engine.descriptor.TestMethodTestDescriptor.invokeTestMethod(TestMethodTestDescriptor.java:210)
	at org.junit.jupiter.engine.descriptor.TestMethodTestDescriptor.execute(TestMethodTestDescriptor.java:135)
	at org.junit.jupiter.engine.descriptor.TestMethodTestDescriptor.execute(TestMethodTestDescriptor.java:66)
	at org.junit.platform.engine.support.hierarchical.NodeTestTask.lambda$executeRecursively$6(NodeTestTask.java:151)
	at org.junit.platform.engine.support.hierarchical.ThrowableCollector.execute(ThrowableCollector.java:73)
	at org.junit.platform.engine.support.hierarchical.NodeTestTask.lambda$executeRecursively$8(NodeTestTask.java:141)
	at org.junit.platform.engine.support.hierarchical.Node.around(Node.java:137)
	at org.junit.platform.engine.support.hierarchical.NodeTestTask.lambda$executeRecursively$9(NodeTestTask.java:139)
	at org.junit.platform.engine.support.hierarchical.ThrowableCollector.execute(ThrowableCollector.java:73)
	at org.junit.platform.engine.support.hierarchical.NodeTestTask.executeRecursively(NodeTestTask.java:138)
	at org.junit.platform.engine.support.hierarchical.NodeTestTask.execute(NodeTestTask.java:95)
	at java.base/java.util.ArrayList.forEach(ArrayList.java:1597)
	at org.junit.platform.engine.support.hierarchical.SameThreadHierarchicalTestExecutorService.invokeAll(SameThreadHierarchicalTestExecutorService.java:41)
	at org.junit.platform.engine.support.hierarchical.NodeTestTask.lambda$executeRecursively$6(NodeTestTask.java:155)
	at org.junit.platform.engine.support.hierarchical.ThrowableCollector.execute(ThrowableCollector.java:73)
	at org.junit.platform.engine.support.hierarchical.NodeTestTask.lambda$executeRecursively$8(NodeTestTask.java:141)
	at org.junit.platform.engine.support.hierarchical.Node.around(Node.java:137)
	at org.junit.platform.engine.support.hierarchical.NodeTestTask.lambda$executeRecursively$9(NodeTestTask.java:139)
	at org.junit.platform.engine.support.hierarchical.ThrowableCollector.execute(ThrowableCollector.java:73)
	at org.junit.platform.engine.support.hierarchical.NodeTestTask.executeRecursively(NodeTestTask.java:138)
	at org.junit.platform.engine.support.hierarchical.NodeTestTask.execute(NodeTestTask.java:95)
	at java.base/java.util.ArrayList.forEach(ArrayList.java:1597)
	at org.junit.platform.engine.support.hierarchical.SameThreadHierarchicalTestExecutorService.invokeAll(SameThreadHierarchicalTestExecutorService.java:41)
	at org.junit.platform.engine.support.hierarchical.NodeTestTask.lambda$executeRecursively$6(NodeTestTask.java:155)
	at org.junit.platform.engine.support.hierarchical.ThrowableCollector.execute(ThrowableCollector.java:73)
	at org.junit.platform.engine.support.hierarchical.NodeTestTask.lambda$executeRecursively$8(NodeTestTask.java:141)
	at org.junit.platform.engine.support.hierarchical.Node.around(Node.java:137)
	at org.junit.platform.engine.support.hierarchical.NodeTestTask.lambda$executeRecursively$9(NodeTestTask.java:139)
	at org.junit.platform.engine.support.hierarchical.ThrowableCollector.execute(ThrowableCollector.java:73)
	at org.junit.platform.engine.support.hierarchical.NodeTestTask.executeRecursively(NodeTestTask.java:138)
	at org.junit.platform.engine.support.hierarchical.NodeTestTask.execute(NodeTestTask.java:95)
	at org.junit.platform.engine.support.hierarchical.SameThreadHierarchicalTestExecutorService.submit(SameThreadHierarchicalTestExecutorService.java:35)
	at org.junit.platform.engine.support.hierarchical.HierarchicalTestExecutor.execute(HierarchicalTestExecutor.java:57)
	at org.junit.platform.engine.support.hierarchical.HierarchicalTestEngine.execute(HierarchicalTestEngine.java:54)
	at org.junit.platform.launcher.core.EngineExecutionOrchestrator.execute(EngineExecutionOrchestrator.java:107)
	at org.junit.platform.launcher.core.EngineExecutionOrchestrator.execute(EngineExecutionOrchestrator.java:88)
	at org.junit.platform.launcher.core.EngineExecutionOrchestrator.lambda$execute$0(EngineExecutionOrchestrator.java:54)
	at org.junit.platform.launcher.core.EngineExecutionOrchestrator.withInterceptedStreams(EngineExecutionOrchestrator.java:67)
	at org.junit.platform.launcher.core.EngineExecutionOrchestrator.execute(EngineExecutionOrchestrator.java:52)
	at org.junit.platform.launcher.core.DefaultLauncher.execute(DefaultLauncher.java:114)
	at org.junit.platform.launcher.core.DefaultLauncher.execute(DefaultLauncher.java:86)
	at org.junit.platform.launcher.core.DefaultLauncherSession$DelegatingLauncher.execute(DefaultLauncherSession.java:86)
	at org.apache.maven.surefire.junitplatform.LazyLauncher.execute(LazyLauncher.java:56)
	at org.apache.maven.surefire.junitplatform.JUnitPlatformProvider.execute(JUnitPlatformProvider.java:184)
	at org.apache.maven.surefire.junitplatform.JUnitPlatformProvider.invokeAllTests(JUnitPlatformProvider.java:148)
	at org.apache.maven.surefire.junitplatform.JUnitPlatformProvider.invoke(JUnitPlatformProvider.java:122)
	at org.apache.maven.surefire.booter.ForkedBooter.runSuitesInProcess(ForkedBooter.java:385)
	at org.apache.maven.surefire.booter.ForkedBooter.execute(ForkedBooter.java:162)
	at org.apache.maven.surefire.booter.ForkedBooter.run(ForkedBooter.java:507)
	at org.apache.maven.surefire.booter.ForkedBooter.main(ForkedBooter.java:495)
12:09:22.419 [main] DEBUG software.amazon.awssdk.auth.credentials.AwsCredentialsProviderChain - Loading credentials from EnvironmentVariableCredentialsProvider()
12:09:22.419 [main] DEBUG software.amazon.awssdk.core.interceptor.ExecutionInterceptorChain - Interceptor 'software.amazon.awssdk.transfer.s3.internal.ApplyUserAgentInterceptor@5bc28f40' modified the message with its modifyRequest method.
12:09:22.419 [main] DEBUG software.amazon.awssdk.core.interceptor.ExecutionInterceptorChain - Interceptor 'software.amazon.awssdk.services.s3.endpoints.internal.S3RequestSetEndpointInterceptor@71a06021' modified the message with its modifyHttpRequest method.
12:09:22.419 [main] DEBUG software.amazon.awssdk.core.interceptor.ExecutionInterceptorChain - Interceptor 'software.amazon.awssdk.services.s3.internal.handlers.StreamingRequestInterceptor@80bfdc6' modified the message with its modifyHttpRequest method.
12:09:22.435 [main] DEBUG software.amazon.awssdk.request - Sending Request: DefaultSdkHttpFullRequest(httpMethod=PUT, protocol=https, host=progettoedids.s3.eu-north-1.amazonaws.com, encodedPath=/cc, headers=[amz-sdk-invocation-id, Content-Length, Content-Type, Expect, User-Agent], queryParameters=[])
12:09:22.435 [main] DEBUG software.amazon.awssdk.core.internal.http.pipeline.stages.SigningStage - Using SelectedAuthScheme: aws.auth#sigv4
12:09:22.435 [main] DEBUG software.amazon.awssdk.http.auth.aws.internal.signer.DefaultV4RequestSigner - AWS4 Canonical Request: PUT
/cc

amz-sdk-invocation-id:a860f6c9-9554-1303-0dfa-3f0409cf6204
amz-sdk-request:attempt=1; max=4
content-length:135
content-type:application/octet-stream
host:progettoedids.s3.eu-north-1.amazonaws.com
x-amz-content-sha256:UNSIGNED-PAYLOAD
x-amz-date:20240630T100922Z

amz-sdk-invocation-id;amz-sdk-request;content-length;content-type;host;x-amz-content-sha256;x-amz-date
UNSIGNED-PAYLOAD
12:09:22.435 [main] DEBUG software.amazon.awssdk.http.auth.aws.internal.signer.DefaultV4RequestSigner - AWS4 Canonical Request Hash: 5f457bc89a53ba8bf191f749f0d3c5ccce024199f1a489406c9b95d735036e9d
12:09:22.435 [main] DEBUG software.amazon.awssdk.http.auth.aws.internal.signer.DefaultV4RequestSigner - AWS4 String to sign: AWS4-HMAC-SHA256
20240630T100922Z
20240630/eu-north-1/s3/aws4_request
5f457bc89a53ba8bf191f749f0d3c5ccce024199f1a489406c9b95d735036e9d
12:09:22.561 [main] DEBUG software.amazon.awssdk.http.apache.internal.conn.SdkTlsSocketFactory - socket.getSupportedProtocols(): [TLSv1.3, TLSv1.2, TLSv1.1, TLSv1, SSLv3, SSLv2Hello], socket.getEnabledProtocols(): [TLSv1.3, TLSv1.2]
12:09:22.735 [main] DEBUG software.amazon.awssdk.http.apache.internal.net.SdkSslSocket - created: progettoedids.s3.eu-north-1.amazonaws.com/3.5.216.53:443
12:09:23.018 [main] DEBUG software.amazon.awssdk.requestId - Received successful response: 200, Request ID: R014MSXNFJXPP55G, Extended Request ID: eRM6Zqp+CLRz+4aAfPaZyy05JFVO11hcYeSHH7ethzGtf3ePUuOdf3toOTkx4MWFuo44Zy3e4kL4mLGRfIUH5jFJJFNaoHsXmQ7uX81uW60=
12:09:23.018 [main] DEBUG software.amazon.awssdk.request - Received successful response: 200, Request ID: R014MSXNFJXPP55G, Extended Request ID: eRM6Zqp+CLRz+4aAfPaZyy05JFVO11hcYeSHH7ethzGtf3ePUuOdf3toOTkx4MWFuo44Zy3e4kL4mLGRfIUH5jFJJFNaoHsXmQ7uX81uW60=
12:09:23.029 [main] DEBUG software.amazon.awssdk.core.interceptor.ExecutionInterceptorChain - Creating an interceptor chain that will apply interceptors in the following order: [software.amazon.awssdk.core.internal.interceptor.HttpChecksumValidationInterceptor@76ad6715, software.amazon.awssdk.awscore.interceptor.HelpfulUnknownHostExceptionInterceptor@56637cff, software.amazon.awssdk.awscore.eventstream.EventStreamInitialRequestInterceptor@2938127d, software.amazon.awssdk.awscore.interceptor.TraceIdExecutionInterceptor@127a7272, software.amazon.awssdk.services.s3.auth.scheme.internal.S3AuthSchemeInterceptor@ff23ae7, software.amazon.awssdk.services.s3.endpoints.internal.S3ResolveEndpointInterceptor@423b2b62, software.amazon.awssdk.services.s3.endpoints.internal.S3RequestSetEndpointInterceptor@2b7962a2, software.amazon.awssdk.services.s3.internal.handlers.StreamingRequestInterceptor@6ad16c5d, software.amazon.awssdk.services.s3.internal.handlers.CreateBucketInterceptor@74ea46e2, software.amazon.awssdk.services.s3.internal.handlers.CreateMultipartUploadRequestInterceptor@6f911326, software.amazon.awssdk.services.s3.internal.handlers.DecodeUrlEncodedResponseInterceptor@f1d0004, software.amazon.awssdk.services.s3.internal.handlers.GetBucketPolicyInterceptor@6e4f263e, software.amazon.awssdk.services.s3.internal.handlers.S3ExpressChecksumInterceptor@48b4a043, software.amazon.awssdk.services.s3.internal.handlers.AsyncChecksumValidationInterceptor@2f5b8250, software.amazon.awssdk.services.s3.internal.handlers.SyncChecksumValidationInterceptor@4821aa9f, software.amazon.awssdk.services.s3.internal.handlers.EnableTrailingChecksumInterceptor@5f481b73, software.amazon.awssdk.services.s3.internal.handlers.ExceptionTranslationInterceptor@32130e61, software.amazon.awssdk.services.s3.internal.handlers.GetObjectInterceptor@41294371, software.amazon.awssdk.services.s3.internal.handlers.CopySourceInterceptor@4996c99, software.amazon.awssdk.services.s3.internal.handlers.ObjectMetadataInterceptor@1b956cfa, software.amazon.awssdk.transfer.s3.internal.ApplyUserAgentInterceptor@315f09ef]
12:09:23.029 [main] DEBUG software.amazon.awssdk.auth.credentials.AwsCredentialsProviderChain - Unable to load credentials from SystemPropertyCredentialsProvider(): Unable to load credentials from system settings. Access key must be specified either via environment variable (AWS_ACCESS_KEY_ID) or system property (aws.accessKeyId).
software.amazon.awssdk.core.exception.SdkClientException: Unable to load credentials from system settings. Access key must be specified either via environment variable (AWS_ACCESS_KEY_ID) or system property (aws.accessKeyId).
	at software.amazon.awssdk.core.exception.SdkClientException$BuilderImpl.build(SdkClientException.java:111)
	at software.amazon.awssdk.auth.credentials.internal.SystemSettingsCredentialsProvider.resolveCredentials(SystemSettingsCredentialsProvider.java:60)
	at software.amazon.awssdk.auth.credentials.AwsCredentialsProvider.resolveIdentity(AwsCredentialsProvider.java:54)
	at software.amazon.awssdk.identity.spi.IdentityProvider.resolveIdentity(IdentityProvider.java:60)
	at software.amazon.awssdk.auth.credentials.AwsCredentialsProviderChain.resolveCredentials(AwsCredentialsProviderChain.java:109)
	at software.amazon.awssdk.auth.credentials.internal.LazyAwsCredentialsProvider.resolveCredentials(LazyAwsCredentialsProvider.java:45)
	at software.amazon.awssdk.auth.credentials.DefaultCredentialsProvider.resolveCredentials(DefaultCredentialsProvider.java:129)
	at software.amazon.awssdk.auth.credentials.AwsCredentialsProvider.resolveIdentity(AwsCredentialsProvider.java:54)
	at software.amazon.awssdk.services.s3.auth.scheme.internal.S3AuthSchemeInterceptor.lambda$trySelectAuthScheme$4(S3AuthSchemeInterceptor.java:162)
	at software.amazon.awssdk.core.internal.util.MetricUtils.reportDuration(MetricUtils.java:77)
	at software.amazon.awssdk.services.s3.auth.scheme.internal.S3AuthSchemeInterceptor.trySelectAuthScheme(S3AuthSchemeInterceptor.java:162)
	at software.amazon.awssdk.services.s3.auth.scheme.internal.S3AuthSchemeInterceptor.selectAuthScheme(S3AuthSchemeInterceptor.java:84)
	at software.amazon.awssdk.services.s3.auth.scheme.internal.S3AuthSchemeInterceptor.beforeExecution(S3AuthSchemeInterceptor.java:64)
	at software.amazon.awssdk.core.interceptor.ExecutionInterceptorChain.lambda$beforeExecution$1(ExecutionInterceptorChain.java:59)
	at java.base/java.util.ArrayList.forEach(ArrayList.java:1597)
	at software.amazon.awssdk.core.interceptor.ExecutionInterceptorChain.beforeExecution(ExecutionInterceptorChain.java:59)
	at software.amazon.awssdk.awscore.internal.AwsExecutionContextBuilder.runInitialInterceptors(AwsExecutionContextBuilder.java:241)
	at software.amazon.awssdk.awscore.internal.AwsExecutionContextBuilder.invokeInterceptorsAndCreateExecutionContext(AwsExecutionContextBuilder.java:132)
	at software.amazon.awssdk.awscore.client.handler.AwsSyncClientHandler.invokeInterceptorsAndCreateExecutionContext(AwsSyncClientHandler.java:67)
	at software.amazon.awssdk.core.internal.handler.BaseSyncClientHandler.lambda$execute$0(BaseSyncClientHandler.java:62)
	at software.amazon.awssdk.core.internal.handler.BaseSyncClientHandler.measureApiCallSuccess(BaseSyncClientHandler.java:182)
	at software.amazon.awssdk.core.internal.handler.BaseSyncClientHandler.execute(BaseSyncClientHandler.java:60)
	at software.amazon.awssdk.core.client.handler.SdkSyncClientHandler.execute(SdkSyncClientHandler.java:52)
	at software.amazon.awssdk.awscore.client.handler.AwsSyncClientHandler.execute(AwsSyncClientHandler.java:60)
	at software.amazon.awssdk.services.s3.DefaultS3Client.getObject(DefaultS3Client.java:5203)
	at software.amazon.awssdk.services.s3.S3Client.getObjectAsBytes(S3Client.java:9542)
	at com.cloud.CloudUploaderTest.testUpload(CloudUploaderTest.java:37)
	at java.base/jdk.internal.reflect.DirectMethodHandleAccessor.invoke(DirectMethodHandleAccessor.java:103)
	at java.base/java.lang.reflect.Method.invoke(Method.java:580)
	at org.junit.platform.commons.util.ReflectionUtils.invokeMethod(ReflectionUtils.java:725)
	at org.junit.jupiter.engine.execution.MethodInvocation.proceed(MethodInvocation.java:60)
	at org.junit.jupiter.engine.execution.InvocationInterceptorChain$ValidatingInvocation.proceed(InvocationInterceptorChain.java:131)
	at org.junit.jupiter.engine.extension.TimeoutExtension.intercept(TimeoutExtension.java:149)
	at org.junit.jupiter.engine.extension.TimeoutExtension.interceptTestableMethod(TimeoutExtension.java:140)
	at org.junit.jupiter.engine.extension.TimeoutExtension.interceptTestMethod(TimeoutExtension.java:84)
	at org.junit.jupiter.engine.execution.ExecutableInvoker$ReflectiveInterceptorCall.lambda$ofVoidMethod$0(ExecutableInvoker.java:115)
	at org.junit.jupiter.engine.execution.ExecutableInvoker.lambda$invoke$0(ExecutableInvoker.java:105)
	at org.junit.jupiter.engine.execution.InvocationInterceptorChain$InterceptedInvocation.proceed(InvocationInterceptorChain.java:106)
	at org.junit.jupiter.engine.execution.InvocationInterceptorChain.proceed(InvocationInterceptorChain.java:64)
	at org.junit.jupiter.engine.execution.InvocationInterceptorChain.chainAndInvoke(InvocationInterceptorChain.java:45)
	at org.junit.jupiter.engine.execution.InvocationInterceptorChain.invoke(InvocationInterceptorChain.java:37)
	at org.junit.jupiter.engine.execution.ExecutableInvoker.invoke(ExecutableInvoker.java:104)
	at org.junit.jupiter.engine.execution.ExecutableInvoker.invoke(ExecutableInvoker.java:98)
	at org.junit.jupiter.engine.descriptor.TestMethodTestDescriptor.lambda$invokeTestMethod$7(TestMethodTestDescriptor.java:214)
	at org.junit.platform.engine.support.hierarchical.ThrowableCollector.execute(ThrowableCollector.java:73)
	at org.junit.jupiter.engine.descriptor.TestMethodTestDescriptor.invokeTestMethod(TestMethodTestDescriptor.java:210)
	at org.junit.jupiter.engine.descriptor.TestMethodTestDescriptor.execute(TestMethodTestDescriptor.java:135)
	at org.junit.jupiter.engine.descriptor.TestMethodTestDescriptor.execute(TestMethodTestDescriptor.java:66)
	at org.junit.platform.engine.support.hierarchical.NodeTestTask.lambda$executeRecursively$6(NodeTestTask.java:151)
	at org.junit.platform.engine.support.hierarchical.ThrowableCollector.execute(ThrowableCollector.java:73)
	at org.junit.platform.engine.support.hierarchical.NodeTestTask.lambda$executeRecursively$8(NodeTestTask.java:141)
	at org.junit.platform.engine.support.hierarchical.Node.around(Node.java:137)
	at org.junit.platform.engine.support.hierarchical.NodeTestTask.lambda$executeRecursively$9(NodeTestTask.java:139)
	at org.junit.platform.engine.support.hierarchical.ThrowableCollector.execute(ThrowableCollector.java:73)
	at org.junit.platform.engine.support.hierarchical.NodeTestTask.executeRecursively(NodeTestTask.java:138)
	at org.junit.platform.engine.support.hierarchical.NodeTestTask.execute(NodeTestTask.java:95)
	at java.base/java.util.ArrayList.forEach(ArrayList.java:1597)
	at org.junit.platform.engine.support.hierarchical.SameThreadHierarchicalTestExecutorService.invokeAll(SameThreadHierarchicalTestExecutorService.java:41)
	at org.junit.platform.engine.support.hierarchical.NodeTestTask.lambda$executeRecursively$6(NodeTestTask.java:155)
	at org.junit.platform.engine.support.hierarchical.ThrowableCollector.execute(ThrowableCollector.java:73)
	at org.junit.platform.engine.support.hierarchical.NodeTestTask.lambda$executeRecursively$8(NodeTestTask.java:141)
	at org.junit.platform.engine.support.hierarchical.Node.around(Node.java:137)
	at org.junit.platform.engine.support.hierarchical.NodeTestTask.lambda$executeRecursively$9(NodeTestTask.java:139)
	at org.junit.platform.engine.support.hierarchical.ThrowableCollector.execute(ThrowableCollector.java:73)
	at org.junit.platform.engine.support.hierarchical.NodeTestTask.executeRecursively(NodeTestTask.java:138)
	at org.junit.platform.engine.support.hierarchical.NodeTestTask.execute(NodeTestTask.java:95)
	at java.base/java.util.ArrayList.forEach(ArrayList.java:1597)
	at org.junit.platform.engine.support.hierarchical.SameThreadHierarchicalTestExecutorService.invokeAll(SameThreadHierarchicalTestExecutorService.java:41)
	at org.junit.platform.engine.support.hierarchical.NodeTestTask.lambda$executeRecursively$6(NodeTestTask.java:155)
	at org.junit.platform.engine.support.hierarchical.ThrowableCollector.execute(ThrowableCollector.java:73)
	at org.junit.platform.engine.support.hierarchical.NodeTestTask.lambda$executeRecursively$8(NodeTestTask.java:141)
	at org.junit.platform.engine.support.hierarchical.Node.around(Node.java:137)
	at org.junit.platform.engine.support.hierarchical.NodeTestTask.lambda$executeRecursively$9(NodeTestTask.java:139)
	at org.junit.platform.engine.support.hierarchical.ThrowableCollector.execute(ThrowableCollector.java:73)
	at org.junit.platform.engine.support.hierarchical.NodeTestTask.executeRecursively(NodeTestTask.java:138)
	at org.junit.platform.engine.support.hierarchical.NodeTestTask.execute(NodeTestTask.java:95)
	at org.junit.platform.engine.support.hierarchical.SameThreadHierarchicalTestExecutorService.submit(SameThreadHierarchicalTestExecutorService.java:35)
	at org.junit.platform.engine.support.hierarchical.HierarchicalTestExecutor.execute(HierarchicalTestExecutor.java:57)
	at org.junit.platform.engine.support.hierarchical.HierarchicalTestEngine.execute(HierarchicalTestEngine.java:54)
	at org.junit.platform.launcher.core.EngineExecutionOrchestrator.execute(EngineExecutionOrchestrator.java:107)
	at org.junit.platform.launcher.core.EngineExecutionOrchestrator.execute(EngineExecutionOrchestrator.java:88)
	at org.junit.platform.launcher.core.EngineExecutionOrchestrator.lambda$execute$0(EngineExecutionOrchestrator.java:54)
	at org.junit.platform.launcher.core.EngineExecutionOrchestrator.withInterceptedStreams(EngineExecutionOrchestrator.java:67)
	at org.junit.platform.launcher.core.EngineExecutionOrchestrator.execute(EngineExecutionOrchestrator.java:52)
	at org.junit.platform.launcher.core.DefaultLauncher.execute(DefaultLauncher.java:114)
	at org.junit.platform.launcher.core.DefaultLauncher.execute(DefaultLauncher.java:86)
	at org.junit.platform.launcher.core.DefaultLauncherSession$DelegatingLauncher.execute(DefaultLauncherSession.java:86)
	at org.apache.maven.surefire.junitplatform.LazyLauncher.execute(LazyLauncher.java:56)
	at org.apache.maven.surefire.junitplatform.JUnitPlatformProvider.execute(JUnitPlatformProvider.java:184)
	at org.apache.maven.surefire.junitplatform.JUnitPlatformProvider.invokeAllTests(JUnitPlatformProvider.java:148)
	at org.apache.maven.surefire.junitplatform.JUnitPlatformProvider.invoke(JUnitPlatformProvider.java:122)
	at org.apache.maven.surefire.booter.ForkedBooter.runSuitesInProcess(ForkedBooter.java:385)
	at org.apache.maven.surefire.booter.ForkedBooter.execute(ForkedBooter.java:162)
	at org.apache.maven.surefire.booter.ForkedBooter.run(ForkedBooter.java:507)
	at org.apache.maven.surefire.booter.ForkedBooter.main(ForkedBooter.java:495)
12:09:23.029 [main] DEBUG software.amazon.awssdk.auth.credentials.AwsCredentialsProviderChain - Loading credentials from EnvironmentVariableCredentialsProvider()
12:09:23.029 [main] DEBUG software.amazon.awssdk.core.interceptor.ExecutionInterceptorChain - Interceptor 'software.amazon.awssdk.transfer.s3.internal.ApplyUserAgentInterceptor@315f09ef' modified the message with its modifyRequest method.
12:09:23.029 [main] DEBUG software.amazon.awssdk.core.interceptor.ExecutionInterceptorChain - Interceptor 'software.amazon.awssdk.services.s3.endpoints.internal.S3RequestSetEndpointInterceptor@2b7962a2' modified the message with its modifyHttpRequest method.
12:09:23.029 [main] DEBUG software.amazon.awssdk.core.interceptor.ExecutionInterceptorChain - Interceptor 'software.amazon.awssdk.services.s3.internal.handlers.EnableTrailingChecksumInterceptor@5f481b73' modified the message with its modifyHttpRequest method.
12:09:23.029 [main] DEBUG software.amazon.awssdk.request - Sending Request: DefaultSdkHttpFullRequest(httpMethod=GET, protocol=https, host=progettoedids.s3.eu-north-1.amazonaws.com, encodedPath=/cc, headers=[amz-sdk-invocation-id, User-Agent, x-amz-te], queryParameters=[])
12:09:23.029 [main] DEBUG software.amazon.awssdk.core.internal.http.pipeline.stages.SigningStage - Using SelectedAuthScheme: aws.auth#sigv4
12:09:23.029 [main] DEBUG software.amazon.awssdk.http.auth.aws.internal.signer.DefaultV4RequestSigner - AWS4 Canonical Request: GET
/cc

amz-sdk-invocation-id:2893a96e-e2d8-0d5d-73d6-28597d57ef65
amz-sdk-request:attempt=1; max=4
host:progettoedids.s3.eu-north-1.amazonaws.com
x-amz-content-sha256:UNSIGNED-PAYLOAD
x-amz-date:20240630T100923Z
x-amz-te:append-md5

amz-sdk-invocation-id;amz-sdk-request;host;x-amz-content-sha256;x-amz-date;x-amz-te
UNSIGNED-PAYLOAD
12:09:23.029 [main] DEBUG software.amazon.awssdk.http.auth.aws.internal.signer.DefaultV4RequestSigner - AWS4 Canonical Request Hash: 10fa7b8f9196964b69bdd83e4fec3245a6dc8a7983d944bbeb631c187ed06310
12:09:23.029 [main] DEBUG software.amazon.awssdk.http.auth.aws.internal.signer.DefaultV4RequestSigner - AWS4 String to sign: AWS4-HMAC-SHA256
20240630T100923Z
20240630/eu-north-1/s3/aws4_request
10fa7b8f9196964b69bdd83e4fec3245a6dc8a7983d944bbeb631c187ed06310
12:09:23.091 [main] DEBUG software.amazon.awssdk.http.apache.internal.conn.SdkTlsSocketFactory - socket.getSupportedProtocols(): [TLSv1.3, TLSv1.2, TLSv1.1, TLSv1, SSLv3, SSLv2Hello], socket.getEnabledProtocols(): [TLSv1.3, TLSv1.2]
12:09:23.234 [main] DEBUG software.amazon.awssdk.http.apache.internal.net.SdkSslSocket - created: progettoedids.s3.eu-north-1.amazonaws.com/3.5.216.53:443
12:09:23.332 [main] DEBUG software.amazon.awssdk.requestId - Received successful response: 200, Request ID: R0175GRQMGE54742, Extended Request ID: 3iPARJVEqZyMM8xx6qG2urw438xTLSGZA/uviVF5Nt8uQDw51lWZKVHAM4UhKZFlzqoxE2Nxr7/3PHHJSsJ7KdCriDiF5Pvsr3YcLxqCEJU=
12:09:23.332 [main] DEBUG software.amazon.awssdk.request - Received successful response: 200, Request ID: R0175GRQMGE54742, Extended Request ID: 3iPARJVEqZyMM8xx6qG2urw438xTLSGZA/uviVF5Nt8uQDw51lWZKVHAM4UhKZFlzqoxE2Nxr7/3PHHJSsJ7KdCriDiF5Pvsr3YcLxqCEJU=
12:09:23.395 [main] DEBUG software.amazon.awssdk.core.interceptor.ExecutionInterceptorChain - Interceptor 'software.amazon.awssdk.services.s3.internal.handlers.EnableTrailingChecksumInterceptor@5f481b73' modified the message with its modifyResponse method.
]]></system-out>
  </testcase>
  <testcase name="testUploadFailure" classname="com.cloud.CloudUploaderTest" time="0.456">
    <system-out><![CDATA[12:09:23.427 [main] DEBUG software.amazon.awssdk.core.interceptor.ExecutionInterceptorChain - Creating an interceptor chain that will apply interceptors in the following order: [software.amazon.awssdk.core.internal.interceptor.HttpChecksumValidationInterceptor@65383667, software.amazon.awssdk.awscore.interceptor.HelpfulUnknownHostExceptionInterceptor@63cd2cd2, software.amazon.awssdk.awscore.eventstream.EventStreamInitialRequestInterceptor@557a84fe, software.amazon.awssdk.awscore.interceptor.TraceIdExecutionInterceptor@6deee370, software.amazon.awssdk.services.s3.auth.scheme.internal.S3AuthSchemeInterceptor@49c17ba4, software.amazon.awssdk.services.s3.endpoints.internal.S3ResolveEndpointInterceptor@43e065f2, software.amazon.awssdk.services.s3.endpoints.internal.S3RequestSetEndpointInterceptor@423c5404, software.amazon.awssdk.services.s3.internal.handlers.StreamingRequestInterceptor@5853ca50, software.amazon.awssdk.services.s3.internal.handlers.CreateBucketInterceptor@1a0d96a5, software.amazon.awssdk.services.s3.internal.handlers.CreateMultipartUploadRequestInterceptor@5a02bfe3, software.amazon.awssdk.services.s3.internal.handlers.DecodeUrlEncodedResponseInterceptor@7a3e5cd3, software.amazon.awssdk.services.s3.internal.handlers.GetBucketPolicyInterceptor@3c79088e, software.amazon.awssdk.services.s3.internal.handlers.S3ExpressChecksumInterceptor@4a37191a, software.amazon.awssdk.services.s3.internal.handlers.AsyncChecksumValidationInterceptor@5854a18, software.amazon.awssdk.services.s3.internal.handlers.SyncChecksumValidationInterceptor@d5556bf, software.amazon.awssdk.services.s3.internal.handlers.EnableTrailingChecksumInterceptor@791c12e3, software.amazon.awssdk.services.s3.internal.handlers.ExceptionTranslationInterceptor@b112b13, software.amazon.awssdk.services.s3.internal.handlers.GetObjectInterceptor@24eb65e3, software.amazon.awssdk.services.s3.internal.handlers.CopySourceInterceptor@3ac3f6f, software.amazon.awssdk.services.s3.internal.handlers.ObjectMetadataInterceptor@1abebef3, software.amazon.awssdk.transfer.s3.internal.ApplyUserAgentInterceptor@18f55704]
12:09:23.427 [main] DEBUG software.amazon.awssdk.auth.credentials.AwsCredentialsProviderChain - Unable to load credentials from SystemPropertyCredentialsProvider(): Unable to load credentials from system settings. Access key must be specified either via environment variable (AWS_ACCESS_KEY_ID) or system property (aws.accessKeyId).
software.amazon.awssdk.core.exception.SdkClientException: Unable to load credentials from system settings. Access key must be specified either via environment variable (AWS_ACCESS_KEY_ID) or system property (aws.accessKeyId).
	at software.amazon.awssdk.core.exception.SdkClientException$BuilderImpl.build(SdkClientException.java:111)
	at software.amazon.awssdk.auth.credentials.internal.SystemSettingsCredentialsProvider.resolveCredentials(SystemSettingsCredentialsProvider.java:60)
	at software.amazon.awssdk.auth.credentials.AwsCredentialsProvider.resolveIdentity(AwsCredentialsProvider.java:54)
	at software.amazon.awssdk.identity.spi.IdentityProvider.resolveIdentity(IdentityProvider.java:60)
	at software.amazon.awssdk.auth.credentials.AwsCredentialsProviderChain.resolveCredentials(AwsCredentialsProviderChain.java:109)
	at software.amazon.awssdk.auth.credentials.internal.LazyAwsCredentialsProvider.resolveCredentials(LazyAwsCredentialsProvider.java:45)
	at software.amazon.awssdk.auth.credentials.DefaultCredentialsProvider.resolveCredentials(DefaultCredentialsProvider.java:129)
	at software.amazon.awssdk.auth.credentials.AwsCredentialsProvider.resolveIdentity(AwsCredentialsProvider.java:54)
	at software.amazon.awssdk.services.s3.auth.scheme.internal.S3AuthSchemeInterceptor.lambda$trySelectAuthScheme$4(S3AuthSchemeInterceptor.java:162)
	at software.amazon.awssdk.core.internal.util.MetricUtils.reportDuration(MetricUtils.java:77)
	at software.amazon.awssdk.services.s3.auth.scheme.internal.S3AuthSchemeInterceptor.trySelectAuthScheme(S3AuthSchemeInterceptor.java:162)
	at software.amazon.awssdk.services.s3.auth.scheme.internal.S3AuthSchemeInterceptor.selectAuthScheme(S3AuthSchemeInterceptor.java:84)
	at software.amazon.awssdk.services.s3.auth.scheme.internal.S3AuthSchemeInterceptor.beforeExecution(S3AuthSchemeInterceptor.java:64)
	at software.amazon.awssdk.core.interceptor.ExecutionInterceptorChain.lambda$beforeExecution$1(ExecutionInterceptorChain.java:59)
	at java.base/java.util.ArrayList.forEach(ArrayList.java:1597)
	at software.amazon.awssdk.core.interceptor.ExecutionInterceptorChain.beforeExecution(ExecutionInterceptorChain.java:59)
	at software.amazon.awssdk.awscore.internal.AwsExecutionContextBuilder.runInitialInterceptors(AwsExecutionContextBuilder.java:241)
	at software.amazon.awssdk.awscore.internal.AwsExecutionContextBuilder.invokeInterceptorsAndCreateExecutionContext(AwsExecutionContextBuilder.java:132)
	at software.amazon.awssdk.awscore.client.handler.AwsSyncClientHandler.invokeInterceptorsAndCreateExecutionContext(AwsSyncClientHandler.java:67)
	at software.amazon.awssdk.core.internal.handler.BaseSyncClientHandler.lambda$execute$1(BaseSyncClientHandler.java:76)
	at software.amazon.awssdk.core.internal.handler.BaseSyncClientHandler.measureApiCallSuccess(BaseSyncClientHandler.java:182)
	at software.amazon.awssdk.core.internal.handler.BaseSyncClientHandler.execute(BaseSyncClientHandler.java:74)
	at software.amazon.awssdk.core.client.handler.SdkSyncClientHandler.execute(SdkSyncClientHandler.java:45)
	at software.amazon.awssdk.awscore.client.handler.AwsSyncClientHandler.execute(AwsSyncClientHandler.java:53)
	at software.amazon.awssdk.services.s3.DefaultS3Client.putObject(DefaultS3Client.java:10220)
	at com.cloud.CloudUploaderTest$1.upload(CloudUploaderTest.java:80)
	at com.cloud.CloudUploaderTest.testUploadFailure(CloudUploaderTest.java:89)
	at java.base/jdk.internal.reflect.DirectMethodHandleAccessor.invoke(DirectMethodHandleAccessor.java:103)
	at java.base/java.lang.reflect.Method.invoke(Method.java:580)
	at org.junit.platform.commons.util.ReflectionUtils.invokeMethod(ReflectionUtils.java:725)
	at org.junit.jupiter.engine.execution.MethodInvocation.proceed(MethodInvocation.java:60)
	at org.junit.jupiter.engine.execution.InvocationInterceptorChain$ValidatingInvocation.proceed(InvocationInterceptorChain.java:131)
	at org.junit.jupiter.engine.extension.TimeoutExtension.intercept(TimeoutExtension.java:149)
	at org.junit.jupiter.engine.extension.TimeoutExtension.interceptTestableMethod(TimeoutExtension.java:140)
	at org.junit.jupiter.engine.extension.TimeoutExtension.interceptTestMethod(TimeoutExtension.java:84)
	at org.junit.jupiter.engine.execution.ExecutableInvoker$ReflectiveInterceptorCall.lambda$ofVoidMethod$0(ExecutableInvoker.java:115)
	at org.junit.jupiter.engine.execution.ExecutableInvoker.lambda$invoke$0(ExecutableInvoker.java:105)
	at org.junit.jupiter.engine.execution.InvocationInterceptorChain$InterceptedInvocation.proceed(InvocationInterceptorChain.java:106)
	at org.junit.jupiter.engine.execution.InvocationInterceptorChain.proceed(InvocationInterceptorChain.java:64)
	at org.junit.jupiter.engine.execution.InvocationInterceptorChain.chainAndInvoke(InvocationInterceptorChain.java:45)
	at org.junit.jupiter.engine.execution.InvocationInterceptorChain.invoke(InvocationInterceptorChain.java:37)
	at org.junit.jupiter.engine.execution.ExecutableInvoker.invoke(ExecutableInvoker.java:104)
	at org.junit.jupiter.engine.execution.ExecutableInvoker.invoke(ExecutableInvoker.java:98)
	at org.junit.jupiter.engine.descriptor.TestMethodTestDescriptor.lambda$invokeTestMethod$7(TestMethodTestDescriptor.java:214)
	at org.junit.platform.engine.support.hierarchical.ThrowableCollector.execute(ThrowableCollector.java:73)
	at org.junit.jupiter.engine.descriptor.TestMethodTestDescriptor.invokeTestMethod(TestMethodTestDescriptor.java:210)
	at org.junit.jupiter.engine.descriptor.TestMethodTestDescriptor.execute(TestMethodTestDescriptor.java:135)
	at org.junit.jupiter.engine.descriptor.TestMethodTestDescriptor.execute(TestMethodTestDescriptor.java:66)
	at org.junit.platform.engine.support.hierarchical.NodeTestTask.lambda$executeRecursively$6(NodeTestTask.java:151)
	at org.junit.platform.engine.support.hierarchical.ThrowableCollector.execute(ThrowableCollector.java:73)
	at org.junit.platform.engine.support.hierarchical.NodeTestTask.lambda$executeRecursively$8(NodeTestTask.java:141)
	at org.junit.platform.engine.support.hierarchical.Node.around(Node.java:137)
	at org.junit.platform.engine.support.hierarchical.NodeTestTask.lambda$executeRecursively$9(NodeTestTask.java:139)
	at org.junit.platform.engine.support.hierarchical.ThrowableCollector.execute(ThrowableCollector.java:73)
	at org.junit.platform.engine.support.hierarchical.NodeTestTask.executeRecursively(NodeTestTask.java:138)
	at org.junit.platform.engine.support.hierarchical.NodeTestTask.execute(NodeTestTask.java:95)
	at java.base/java.util.ArrayList.forEach(ArrayList.java:1597)
	at org.junit.platform.engine.support.hierarchical.SameThreadHierarchicalTestExecutorService.invokeAll(SameThreadHierarchicalTestExecutorService.java:41)
	at org.junit.platform.engine.support.hierarchical.NodeTestTask.lambda$executeRecursively$6(NodeTestTask.java:155)
	at org.junit.platform.engine.support.hierarchical.ThrowableCollector.execute(ThrowableCollector.java:73)
	at org.junit.platform.engine.support.hierarchical.NodeTestTask.lambda$executeRecursively$8(NodeTestTask.java:141)
	at org.junit.platform.engine.support.hierarchical.Node.around(Node.java:137)
	at org.junit.platform.engine.support.hierarchical.NodeTestTask.lambda$executeRecursively$9(NodeTestTask.java:139)
	at org.junit.platform.engine.support.hierarchical.ThrowableCollector.execute(ThrowableCollector.java:73)
	at org.junit.platform.engine.support.hierarchical.NodeTestTask.executeRecursively(NodeTestTask.java:138)
	at org.junit.platform.engine.support.hierarchical.NodeTestTask.execute(NodeTestTask.java:95)
	at java.base/java.util.ArrayList.forEach(ArrayList.java:1597)
	at org.junit.platform.engine.support.hierarchical.SameThreadHierarchicalTestExecutorService.invokeAll(SameThreadHierarchicalTestExecutorService.java:41)
	at org.junit.platform.engine.support.hierarchical.NodeTestTask.lambda$executeRecursively$6(NodeTestTask.java:155)
	at org.junit.platform.engine.support.hierarchical.ThrowableCollector.execute(ThrowableCollector.java:73)
	at org.junit.platform.engine.support.hierarchical.NodeTestTask.lambda$executeRecursively$8(NodeTestTask.java:141)
	at org.junit.platform.engine.support.hierarchical.Node.around(Node.java:137)
	at org.junit.platform.engine.support.hierarchical.NodeTestTask.lambda$executeRecursively$9(NodeTestTask.java:139)
	at org.junit.platform.engine.support.hierarchical.ThrowableCollector.execute(ThrowableCollector.java:73)
	at org.junit.platform.engine.support.hierarchical.NodeTestTask.executeRecursively(NodeTestTask.java:138)
	at org.junit.platform.engine.support.hierarchical.NodeTestTask.execute(NodeTestTask.java:95)
	at org.junit.platform.engine.support.hierarchical.SameThreadHierarchicalTestExecutorService.submit(SameThreadHierarchicalTestExecutorService.java:35)
	at org.junit.platform.engine.support.hierarchical.HierarchicalTestExecutor.execute(HierarchicalTestExecutor.java:57)
	at org.junit.platform.engine.support.hierarchical.HierarchicalTestEngine.execute(HierarchicalTestEngine.java:54)
	at org.junit.platform.launcher.core.EngineExecutionOrchestrator.execute(EngineExecutionOrchestrator.java:107)
	at org.junit.platform.launcher.core.EngineExecutionOrchestrator.execute(EngineExecutionOrchestrator.java:88)
	at org.junit.platform.launcher.core.EngineExecutionOrchestrator.lambda$execute$0(EngineExecutionOrchestrator.java:54)
	at org.junit.platform.launcher.core.EngineExecutionOrchestrator.withInterceptedStreams(EngineExecutionOrchestrator.java:67)
	at org.junit.platform.launcher.core.EngineExecutionOrchestrator.execute(EngineExecutionOrchestrator.java:52)
	at org.junit.platform.launcher.core.DefaultLauncher.execute(DefaultLauncher.java:114)
	at org.junit.platform.launcher.core.DefaultLauncher.execute(DefaultLauncher.java:86)
	at org.junit.platform.launcher.core.DefaultLauncherSession$DelegatingLauncher.execute(DefaultLauncherSession.java:86)
	at org.apache.maven.surefire.junitplatform.LazyLauncher.execute(LazyLauncher.java:56)
	at org.apache.maven.surefire.junitplatform.JUnitPlatformProvider.execute(JUnitPlatformProvider.java:184)
	at org.apache.maven.surefire.junitplatform.JUnitPlatformProvider.invokeAllTests(JUnitPlatformProvider.java:148)
	at org.apache.maven.surefire.junitplatform.JUnitPlatformProvider.invoke(JUnitPlatformProvider.java:122)
	at org.apache.maven.surefire.booter.ForkedBooter.runSuitesInProcess(ForkedBooter.java:385)
	at org.apache.maven.surefire.booter.ForkedBooter.execute(ForkedBooter.java:162)
	at org.apache.maven.surefire.booter.ForkedBooter.run(ForkedBooter.java:507)
	at org.apache.maven.surefire.booter.ForkedBooter.main(ForkedBooter.java:495)
12:09:23.427 [main] DEBUG software.amazon.awssdk.auth.credentials.AwsCredentialsProviderChain - Loading credentials from EnvironmentVariableCredentialsProvider()
12:09:23.427 [main] DEBUG software.amazon.awssdk.core.interceptor.ExecutionInterceptorChain - Interceptor 'software.amazon.awssdk.transfer.s3.internal.ApplyUserAgentInterceptor@18f55704' modified the message with its modifyRequest method.
12:09:23.427 [main] DEBUG software.amazon.awssdk.core.interceptor.ExecutionInterceptorChain - Interceptor 'software.amazon.awssdk.services.s3.endpoints.internal.S3RequestSetEndpointInterceptor@423c5404' modified the message with its modifyHttpRequest method.
12:09:23.427 [main] DEBUG software.amazon.awssdk.core.interceptor.ExecutionInterceptorChain - Interceptor 'software.amazon.awssdk.services.s3.internal.handlers.StreamingRequestInterceptor@5853ca50' modified the message with its modifyHttpRequest method.
12:09:23.427 [main] DEBUG software.amazon.awssdk.request - Sending Request: DefaultSdkHttpFullRequest(httpMethod=PUT, protocol=https, host=invalid-bucket-name.s3.eu-north-1.amazonaws.com, encodedPath=/cc, headers=[amz-sdk-invocation-id, Content-Length, Content-Type, Expect, User-Agent], queryParameters=[])
12:09:23.427 [main] DEBUG software.amazon.awssdk.core.internal.http.pipeline.stages.SigningStage - Using SelectedAuthScheme: aws.auth#sigv4
12:09:23.427 [main] DEBUG software.amazon.awssdk.http.auth.aws.internal.signer.DefaultV4RequestSigner - AWS4 Canonical Request: PUT
/cc

amz-sdk-invocation-id:65ff4ad1-fbbb-7845-8f92-d951748b5964
amz-sdk-request:attempt=1; max=4
content-length:135
content-type:application/octet-stream
host:invalid-bucket-name.s3.eu-north-1.amazonaws.com
x-amz-content-sha256:UNSIGNED-PAYLOAD
x-amz-date:20240630T100923Z

amz-sdk-invocation-id;amz-sdk-request;content-length;content-type;host;x-amz-content-sha256;x-amz-date
UNSIGNED-PAYLOAD
12:09:23.427 [main] DEBUG software.amazon.awssdk.http.auth.aws.internal.signer.DefaultV4RequestSigner - AWS4 Canonical Request Hash: 6377195d7df9a83f788b16b2ba6a87670a4d3aad1576351e6a6ac6914883e46d
12:09:23.427 [main] DEBUG software.amazon.awssdk.http.auth.aws.internal.signer.DefaultV4RequestSigner - AWS4 String to sign: AWS4-HMAC-SHA256
20240630T100923Z
20240630/eu-north-1/s3/aws4_request
6377195d7df9a83f788b16b2ba6a87670a4d3aad1576351e6a6ac6914883e46d
12:09:23.522 [main] DEBUG software.amazon.awssdk.http.apache.internal.conn.SdkTlsSocketFactory - socket.getSupportedProtocols(): [TLSv1.3, TLSv1.2, TLSv1.1, TLSv1, SSLv3, SSLv2Hello], socket.getEnabledProtocols(): [TLSv1.3, TLSv1.2]
12:09:23.686 [main] DEBUG software.amazon.awssdk.http.apache.internal.net.SdkSslSocket - created: invalid-bucket-name.s3.eu-north-1.amazonaws.com/3.5.216.53:443
12:09:23.875 [main] DEBUG software.amazon.awssdk.requestId - Received failed response: 301, Request ID: ZNRBWY881D2N9CVY, Extended Request ID: S92Sc6GL/HB/l7D84POKpuijYWscGoBYqOMDdzyd3igk6XmuUqkeZgUISLGM7LmXwungzp3WyLAGJrJkJYDdZbI8MEMlpTjp3RWWo2M5/Tg=
12:09:23.875 [main] DEBUG software.amazon.awssdk.request - Received failed response: 301, Request ID: ZNRBWY881D2N9CVY, Extended Request ID: S92Sc6GL/HB/l7D84POKpuijYWscGoBYqOMDdzyd3igk6XmuUqkeZgUISLGM7LmXwungzp3WyLAGJrJkJYDdZbI8MEMlpTjp3RWWo2M5/Tg=
12:09:23.875 [main] DEBUG software.amazon.awssdk.http.apache.internal.net.SdkSslSocket - shutting down output of invalid-bucket-name.s3.eu-north-1.amazonaws.com/3.5.216.53:443
12:09:23.875 [main] DEBUG software.amazon.awssdk.http.apache.internal.net.SdkSslSocket - shutting down input of invalid-bucket-name.s3.eu-north-1.amazonaws.com/3.5.216.53:443
12:09:23.875 [main] DEBUG software.amazon.awssdk.http.apache.internal.net.SdkSslSocket - closing invalid-bucket-name.s3.eu-north-1.amazonaws.com/3.5.216.53:443
]]></system-out>
    <system-err><![CDATA[software.amazon.awssdk.services.s3.model.S3Exception: The bucket you are attempting to access must be addressed using the specified endpoint. Please send all future requests to this endpoint. (Service: S3, Status Code: 301, Request ID: ZNRBWY881D2N9CVY, Extended Request ID: S92Sc6GL/HB/l7D84POKpuijYWscGoBYqOMDdzyd3igk6XmuUqkeZgUISLGM7LmXwungzp3WyLAGJrJkJYDdZbI8MEMlpTjp3RWWo2M5/Tg=)
	at software.amazon.awssdk.protocols.xml.internal.unmarshall.AwsXmlPredicatedResponseHandler.handleErrorResponse(AwsXmlPredicatedResponseHandler.java:156)
	at software.amazon.awssdk.protocols.xml.internal.unmarshall.AwsXmlPredicatedResponseHandler.handleResponse(AwsXmlPredicatedResponseHandler.java:108)
	at software.amazon.awssdk.protocols.xml.internal.unmarshall.AwsXmlPredicatedResponseHandler.handle(AwsXmlPredicatedResponseHandler.java:85)
[...]
	at org.apache.maven.surefire.booter.ForkedBooter.execute(ForkedBooter.java:162)
	at org.apache.maven.surefire.booter.ForkedBooter.run(ForkedBooter.java:507)
	at org.apache.maven.surefire.booter.ForkedBooter.main(ForkedBooter.java:495)
12:09:23.890 [main] DEBUG software.amazon.awssdk.auth.credentials.AwsCredentialsProviderChain - Loading credentials from EnvironmentVariableCredentialsProvider()
12:09:23.890 [main] DEBUG software.amazon.awssdk.core.interceptor.ExecutionInterceptorChain - Interceptor 'software.amazon.awssdk.transfer.s3.internal.ApplyUserAgentInterceptor@5ceecfee' modified the message with its modifyRequest method.
12:09:23.890 [main] DEBUG software.amazon.awssdk.core.interceptor.ExecutionInterceptorChain - Interceptor 'software.amazon.awssdk.services.s3.endpoints.internal.S3RequestSetEndpointInterceptor@3679d92e' modified the message with its modifyHttpRequest method.
12:09:23.890 [main] DEBUG software.amazon.awssdk.core.interceptor.ExecutionInterceptorChain - Interceptor 'software.amazon.awssdk.services.s3.internal.handlers.StreamingRequestInterceptor@47b11ec7' modified the message with its modifyHttpRequest method.
12:09:23.890 [main] DEBUG software.amazon.awssdk.request - Sending Request: DefaultSdkHttpFullRequest(httpMethod=PUT, protocol=https, host=progettoedids.s3.eu-north-1.amazonaws.com, encodedPath=/cc, headers=[amz-sdk-invocation-id, Content-Length, Content-Type, Expect, User-Agent], queryParameters=[])
12:09:23.890 [main] DEBUG software.amazon.awssdk.core.internal.http.pipeline.stages.SigningStage - Using SelectedAuthScheme: aws.auth#sigv4
12:09:23.890 [main] DEBUG software.amazon.awssdk.http.auth.aws.internal.signer.DefaultV4RequestSigner - AWS4 Canonical Request: PUT
/cc

amz-sdk-invocation-id:60c9e978-ac36-a31e-d936-05b614cabf76
amz-sdk-request:attempt=1; max=4
content-length:135
content-type:application/octet-stream
host:progettoedids.s3.eu-north-1.amazonaws.com
x-amz-content-sha256:UNSIGNED-PAYLOAD
x-amz-date:20240630T100923Z

amz-sdk-invocation-id;amz-sdk-request;content-length;content-type;host;x-amz-content-sha256;x-amz-date
UNSIGNED-PAYLOAD
12:09:23.890 [main] DEBUG software.amazon.awssdk.http.auth.aws.internal.signer.DefaultV4RequestSigner - AWS4 Canonical Request Hash: 2dd18ac649ca0a776dc5c1a6b64f4e05fff701b7ada2e89b007dfa11370a1346
12:09:23.890 [main] DEBUG software.amazon.awssdk.http.auth.aws.internal.signer.DefaultV4RequestSigner - AWS4 String to sign: AWS4-HMAC-SHA256
20240630T100923Z
20240630/eu-north-1/s3/aws4_request
2dd18ac649ca0a776dc5c1a6b64f4e05fff701b7ada2e89b007dfa11370a1346
12:09:23.985 [main] DEBUG software.amazon.awssdk.http.apache.internal.conn.SdkTlsSocketFactory - socket.getSupportedProtocols(): [TLSv1.3, TLSv1.2, TLSv1.1, TLSv1, SSLv3, SSLv2Hello], socket.getEnabledProtocols(): [TLSv1.3, TLSv1.2]
12:09:24.079 [main] DEBUG software.amazon.awssdk.http.apache.internal.net.SdkSslSocket - created: progettoedids.s3.eu-north-1.amazonaws.com/3.5.216.53:443
12:09:24.221 [main] DEBUG software.amazon.awssdk.requestId - Received successful response: 200, Request ID: ZNR0WATSM1MQCV4D, Extended Request ID: 1lIBciJb6nu1Sd8Bjjl61zuXs9QpzR87UujsQvB/P9dnmK3TlD677gfYxB+k057D5BXEfoBhlTk4pbh8z/jcrR1yeztOygyYvBOnfk3BDWM=
12:09:24.221 [main] DEBUG software.amazon.awssdk.request - Received successful response: 200, Request ID: ZNR0WATSM1MQCV4D, Extended Request ID: 1lIBciJb6nu1Sd8Bjjl61zuXs9QpzR87UujsQvB/P9dnmK3TlD677gfYxB+k057D5BXEfoBhlTk4pbh8z/jcrR1yeztOygyYvBOnfk3BDWM=
12:09:24.237 [main] DEBUG software.amazon.awssdk.core.interceptor.ExecutionInterceptorChain - Creating an interceptor chain that will apply interceptors in the following order: [software.amazon.awssdk.core.internal.interceptor.HttpChecksumValidationInterceptor@13dbed9e, software.amazon.awssdk.awscore.interceptor.HelpfulUnknownHostExceptionInterceptor@67531e3a, software.amazon.awssdk.awscore.eventstream.EventStreamInitialRequestInterceptor@2b38b1f, software.amazon.awssdk.awscore.interceptor.TraceIdExecutionInterceptor@1d50a7ca, software.amazon.awssdk.services.s3.auth.scheme.internal.S3AuthSchemeInterceptor@51ab1ee3, software.amazon.awssdk.services.s3.endpoints.internal.S3ResolveEndpointInterceptor@2e766822, software.amazon.awssdk.services.s3.endpoints.internal.S3RequestSetEndpointInterceptor@3003e580, software.amazon.awssdk.services.s3.internal.handlers.StreamingRequestInterceptor@28757abd, software.amazon.awssdk.services.s3.internal.handlers.CreateBucketInterceptor@21a02556, software.amazon.awssdk.services.s3.internal.handlers.CreateMultipartUploadRequestInterceptor@3c8a7e38, software.amazon.awssdk.services.s3.internal.handlers.DecodeUrlEncodedResponseInterceptor@138aa3cc, software.amazon.awssdk.services.s3.internal.handlers.GetBucketPolicyInterceptor@10a98392, software.amazon.awssdk.services.s3.internal.handlers.S3ExpressChecksumInterceptor@30839e44, software.amazon.awssdk.services.s3.internal.handlers.AsyncChecksumValidationInterceptor@5f174dd2, software.amazon.awssdk.services.s3.internal.handlers.SyncChecksumValidationInterceptor@1945113f, software.amazon.awssdk.services.s3.internal.handlers.EnableTrailingChecksumInterceptor@45aca496, software.amazon.awssdk.services.s3.internal.handlers.ExceptionTranslationInterceptor@697173d9, software.amazon.awssdk.services.s3.internal.handlers.GetObjectInterceptor@ceddaf8, software.amazon.awssdk.services.s3.internal.handlers.CopySourceInterceptor@3d90eeb3, software.amazon.awssdk.services.s3.internal.handlers.ObjectMetadataInterceptor@1db87583, software.amazon.awssdk.transfer.s3.internal.ApplyUserAgentInterceptor@7fb53256]
12:09:24.237 [main] DEBUG software.amazon.awssdk.auth.credentials.AwsCredentialsProviderChain - Unable to load credentials from SystemPropertyCredentialsProvider(): Unable to load credentials from system settings. Access key must be specified either via environment variable (AWS_ACCESS_KEY_ID) or system property (aws.accessKeyId).
software.amazon.awssdk.core.exception.SdkClientException: Unable to load credentials from system settings. Access key must be specified either via environment variable (AWS_ACCESS_KEY_ID) or system property (aws.accessKeyId).
	at software.amazon.awssdk.core.exception.SdkClientException$BuilderImpl.build(SdkClientException.java:111)
	at software.amazon.awssdk.auth.credentials.internal.SystemSettingsCredentialsProvider.resolveCredentials(SystemSettingsCredentialsProvider.java:60)
	at software.amazon.awssdk.auth.credentials.AwsCredentialsProvider.resolveIdentity(AwsCredentialsProvider.java:54)
	at software.amazon.awssdk.identity.spi.IdentityProvider.resolveIdentity(IdentityProvider.java:60)
	at software.amazon.awssdk.auth.credentials.AwsCredentialsProviderChain.resolveCredentials(AwsCredentialsProviderChain.java:109)
	at software.amazon.awssdk.auth.credentials.internal.LazyAwsCredentialsProvider.resolveCredentials(LazyAwsCredentialsProvider.java:45)
	at software.amazon.awssdk.auth.credentials.DefaultCredentialsProvider.resolveCredentials(DefaultCredentialsProvider.java:129)
	at software.amazon.awssdk.auth.credentials.AwsCredentialsProvider.resolveIdentity(AwsCredentialsProvider.java:54)
	at software.amazon.awssdk.services.s3.auth.scheme.internal.S3AuthSchemeInterceptor.lambda$trySelectAuthScheme$4(S3AuthSchemeInterceptor.java:162)
	at software.amazon.awssdk.core.internal.util.MetricUtils.reportDuration(MetricUtils.java:77)
	at software.amazon.awssdk.services.s3.auth.scheme.internal.S3AuthSchemeInterceptor.trySelectAuthScheme(S3AuthSchemeInterceptor.java:162)
	at software.amazon.awssdk.services.s3.auth.scheme.internal.S3AuthSchemeInterceptor.selectAuthScheme(S3AuthSchemeInterceptor.java:84)
	at software.amazon.awssdk.services.s3.auth.scheme.internal.S3AuthSchemeInterceptor.beforeExecution(S3AuthSchemeInterceptor.java:64)
	at software.amazon.awssdk.core.interceptor.ExecutionInterceptorChain.lambda$beforeExecution$1(ExecutionInterceptorChain.java:59)
	at java.base/java.util.ArrayList.forEach(ArrayList.java:1597)
	at software.amazon.awssdk.core.interceptor.ExecutionInterceptorChain.beforeExecution(ExecutionInterceptorChain.java:59)
	at software.amazon.awssdk.awscore.internal.AwsExecutionContextBuilder.runInitialInterceptors(AwsExecutionContextBuilder.java:241)
	at software.amazon.awssdk.awscore.internal.AwsExecutionContextBuilder.invokeInterceptorsAndCreateExecutionContext(AwsExecutionContextBuilder.java:132)
	at software.amazon.awssdk.awscore.client.handler.AwsSyncClientHandler.invokeInterceptorsAndCreateExecutionContext(AwsSyncClientHandler.java:67)
	at software.amazon.awssdk.core.internal.handler.BaseSyncClientHandler.lambda$execute$0(BaseSyncClientHandler.java:62)
	at software.amazon.awssdk.core.internal.handler.BaseSyncClientHandler.measureApiCallSuccess(BaseSyncClientHandler.java:182)
	at software.amazon.awssdk.core.internal.handler.BaseSyncClientHandler.execute(BaseSyncClientHandler.java:60)
	at software.amazon.awssdk.core.client.handler.SdkSyncClientHandler.execute(SdkSyncClientHandler.java:52)
	at software.amazon.awssdk.awscore.client.handler.AwsSyncClientHandler.execute(AwsSyncClientHandler.java:60)
	at software.amazon.awssdk.services.s3.DefaultS3Client.getObject(DefaultS3Client.java:5203)
	at software.amazon.awssdk.services.s3.S3Client.getObjectAsBytes(S3Client.java:9542)
	at com.cloud.CloudUploader.download(CloudUploader.java:53)
	at com.cloud.CloudUploaderTest.testDownload(CloudUploaderTest.java:61)
	at java.base/jdk.internal.reflect.DirectMethodHandleAccessor.invoke(DirectMethodHandleAccessor.java:103)
	at java.base/java.lang.reflect.Method.invoke(Method.java:580)
	at org.junit.platform.commons.util.ReflectionUtils.invokeMethod(ReflectionUtils.java:725)
	at org.junit.jupiter.engine.execution.MethodInvocation.proceed(MethodInvocation.java:60)
	at org.junit.jupiter.engine.execution.InvocationInterceptorChain$ValidatingInvocation.proceed(InvocationInterceptorChain.java:131)
	at org.junit.jupiter.engine.extension.TimeoutExtension.intercept(TimeoutExtension.java:149)
	at org.junit.jupiter.engine.extension.TimeoutExtension.interceptTestableMethod(TimeoutExtension.java:140)
	at org.junit.jupiter.engine.extension.TimeoutExtension.interceptTestMethod(TimeoutExtension.java:84)
	at org.junit.jupiter.engine.execution.ExecutableInvoker$ReflectiveInterceptorCall.lambda$ofVoidMethod$0(ExecutableInvoker.java:115)
	at org.junit.jupiter.engine.execution.ExecutableInvoker.lambda$invoke$0(ExecutableInvoker.java:105)
	at org.junit.jupiter.engine.execution.InvocationInterceptorChain$InterceptedInvocation.proceed(InvocationInterceptorChain.java:106)
	at org.junit.jupiter.engine.execution.InvocationInterceptorChain.proceed(InvocationInterceptorChain.java:64)
	at org.junit.jupiter.engine.execution.InvocationInterceptorChain.chainAndInvoke(InvocationInterceptorChain.java:45)
	at org.junit.jupiter.engine.execution.InvocationInterceptorChain.invoke(InvocationInterceptorChain.java:37)
	at org.junit.jupiter.engine.execution.ExecutableInvoker.invoke(ExecutableInvoker.java:104)
	at org.junit.jupiter.engine.execution.ExecutableInvoker.invoke(ExecutableInvoker.java:98)
	at org.junit.jupiter.engine.descriptor.TestMethodTestDescriptor.lambda$invokeTestMethod$7(TestMethodTestDescriptor.java:214)
	at org.junit.platform.engine.support.hierarchical.ThrowableCollector.execute(ThrowableCollector.java:73)
	at org.junit.jupiter.engine.descriptor.TestMethodTestDescriptor.invokeTestMethod(TestMethodTestDescriptor.java:210)
	at org.junit.jupiter.engine.descriptor.TestMethodTestDescriptor.execute(TestMethodTestDescriptor.java:135)
	at org.junit.jupiter.engine.descriptor.TestMethodTestDescriptor.execute(TestMethodTestDescriptor.java:66)
	at org.junit.platform.engine.support.hierarchical.NodeTestTask.lambda$executeRecursively$6(NodeTestTask.java:151)
	at org.junit.platform.engine.support.hierarchical.ThrowableCollector.execute(ThrowableCollector.java:73)
	at org.junit.platform.engine.support.hierarchical.NodeTestTask.lambda$executeRecursively$8(NodeTestTask.java:141)
	at org.junit.platform.engine.support.hierarchical.Node.around(Node.java:137)
	at org.junit.platform.engine.support.hierarchical.NodeTestTask.lambda$executeRecursively$9(NodeTestTask.java:139)
	at org.junit.platform.engine.support.hierarchical.ThrowableCollector.execute(ThrowableCollector.java:73)
	at org.junit.platform.engine.support.hierarchical.NodeTestTask.executeRecursively(NodeTestTask.java:138)
	at org.junit.platform.engine.support.hierarchical.NodeTestTask.execute(NodeTestTask.java:95)
	at java.base/java.util.ArrayList.forEach(ArrayList.java:1597)
	at org.junit.platform.engine.support.hierarchical.SameThreadHierarchicalTestExecutorService.invokeAll(SameThreadHierarchicalTestExecutorService.java:41)
	at org.junit.platform.engine.support.hierarchical.NodeTestTask.lambda$executeRecursively$6(NodeTestTask.java:155)
	at org.junit.platform.engine.support.hierarchical.ThrowableCollector.execute(ThrowableCollector.java:73)
	at org.junit.platform.engine.support.hierarchical.NodeTestTask.lambda$executeRecursively$8(NodeTestTask.java:141)
	at org.junit.platform.engine.support.hierarchical.Node.around(Node.java:137)
	at org.junit.platform.engine.support.hierarchical.NodeTestTask.lambda$executeRecursively$9(NodeTestTask.java:139)
	at org.junit.platform.engine.support.hierarchical.ThrowableCollector.execute(ThrowableCollector.java:73)
	at org.junit.platform.engine.support.hierarchical.NodeTestTask.executeRecursively(NodeTestTask.java:138)
	at org.junit.platform.engine.support.hierarchical.NodeTestTask.execute(NodeTestTask.java:95)
	at java.base/java.util.ArrayList.forEach(ArrayList.java:1597)
	at org.junit.platform.engine.support.hierarchical.SameThreadHierarchicalTestExecutorService.invokeAll(SameThreadHierarchicalTestExecutorService.java:41)
	at org.junit.platform.engine.support.hierarchical.NodeTestTask.lambda$executeRecursively$6(NodeTestTask.java:155)
	at org.junit.platform.engine.support.hierarchical.ThrowableCollector.execute(ThrowableCollector.java:73)
	at org.junit.platform.engine.support.hierarchical.NodeTestTask.lambda$executeRecursively$8(NodeTestTask.java:141)
	at org.junit.platform.engine.support.hierarchical.Node.around(Node.java:137)
	at org.junit.platform.engine.support.hierarchical.NodeTestTask.lambda$executeRecursively$9(NodeTestTask.java:139)
	at org.junit.platform.engine.support.hierarchical.ThrowableCollector.execute(ThrowableCollector.java:73)
	at org.junit.platform.engine.support.hierarchical.NodeTestTask.executeRecursively(NodeTestTask.java:138)
	at org.junit.platform.engine.support.hierarchical.NodeTestTask.execute(NodeTestTask.java:95)
	at org.junit.platform.engine.support.hierarchical.SameThreadHierarchicalTestExecutorService.submit(SameThreadHierarchicalTestExecutorService.java:35)
	at org.junit.platform.engine.support.hierarchical.HierarchicalTestExecutor.execute(HierarchicalTestExecutor.java:57)
	at org.junit.platform.engine.support.hierarchical.HierarchicalTestEngine.execute(HierarchicalTestEngine.java:54)
	at org.junit.platform.launcher.core.EngineExecutionOrchestrator.execute(EngineExecutionOrchestrator.java:107)
	at org.junit.platform.launcher.core.EngineExecutionOrchestrator.execute(EngineExecutionOrchestrator.java:88)
	at org.junit.platform.launcher.core.EngineExecutionOrchestrator.lambda$execute$0(EngineExecutionOrchestrator.java:54)
	at org.junit.platform.launcher.core.EngineExecutionOrchestrator.withInterceptedStreams(EngineExecutionOrchestrator.java:67)
	at org.junit.platform.launcher.core.EngineExecutionOrchestrator.execute(EngineExecutionOrchestrator.java:52)
	at org.junit.platform.launcher.core.DefaultLauncher.execute(DefaultLauncher.java:114)
	at org.junit.platform.launcher.core.DefaultLauncher.execute(DefaultLauncher.java:86)
	at org.junit.platform.launcher.core.DefaultLauncherSession$DelegatingLauncher.execute(DefaultLauncherSession.java:86)
	at org.apache.maven.surefire.junitplatform.LazyLauncher.execute(LazyLauncher.java:56)
	at org.apache.maven.surefire.junitplatform.JUnitPlatformProvider.execute(JUnitPlatformProvider.java:184)
	at org.apache.maven.surefire.junitplatform.JUnitPlatformProvider.invokeAllTests(JUnitPlatformProvider.java:148)
	at org.apache.maven.surefire.junitplatform.JUnitPlatformProvider.invoke(JUnitPlatformProvider.java:122)
	at org.apache.maven.surefire.booter.ForkedBooter.runSuitesInProcess(ForkedBooter.java:385)
	at org.apache.maven.surefire.booter.ForkedBooter.execute(ForkedBooter.java:162)
	at org.apache.maven.surefire.booter.ForkedBooter.run(ForkedBooter.java:507)
	at org.apache.maven.surefire.booter.ForkedBooter.main(ForkedBooter.java:495)
12:09:24.237 [main] DEBUG software.amazon.awssdk.auth.credentials.AwsCredentialsProviderChain - Loading credentials from EnvironmentVariableCredentialsProvider()
12:09:24.237 [main] DEBUG software.amazon.awssdk.core.interceptor.ExecutionInterceptorChain - Interceptor 'software.amazon.awssdk.transfer.s3.internal.ApplyUserAgentInterceptor@7fb53256' modified the message with its modifyRequest method.
12:09:24.237 [main] DEBUG software.amazon.awssdk.core.interceptor.ExecutionInterceptorChain - Interceptor 'software.amazon.awssdk.services.s3.endpoints.internal.S3RequestSetEndpointInterceptor@3003e580' modified the message with its modifyHttpRequest method.
12:09:24.237 [main] DEBUG software.amazon.awssdk.core.interceptor.ExecutionInterceptorChain - Interceptor 'software.amazon.awssdk.services.s3.internal.handlers.EnableTrailingChecksumInterceptor@45aca496' modified the message with its modifyHttpRequest method.
12:09:24.237 [main] DEBUG software.amazon.awssdk.request - Sending Request: DefaultSdkHttpFullRequest(httpMethod=GET, protocol=https, host=progettoedids.s3.eu-north-1.amazonaws.com, encodedPath=/cc, headers=[amz-sdk-invocation-id, User-Agent, x-amz-te], queryParameters=[])
12:09:24.237 [main] DEBUG software.amazon.awssdk.core.internal.http.pipeline.stages.SigningStage - Using SelectedAuthScheme: aws.auth#sigv4
12:09:24.237 [main] DEBUG software.amazon.awssdk.http.auth.aws.internal.signer.DefaultV4RequestSigner - AWS4 Canonical Request: GET
/cc

amz-sdk-invocation-id:2be88b5a-660f-c47a-4bf8-d6902a518f72
amz-sdk-request:attempt=1; max=4
host:progettoedids.s3.eu-north-1.amazonaws.com
x-amz-content-sha256:UNSIGNED-PAYLOAD
x-amz-date:20240630T100924Z
x-amz-te:append-md5

amz-sdk-invocation-id;amz-sdk-request;host;x-amz-content-sha256;x-amz-date;x-amz-te
UNSIGNED-PAYLOAD
12:09:24.237 [main] DEBUG software.amazon.awssdk.http.auth.aws.internal.signer.DefaultV4RequestSigner - AWS4 Canonical Request Hash: fd0ecaf1730768cd22051b0230489061b263218f4b0deb061f0247d41da3477d
12:09:24.237 [main] DEBUG software.amazon.awssdk.http.auth.aws.internal.signer.DefaultV4RequestSigner - AWS4 String to sign: AWS4-HMAC-SHA256
20240630T100924Z
20240630/eu-north-1/s3/aws4_request
fd0ecaf1730768cd22051b0230489061b263218f4b0deb061f0247d41da3477d
12:09:24.299 [main] DEBUG software.amazon.awssdk.http.apache.internal.conn.SdkTlsSocketFactory - socket.getSupportedProtocols(): [TLSv1.3, TLSv1.2, TLSv1.1, TLSv1, SSLv3, SSLv2Hello], socket.getEnabledProtocols(): [TLSv1.3, TLSv1.2]
12:09:24.378 [main] DEBUG software.amazon.awssdk.http.apache.internal.net.SdkSslSocket - created: progettoedids.s3.eu-north-1.amazonaws.com/3.5.216.53:443
12:09:24.488 [main] DEBUG software.amazon.awssdk.requestId - Received successful response: 200, Request ID: BWZ7NWZKG056JF6J, Extended Request ID: e0qsPzjMpZeE7ccbjVr57neATiydmJm+xYgulos6uGRJv5oypz5RoVM4zkVhOm6qUWkEhgGm4ekPoA2YVwr8SN2548MRQV/r5+yqhp6r73Y=
12:09:24.488 [main] DEBUG software.amazon.awssdk.request - Received successful response: 200, Request ID: BWZ7NWZKG056JF6J, Extended Request ID: e0qsPzjMpZeE7ccbjVr57neATiydmJm+xYgulos6uGRJv5oypz5RoVM4zkVhOm6qUWkEhgGm4ekPoA2YVwr8SN2548MRQV/r5+yqhp6r73Y=
12:09:24.488 [main] DEBUG software.amazon.awssdk.core.interceptor.ExecutionInterceptorChain - Interceptor 'software.amazon.awssdk.services.s3.internal.handlers.EnableTrailingChecksumInterceptor@45aca496' modified the message with its modifyResponse method.
]]></system-out>
  </testcase>
</testsuite>